desc: --massif-out-file=Performance/massif.256.run3.out
cmd: ./pearson data/256.data output/output_256.txt
time_unit: i
#-----------
snapshot=0
#-----------
time=0
mem_heap_B=0
mem_heap_extra_B=0
mem_stacks_B=0
heap_tree=empty
#-----------
snapshot=1
#-----------
time=3290065
mem_heap_B=91640
mem_heap_extra_B=80
mem_stacks_B=0
heap_tree=empty
#-----------
snapshot=2
#-----------
time=6293136
mem_heap_B=104024
mem_heap_extra_B=128
mem_stacks_B=0
heap_tree=empty
#-----------
snapshot=3
#-----------
time=9115309
mem_heap_B=116440
mem_heap_extra_B=176
mem_stacks_B=0
heap_tree=empty
#-----------
snapshot=4
#-----------
time=13134309
mem_heap_B=133137
mem_heap_extra_B=255
mem_stacks_B=0
heap_tree=empty
#-----------
snapshot=5
#-----------
time=16391497
mem_heap_B=147416
mem_heap_extra_B=296
mem_stacks_B=0
heap_tree=detailed
n6: 147416 (heap allocation functions) malloc/new/new[], --alloc-fns, etc.
 n1: 73728 0x491838E: ??? (in /usr/lib/x86_64-linux-gnu/libstdc++.so.6.0.33)
  n1: 73728 0x400571E: call_init.part.0 (dl-init.c:74)
   n1: 73728 0x4005823: call_init (dl-init.c:120)
    n1: 73728 0x4005823: _dl_init (dl-init.c:121)
     n1: 73728 0x401F59F: ??? (in /usr/lib/x86_64-linux-gnu/ld-linux-x86-64.so.2)
      n1: 73728 0x2: ???
       n1: 73728 0x1FFF00009E: ???
        n1: 73728 0x1FFF0000A8: ???
         n0: 73728 0x1FFF0000B6: ???
 n2: 61440 0x10BF86: Vector::Vector(unsigned int) (vector.cpp:26)
  n3: 59392 0x10BFE9: Vector::Vector(Vector const&) (vector.cpp:36)
   n1: 32768 0x10BC2E: void std::_Construct<Vector, Vector const&>(Vector*, Vector const&) (stl_construct.h:119)
    n1: 32768 0x10D4CA: Vector* std::__do_uninit_copy<Vector const*, Vector*>(Vector const*, Vector const*, Vector*) (stl_uninitialized.h:120)
     n1: 32768 0x10D487: Vector* std::__uninitialized_copy<false>::__uninit_copy<Vector const*, Vector*>(Vector const*, Vector const*, Vector*) (stl_uninitialized.h:137)
      n1: 32768 0x10D427: Vector* std::uninitialized_copy<Vector const*, Vector*>(Vector const*, Vector const*, Vector*) (stl_uninitialized.h:185)
       n1: 32768 0x10D36D: Vector* std::__uninitialized_copy_a<Vector const*, Vector*, Vector>(Vector const*, Vector const*, Vector*, std::allocator<Vector>&) (stl_uninitialized.h:373)
        n1: 32768 0x10D294: Vector* std::__uninitialized_move_if_noexcept_a<Vector*, Vector*, std::allocator<Vector> >(Vector*, Vector*, Vector*, std::allocator<Vector>&) (stl_uninitialized.h:399)
         n1: 32768 0x10CDC4: void std::vector<Vector, std::allocator<Vector> >::_M_realloc_insert<Vector const&>(__gnu_cxx::__normal_iterator<Vector*, std::vector<Vector, std::allocator<Vector> > >, Vector const&) (vector.tcc:493)
          n1: 32768 0x10CA18: std::vector<Vector, std::allocator<Vector> >::push_back(Vector const&) (stl_vector.h:1292)
           n1: 32768 0x10C4BA: Dataset::read(std::__cxx11::basic_string<char, std::char_traits<char>, std::allocator<char> >) (dataset.cpp:43)
            n0: 32768 0x10A7E3: main (pearson.cpp:17)
   n1: 24576 0x10C9BC: construct<Vector, const Vector&> (new_allocator.h:191)
    n1: 24576 0x10C9BC: construct<Vector, const Vector&> (alloc_traits.h:538)
     n1: 24576 0x10C9BC: std::vector<Vector, std::allocator<Vector> >::push_back(Vector const&) (stl_vector.h:1286)
      n1: 24576 0x10C4BA: Dataset::read(std::__cxx11::basic_string<char, std::char_traits<char>, std::allocator<char> >) (dataset.cpp:43)
       n0: 24576 0x10A7E3: main (pearson.cpp:17)
   n1: 2048 0x10CD7A: construct<Vector, const Vector&> (new_allocator.h:191)
    n1: 2048 0x10CD7A: construct<Vector, const Vector&> (alloc_traits.h:538)
     n1: 2048 0x10CD7A: void std::vector<Vector, std::allocator<Vector> >::_M_realloc_insert<Vector const&>(__gnu_cxx::__normal_iterator<Vector*, std::vector<Vector, std::allocator<Vector> > >, Vector const&) (vector.tcc:468)
      n1: 2048 0x10CA18: std::vector<Vector, std::allocator<Vector> >::push_back(Vector const&) (stl_vector.h:1292)
       n1: 2048 0x10C4BA: Dataset::read(std::__cxx11::basic_string<char, std::char_traits<char>, std::allocator<char> >) (dataset.cpp:43)
        n0: 2048 0x10A7E3: main (pearson.cpp:17)
  n1: 2048 0x10C45C: Dataset::read(std::__cxx11::basic_string<char, std::char_traits<char>, std::allocator<char> >) (dataset.cpp:39)
   n0: 2048 0x10A7E3: main (pearson.cpp:17)
 n1: 8192 0x498BBC3: std::basic_filebuf<char, std::char_traits<char> >::_M_allocate_internal_buffer() (in /usr/lib/x86_64-linux-gnu/libstdc++.so.6.0.33)
  n1: 8192 0x498FF46: std::basic_filebuf<char, std::char_traits<char> >::open(char const*, std::_Ios_Openmode) (in /usr/lib/x86_64-linux-gnu/libstdc++.so.6.0.33)
   n1: 8192 0x499000E: std::basic_ifstream<char, std::char_traits<char> >::open(std::__cxx11::basic_string<char, std::char_traits<char>, std::allocator<char> > const&, std::_Ios_Openmode) (in /usr/lib/x86_64-linux-gnu/libstdc++.so.6.0.33)
    n1: 8192 0x10C377: Dataset::read(std::__cxx11::basic_string<char, std::char_traits<char>, std::allocator<char> >) (dataset.cpp:23)
     n0: 8192 0x10A7E3: main (pearson.cpp:17)
 n1: 1536 0x49C2CA2: std::__cxx11::basic_stringstream<char, std::char_traits<char>, std::allocator<char> >::basic_stringstream(std::__cxx11::basic_string<char, std::char_traits<char>, std::allocator<char> > const&, std::_Ios_Openmode) (in /usr/lib/x86_64-linux-gnu/libstdc++.so.6.0.33)
  n1: 1536 0x10C445: Dataset::read(std::__cxx11::basic_string<char, std::char_traits<char>, std::allocator<char> >) (dataset.cpp:38)
   n0: 1536 0x10A7E3: main (pearson.cpp:17)
 n1: 1536 0x49C970E: std::__cxx11::basic_string<char, std::char_traits<char>, std::allocator<char> >::_M_mutate(unsigned long, unsigned long, char const*, unsigned long) (in /usr/lib/x86_64-linux-gnu/libstdc++.so.6.0.33)
  n1: 1536 0x49CB04F: std::__cxx11::basic_string<char, std::char_traits<char>, std::allocator<char> >::_M_append(char const*, unsigned long) (in /usr/lib/x86_64-linux-gnu/libstdc++.so.6.0.33)
   n1: 1536 0x493726B: std::basic_istream<char, std::char_traits<char> >& std::getline<char, std::char_traits<char>, std::allocator<char> >(std::basic_istream<char, std::char_traits<char> >&, std::__cxx11::basic_string<char, std::char_traits<char>, std::allocator<char> >&, char) (in /usr/lib/x86_64-linux-gnu/libstdc++.so.6.0.33)
    n1: 1536 0x10C4F1: Dataset::read(std::__cxx11::basic_string<char, std::char_traits<char>, std::allocator<char> >) (dataset.cpp:36)
     n0: 1536 0x10A7E3: main (pearson.cpp:17)
 n0: 984 in 3 places, all below massif's threshold (1.00%)
#-----------
snapshot=6
#-----------
time=19382407
mem_heap_B=160216
mem_heap_extra_B=344
mem_stacks_B=0
heap_tree=empty
#-----------
snapshot=7
#-----------
time=22862880
mem_heap_B=174552
mem_heap_extra_B=400
mem_stacks_B=0
heap_tree=empty
#-----------
snapshot=8
#-----------
time=24721120
mem_heap_B=182744
mem_heap_extra_B=432
mem_stacks_B=0
heap_tree=empty
#-----------
snapshot=9
#-----------
time=28169801
mem_heap_B=197080
mem_heap_extra_B=488
mem_stacks_B=0
heap_tree=empty
#-----------
snapshot=10
#-----------
time=31349721
mem_heap_B=209425
mem_heap_extra_B=551
mem_stacks_B=0
heap_tree=empty
#-----------
snapshot=11
#-----------
time=34214107
mem_heap_B=354776
mem_heap_extra_B=1104
mem_stacks_B=0
heap_tree=detailed
n4: 354776 (heap allocation functions) malloc/new/new[], --alloc-fns, etc.
 n2: 266240 0x10BF86: Vector::Vector(unsigned int) (vector.cpp:26)
  n3: 264192 0x10BFE9: Vector::Vector(Vector const&) (vector.cpp:36)
   n1: 196608 0x10BC2E: void std::_Construct<Vector, Vector const&>(Vector*, Vector const&) (stl_construct.h:119)
    n1: 196608 0x10D4CA: Vector* std::__do_uninit_copy<Vector const*, Vector*>(Vector const*, Vector const*, Vector*) (stl_uninitialized.h:120)
     n1: 196608 0x10D487: Vector* std::__uninitialized_copy<false>::__uninit_copy<Vector const*, Vector*>(Vector const*, Vector const*, Vector*) (stl_uninitialized.h:137)
      n1: 196608 0x10D427: Vector* std::uninitialized_copy<Vector const*, Vector*>(Vector const*, Vector const*, Vector*) (stl_uninitialized.h:185)
       n1: 196608 0x10D36D: Vector* std::__uninitialized_copy_a<Vector const*, Vector*, Vector>(Vector const*, Vector const*, Vector*, std::allocator<Vector>&) (stl_uninitialized.h:373)
        n1: 196608 0x10D294: Vector* std::__uninitialized_move_if_noexcept_a<Vector*, Vector*, std::allocator<Vector> >(Vector*, Vector*, Vector*, std::allocator<Vector>&) (stl_uninitialized.h:399)
         n1: 196608 0x10CDC4: void std::vector<Vector, std::allocator<Vector> >::_M_realloc_insert<Vector const&>(__gnu_cxx::__normal_iterator<Vector*, std::vector<Vector, std::allocator<Vector> > >, Vector const&) (vector.tcc:493)
          n1: 196608 0x10CA18: std::vector<Vector, std::allocator<Vector> >::push_back(Vector const&) (stl_vector.h:1292)
           n1: 196608 0x10C4BA: Dataset::read(std::__cxx11::basic_string<char, std::char_traits<char>, std::allocator<char> >) (dataset.cpp:43)
            n0: 196608 0x10A7E3: main (pearson.cpp:17)
   n1: 63488 0x10C9BC: construct<Vector, const Vector&> (new_allocator.h:191)
    n1: 63488 0x10C9BC: construct<Vector, const Vector&> (alloc_traits.h:538)
     n1: 63488 0x10C9BC: std::vector<Vector, std::allocator<Vector> >::push_back(Vector const&) (stl_vector.h:1286)
      n1: 63488 0x10C4BA: Dataset::read(std::__cxx11::basic_string<char, std::char_traits<char>, std::allocator<char> >) (dataset.cpp:43)
       n0: 63488 0x10A7E3: main (pearson.cpp:17)
   n1: 4096 0x10CD7A: construct<Vector, const Vector&> (new_allocator.h:191)
    n1: 4096 0x10CD7A: construct<Vector, const Vector&> (alloc_traits.h:538)
     n1: 4096 0x10CD7A: void std::vector<Vector, std::allocator<Vector> >::_M_realloc_insert<Vector const&>(__gnu_cxx::__normal_iterator<Vector*, std::vector<Vector, std::allocator<Vector> > >, Vector const&) (vector.tcc:468)
      n1: 4096 0x10CA18: std::vector<Vector, std::allocator<Vector> >::push_back(Vector const&) (stl_vector.h:1292)
       n1: 4096 0x10C4BA: Dataset::read(std::__cxx11::basic_string<char, std::char_traits<char>, std::allocator<char> >) (dataset.cpp:43)
        n0: 4096 0x10A7E3: main (pearson.cpp:17)
  n0: 2048 in 1 place, below massif's threshold (1.00%)
 n1: 73728 0x491838E: ??? (in /usr/lib/x86_64-linux-gnu/libstdc++.so.6.0.33)
  n1: 73728 0x400571E: call_init.part.0 (dl-init.c:74)
   n1: 73728 0x4005823: call_init (dl-init.c:120)
    n1: 73728 0x4005823: _dl_init (dl-init.c:121)
     n1: 73728 0x401F59F: ??? (in /usr/lib/x86_64-linux-gnu/ld-linux-x86-64.so.2)
      n1: 73728 0x2: ???
       n1: 73728 0x1FFF00009E: ???
        n1: 73728 0x1FFF0000A8: ???
         n0: 73728 0x1FFF0000B6: ???
 n1: 8192 0x498BBC3: std::basic_filebuf<char, std::char_traits<char> >::_M_allocate_internal_buffer() (in /usr/lib/x86_64-linux-gnu/libstdc++.so.6.0.33)
  n1: 8192 0x498FF46: std::basic_filebuf<char, std::char_traits<char> >::open(char const*, std::_Ios_Openmode) (in /usr/lib/x86_64-linux-gnu/libstdc++.so.6.0.33)
   n1: 8192 0x499000E: std::basic_ifstream<char, std::char_traits<char> >::open(std::__cxx11::basic_string<char, std::char_traits<char>, std::allocator<char> > const&, std::_Ios_Openmode) (in /usr/lib/x86_64-linux-gnu/libstdc++.so.6.0.33)
    n1: 8192 0x10C377: Dataset::read(std::__cxx11::basic_string<char, std::char_traits<char>, std::allocator<char> >) (dataset.cpp:23)
     n0: 8192 0x10A7E3: main (pearson.cpp:17)
 n0: 6616 in 5 places, all below massif's threshold (1.00%)
#-----------
snapshot=12
#-----------
time=36075500
mem_heap_B=228824
mem_heap_extra_B=608
mem_stacks_B=0
heap_tree=empty
#-----------
snapshot=13
#-----------
time=38475723
mem_heap_B=239064
mem_heap_extra_B=648
mem_stacks_B=0
heap_tree=empty
#-----------
snapshot=14
#-----------
time=41142280
mem_heap_B=251352
mem_heap_extra_B=696
mem_stacks_B=0
heap_tree=empty
#-----------
snapshot=15
#-----------
time=43806634
mem_heap_B=261592
mem_heap_extra_B=736
mem_stacks_B=0
heap_tree=empty
#-----------
snapshot=16
#-----------
time=45405345
mem_heap_B=269784
mem_heap_extra_B=768
mem_stacks_B=0
heap_tree=empty
#-----------
snapshot=17
#-----------
time=48605072
mem_heap_B=282129
mem_heap_extra_B=831
mem_stacks_B=0
heap_tree=empty
#-----------
snapshot=18
#-----------
time=51261849
mem_heap_B=294360
mem_heap_extra_B=864
mem_stacks_B=0
heap_tree=empty
#-----------
snapshot=19
#-----------
time=53385307
mem_heap_B=302609
mem_heap_extra_B=911
mem_stacks_B=0
heap_tree=empty
#-----------
snapshot=20
#-----------
time=56042076
mem_heap_B=314840
mem_heap_extra_B=944
mem_stacks_B=0
heap_tree=empty
#-----------
snapshot=21
#-----------
time=60291010
mem_heap_B=331224
mem_heap_extra_B=1008
mem_stacks_B=0
heap_tree=empty
#-----------
snapshot=22
#-----------
time=62948184
mem_heap_B=343512
mem_heap_extra_B=1056
mem_stacks_B=0
heap_tree=empty
#-----------
snapshot=23
#-----------
time=65897062
mem_heap_B=619992
mem_heap_extra_B=2128
mem_stacks_B=0
heap_tree=detailed
n4: 619992 (heap allocation functions) malloc/new/new[], --alloc-fns, etc.
 n2: 528384 0x10BF86: Vector::Vector(unsigned int) (vector.cpp:26)
  n3: 526336 0x10BFE9: Vector::Vector(Vector const&) (vector.cpp:36)
   n1: 393216 0x10BC2E: void std::_Construct<Vector, Vector const&>(Vector*, Vector const&) (stl_construct.h:119)
    n1: 393216 0x10D4CA: Vector* std::__do_uninit_copy<Vector const*, Vector*>(Vector const*, Vector const*, Vector*) (stl_uninitialized.h:120)
     n1: 393216 0x10D487: Vector* std::__uninitialized_copy<false>::__uninit_copy<Vector const*, Vector*>(Vector const*, Vector const*, Vector*) (stl_uninitialized.h:137)
      n1: 393216 0x10D427: Vector* std::uninitialized_copy<Vector const*, Vector*>(Vector const*, Vector const*, Vector*) (stl_uninitialized.h:185)
       n1: 393216 0x10D36D: Vector* std::__uninitialized_copy_a<Vector const*, Vector*, Vector>(Vector const*, Vector const*, Vector*, std::allocator<Vector>&) (stl_uninitialized.h:373)
        n1: 393216 0x10D294: Vector* std::__uninitialized_move_if_noexcept_a<Vector*, Vector*, std::allocator<Vector> >(Vector*, Vector*, Vector*, std::allocator<Vector>&) (stl_uninitialized.h:399)
         n1: 393216 0x10CDC4: void std::vector<Vector, std::allocator<Vector> >::_M_realloc_insert<Vector const&>(__gnu_cxx::__normal_iterator<Vector*, std::vector<Vector, std::allocator<Vector> > >, Vector const&) (vector.tcc:493)
          n1: 393216 0x10CA18: std::vector<Vector, std::allocator<Vector> >::push_back(Vector const&) (stl_vector.h:1292)
           n1: 393216 0x10C4BA: Dataset::read(std::__cxx11::basic_string<char, std::char_traits<char>, std::allocator<char> >) (dataset.cpp:43)
            n0: 393216 0x10A7E3: main (pearson.cpp:17)
   n1: 129024 0x10C9BC: construct<Vector, const Vector&> (new_allocator.h:191)
    n1: 129024 0x10C9BC: construct<Vector, const Vector&> (alloc_traits.h:538)
     n1: 129024 0x10C9BC: std::vector<Vector, std::allocator<Vector> >::push_back(Vector const&) (stl_vector.h:1286)
      n1: 129024 0x10C4BA: Dataset::read(std::__cxx11::basic_string<char, std::char_traits<char>, std::allocator<char> >) (dataset.cpp:43)
       n0: 129024 0x10A7E3: main (pearson.cpp:17)
   n0: 4096 in 1 place, below massif's threshold (1.00%)
  n0: 2048 in 1 place, below massif's threshold (1.00%)
 n1: 73728 0x491838E: ??? (in /usr/lib/x86_64-linux-gnu/libstdc++.so.6.0.33)
  n1: 73728 0x400571E: call_init.part.0 (dl-init.c:74)
   n1: 73728 0x4005823: call_init (dl-init.c:120)
    n1: 73728 0x4005823: _dl_init (dl-init.c:121)
     n1: 73728 0x401F59F: ??? (in /usr/lib/x86_64-linux-gnu/ld-linux-x86-64.so.2)
      n1: 73728 0x2: ???
       n1: 73728 0x1FFF00009E: ???
        n1: 73728 0x1FFF0000A8: ???
         n0: 73728 0x1FFF0000B6: ???
 n0: 9688 in 5 places, all below massif's threshold (1.00%)
 n1: 8192 0x498BBC3: std::basic_filebuf<char, std::char_traits<char> >::_M_allocate_internal_buffer() (in /usr/lib/x86_64-linux-gnu/libstdc++.so.6.0.33)
  n1: 8192 0x498FF46: std::basic_filebuf<char, std::char_traits<char> >::open(char const*, std::_Ios_Openmode) (in /usr/lib/x86_64-linux-gnu/libstdc++.so.6.0.33)
   n1: 8192 0x499000E: std::basic_ifstream<char, std::char_traits<char> >::open(std::__cxx11::basic_string<char, std::char_traits<char>, std::allocator<char> > const&, std::_Ios_Openmode) (in /usr/lib/x86_64-linux-gnu/libstdc++.so.6.0.33)
    n1: 8192 0x10C377: Dataset::read(std::__cxx11::basic_string<char, std::char_traits<char>, std::allocator<char> >) (dataset.cpp:23)
     n0: 8192 0x10A7E3: main (pearson.cpp:17)
#-----------
snapshot=24
#-----------
time=69083611
mem_heap_B=368145
mem_heap_extra_B=1159
mem_stacks_B=0
heap_tree=empty
#-----------
snapshot=25
#-----------
time=71741308
mem_heap_B=380376
mem_heap_extra_B=1192
mem_stacks_B=0
heap_tree=empty
#-----------
snapshot=26
#-----------
time=74930181
mem_heap_B=392664
mem_heap_extra_B=1240
mem_stacks_B=0
heap_tree=empty
#-----------
snapshot=27
#-----------
time=77057083
mem_heap_B=402904
mem_heap_extra_B=1280
mem_stacks_B=0
heap_tree=empty
#-----------
snapshot=28
#-----------
time=79182964
mem_heap_B=411096
mem_heap_extra_B=1312
mem_stacks_B=0
heap_tree=empty
#-----------
snapshot=29
#-----------
time=81309762
mem_heap_B=419288
mem_heap_extra_B=1344
mem_stacks_B=0
heap_tree=empty
#-----------
snapshot=30
#-----------
time=84499195
mem_heap_B=433624
mem_heap_extra_B=1400
mem_stacks_B=0
heap_tree=empty
#-----------
snapshot=31
#-----------
time=86625997
mem_heap_B=441816
mem_heap_extra_B=1432
mem_stacks_B=0
heap_tree=empty
#-----------
snapshot=32
#-----------
time=89815664
mem_heap_B=456152
mem_heap_extra_B=1488
mem_stacks_B=0
heap_tree=empty
#-----------
snapshot=33
#-----------
time=91941606
mem_heap_B=464344
mem_heap_extra_B=1520
mem_stacks_B=0
heap_tree=empty
#-----------
snapshot=34
#-----------
time=94068307
mem_heap_B=474584
mem_heap_extra_B=1560
mem_stacks_B=0
heap_tree=empty
#-----------
snapshot=35
#-----------
time=97258057
mem_heap_B=486872
mem_heap_extra_B=1608
mem_stacks_B=0
heap_tree=empty
#-----------
snapshot=36
#-----------
time=100446840
mem_heap_B=501208
mem_heap_extra_B=1664
mem_stacks_B=0
heap_tree=empty
#-----------
snapshot=37
#-----------
time=102573343
mem_heap_B=509457
mem_heap_extra_B=1727
mem_stacks_B=0
heap_tree=empty
#-----------
snapshot=38
#-----------
time=104699482
mem_heap_B=519640
mem_heap_extra_B=1736
mem_stacks_B=0
heap_tree=empty
#-----------
snapshot=39
#-----------
time=106826087
mem_heap_B=527832
mem_heap_extra_B=1768
mem_stacks_B=0
heap_tree=empty
#-----------
snapshot=40
#-----------
time=108952596
mem_heap_B=536024
mem_heap_extra_B=1800
mem_stacks_B=0
heap_tree=empty
#-----------
snapshot=41
#-----------
time=111080462
mem_heap_B=546264
mem_heap_extra_B=1840
mem_stacks_B=0
heap_tree=empty
#-----------
snapshot=42
#-----------
time=113206832
mem_heap_B=554513
mem_heap_extra_B=1903
mem_stacks_B=0
heap_tree=empty
#-----------
snapshot=43
#-----------
time=115334681
mem_heap_B=564696
mem_heap_extra_B=1912
mem_stacks_B=0
heap_tree=empty
#-----------
snapshot=44
#-----------
time=117461015
mem_heap_B=572945
mem_heap_extra_B=1975
mem_stacks_B=0
heap_tree=empty
#-----------
snapshot=45
#-----------
time=119588267
mem_heap_B=581080
mem_heap_extra_B=1976
mem_stacks_B=0
heap_tree=empty
#-----------
snapshot=46
#-----------
time=121714797
mem_heap_B=591320
mem_heap_extra_B=2016
mem_stacks_B=0
heap_tree=empty
#-----------
snapshot=47
#-----------
time=123841316
mem_heap_B=599512
mem_heap_extra_B=2048
mem_stacks_B=0
heap_tree=empty
#-----------
snapshot=48
#-----------
time=125966840
mem_heap_B=607704
mem_heap_extra_B=2080
mem_stacks_B=0
heap_tree=empty
#-----------
snapshot=49
#-----------
time=128093294
mem_heap_B=864256
mem_heap_extra_B=3080
mem_stacks_B=0
heap_tree=empty
#-----------
snapshot=50
#-----------
time=128812160
mem_heap_B=1130520
mem_heap_extra_B=4160
mem_stacks_B=0
heap_tree=detailed
n3: 1130520 (heap allocation functions) malloc/new/new[], --alloc-fns, etc.
 n2: 1048576 0x10BF86: Vector::Vector(unsigned int) (vector.cpp:26)
  n3: 1048576 0x10BFE9: Vector::Vector(Vector const&) (vector.cpp:36)
   n2: 786432 0x10BC2E: void std::_Construct<Vector, Vector const&>(Vector*, Vector const&) (stl_construct.h:119)
    n1: 524288 0x10BA0B: Vector* std::__do_uninit_copy<__gnu_cxx::__normal_iterator<Vector const*, std::vector<Vector, std::allocator<Vector> > >, Vector*>(__gnu_cxx::__normal_iterator<Vector const*, std::vector<Vector, std::allocator<Vector> > >, __gnu_cxx::__normal_iterator<Vector const*, std::vector<Vector, std::allocator<Vector> > >, Vector*) (stl_uninitialized.h:120)
     n1: 524288 0x10B897: Vector* std::__uninitialized_copy<false>::__uninit_copy<__gnu_cxx::__normal_iterator<Vector const*, std::vector<Vector, std::allocator<Vector> > >, Vector*>(__gnu_cxx::__normal_iterator<Vector const*, std::vector<Vector, std::allocator<Vector> > >, __gnu_cxx::__normal_iterator<Vector const*, std::vector<Vector, std::allocator<Vector> > >, Vector*) (stl_uninitialized.h:137)
      n1: 524288 0x10B623: Vector* std::uninitialized_copy<__gnu_cxx::__normal_iterator<Vector const*, std::vector<Vector, std::allocator<Vector> > >, Vector*>(__gnu_cxx::__normal_iterator<Vector const*, std::vector<Vector, std::allocator<Vector> > >, __gnu_cxx::__normal_iterator<Vector const*, std::vector<Vector, std::allocator<Vector> > >, Vector*) (stl_uninitialized.h:185)
       n1: 524288 0x10B29E: Vector* std::__uninitialized_copy_a<__gnu_cxx::__normal_iterator<Vector const*, std::vector<Vector, std::allocator<Vector> > >, Vector*, Vector>(__gnu_cxx::__normal_iterator<Vector const*, std::vector<Vector, std::allocator<Vector> > >, __gnu_cxx::__normal_iterator<Vector const*, std::vector<Vector, std::allocator<Vector> > >, Vector*, std::allocator<Vector>&) (stl_uninitialized.h:373)
        n1: 524288 0x10ACB7: std::vector<Vector, std::allocator<Vector> >::vector(std::vector<Vector, std::allocator<Vector> > const&) (stl_vector.h:606)
         n0: 524288 0x10A812: main (pearson.cpp:18)
    n1: 262144 0x10D4CA: Vector* std::__do_uninit_copy<Vector const*, Vector*>(Vector const*, Vector const*, Vector*) (stl_uninitialized.h:120)
     n1: 262144 0x10D487: Vector* std::__uninitialized_copy<false>::__uninit_copy<Vector const*, Vector*>(Vector const*, Vector const*, Vector*) (stl_uninitialized.h:137)
      n1: 262144 0x10D427: Vector* std::uninitialized_copy<Vector const*, Vector*>(Vector const*, Vector const*, Vector*) (stl_uninitialized.h:185)
       n1: 262144 0x10D36D: Vector* std::__uninitialized_copy_a<Vector const*, Vector*, Vector>(Vector const*, Vector const*, Vector*, std::allocator<Vector>&) (stl_uninitialized.h:373)
        n1: 262144 0x10D294: Vector* std::__uninitialized_move_if_noexcept_a<Vector*, Vector*, std::allocator<Vector> >(Vector*, Vector*, Vector*, std::allocator<Vector>&) (stl_uninitialized.h:399)
         n1: 262144 0x10CDC4: void std::vector<Vector, std::allocator<Vector> >::_M_realloc_insert<Vector const&>(__gnu_cxx::__normal_iterator<Vector*, std::vector<Vector, std::allocator<Vector> > >, Vector const&) (vector.tcc:493)
          n1: 262144 0x10CA18: std::vector<Vector, std::allocator<Vector> >::push_back(Vector const&) (stl_vector.h:1292)
           n1: 262144 0x10C4BA: Dataset::read(std::__cxx11::basic_string<char, std::char_traits<char>, std::allocator<char> >) (dataset.cpp:43)
            n0: 262144 0x10A7E3: main (pearson.cpp:17)
   n1: 260096 0x10C9BC: construct<Vector, const Vector&> (new_allocator.h:191)
    n1: 260096 0x10C9BC: construct<Vector, const Vector&> (alloc_traits.h:538)
     n1: 260096 0x10C9BC: std::vector<Vector, std::allocator<Vector> >::push_back(Vector const&) (stl_vector.h:1286)
      n1: 260096 0x10C4BA: Dataset::read(std::__cxx11::basic_string<char, std::char_traits<char>, std::allocator<char> >) (dataset.cpp:43)
       n0: 260096 0x10A7E3: main (pearson.cpp:17)
   n0: 2048 in 1 place, below massif's threshold (1.00%)
  n0: 0 in 1 place, below massif's threshold (1.00%)
 n1: 73728 0x491838E: ??? (in /usr/lib/x86_64-linux-gnu/libstdc++.so.6.0.33)
  n1: 73728 0x400571E: call_init.part.0 (dl-init.c:74)
   n1: 73728 0x4005823: call_init (dl-init.c:120)
    n1: 73728 0x4005823: _dl_init (dl-init.c:121)
     n1: 73728 0x401F59F: ??? (in /usr/lib/x86_64-linux-gnu/ld-linux-x86-64.so.2)
      n1: 73728 0x2: ???
       n1: 73728 0x1FFF00009E: ???
        n1: 73728 0x1FFF0000A8: ???
         n0: 73728 0x1FFF0000B6: ???
 n0: 8216 in 7 places, all below massif's threshold (1.00%)
#-----------
snapshot=51
#-----------
time=131313011
mem_heap_B=1136640
mem_heap_extra_B=4136
mem_stacks_B=0
heap_tree=empty
#-----------
snapshot=52
#-----------
time=133818064
mem_heap_B=1142784
mem_heap_extra_B=4136
mem_stacks_B=0
heap_tree=empty
#-----------
snapshot=53
#-----------
time=133818886
mem_heap_B=1142784
mem_heap_extra_B=4136
mem_stacks_B=0
heap_tree=detailed
n4: 1142784 (heap allocation functions) malloc/new/new[], --alloc-fns, etc.
 n2: 1048576 0x10BF86: Vector::Vector(unsigned int) (vector.cpp:26)
  n3: 1048576 0x10BFE9: Vector::Vector(Vector const&) (vector.cpp:36)
   n2: 786432 0x10BC2E: void std::_Construct<Vector, Vector const&>(Vector*, Vector const&) (stl_construct.h:119)
    n1: 524288 0x10BA0B: Vector* std::__do_uninit_copy<__gnu_cxx::__normal_iterator<Vector const*, std::vector<Vector, std::allocator<Vector> > >, Vector*>(__gnu_cxx::__normal_iterator<Vector const*, std::vector<Vector, std::allocator<Vector> > >, __gnu_cxx::__normal_iterator<Vector const*, std::vector<Vector, std::allocator<Vector> > >, Vector*) (stl_uninitialized.h:120)
     n1: 524288 0x10B897: Vector* std::__uninitialized_copy<false>::__uninit_copy<__gnu_cxx::__normal_iterator<Vector const*, std::vector<Vector, std::allocator<Vector> > >, Vector*>(__gnu_cxx::__normal_iterator<Vector const*, std::vector<Vector, std::allocator<Vector> > >, __gnu_cxx::__normal_iterator<Vector const*, std::vector<Vector, std::allocator<Vector> > >, Vector*) (stl_uninitialized.h:137)
      n1: 524288 0x10B623: Vector* std::uninitialized_copy<__gnu_cxx::__normal_iterator<Vector const*, std::vector<Vector, std::allocator<Vector> > >, Vector*>(__gnu_cxx::__normal_iterator<Vector const*, std::vector<Vector, std::allocator<Vector> > >, __gnu_cxx::__normal_iterator<Vector const*, std::vector<Vector, std::allocator<Vector> > >, Vector*) (stl_uninitialized.h:185)
       n1: 524288 0x10B29E: Vector* std::__uninitialized_copy_a<__gnu_cxx::__normal_iterator<Vector const*, std::vector<Vector, std::allocator<Vector> > >, Vector*, Vector>(__gnu_cxx::__normal_iterator<Vector const*, std::vector<Vector, std::allocator<Vector> > >, __gnu_cxx::__normal_iterator<Vector const*, std::vector<Vector, std::allocator<Vector> > >, Vector*, std::allocator<Vector>&) (stl_uninitialized.h:373)
        n1: 524288 0x10ACB7: std::vector<Vector, std::allocator<Vector> >::vector(std::vector<Vector, std::allocator<Vector> > const&) (stl_vector.h:606)
         n0: 524288 0x10A812: main (pearson.cpp:18)
    n1: 262144 0x10D4CA: Vector* std::__do_uninit_copy<Vector const*, Vector*>(Vector const*, Vector const*, Vector*) (stl_uninitialized.h:120)
     n1: 262144 0x10D487: Vector* std::__uninitialized_copy<false>::__uninit_copy<Vector const*, Vector*>(Vector const*, Vector const*, Vector*) (stl_uninitialized.h:137)
      n1: 262144 0x10D427: Vector* std::uninitialized_copy<Vector const*, Vector*>(Vector const*, Vector const*, Vector*) (stl_uninitialized.h:185)
       n1: 262144 0x10D36D: Vector* std::__uninitialized_copy_a<Vector const*, Vector*, Vector>(Vector const*, Vector const*, Vector*, std::allocator<Vector>&) (stl_uninitialized.h:373)
        n1: 262144 0x10D294: Vector* std::__uninitialized_move_if_noexcept_a<Vector*, Vector*, std::allocator<Vector> >(Vector*, Vector*, Vector*, std::allocator<Vector>&) (stl_uninitialized.h:399)
         n1: 262144 0x10CDC4: void std::vector<Vector, std::allocator<Vector> >::_M_realloc_insert<Vector const&>(__gnu_cxx::__normal_iterator<Vector*, std::vector<Vector, std::allocator<Vector> > >, Vector const&) (vector.tcc:493)
          n1: 262144 0x10CA18: std::vector<Vector, std::allocator<Vector> >::push_back(Vector const&) (stl_vector.h:1292)
           n1: 262144 0x10C4BA: Dataset::read(std::__cxx11::basic_string<char, std::char_traits<char>, std::allocator<char> >) (dataset.cpp:43)
            n0: 262144 0x10A7E3: main (pearson.cpp:17)
   n1: 260096 0x10C9BC: construct<Vector, const Vector&> (new_allocator.h:191)
    n1: 260096 0x10C9BC: construct<Vector, const Vector&> (alloc_traits.h:538)
     n1: 260096 0x10C9BC: std::vector<Vector, std::allocator<Vector> >::push_back(Vector const&) (stl_vector.h:1286)
      n1: 260096 0x10C4BA: Dataset::read(std::__cxx11::basic_string<char, std::char_traits<char>, std::allocator<char> >) (dataset.cpp:43)
       n0: 260096 0x10A7E3: main (pearson.cpp:17)
   n0: 2048 in 1 place, below massif's threshold (1.00%)
  n0: 0 in 1 place, below massif's threshold (1.00%)
 n1: 73728 0x491838E: ??? (in /usr/lib/x86_64-linux-gnu/libstdc++.so.6.0.33)
  n1: 73728 0x400571E: call_init.part.0 (dl-init.c:74)
   n1: 73728 0x4005823: call_init (dl-init.c:120)
    n1: 73728 0x4005823: _dl_init (dl-init.c:121)
     n1: 73728 0x401F59F: ??? (in /usr/lib/x86_64-linux-gnu/ld-linux-x86-64.so.2)
      n1: 73728 0x2: ???
       n1: 73728 0x1FFF00009E: ???
        n1: 73728 0x1FFF0000A8: ???
         n0: 73728 0x1FFF0000B6: ???
 n1: 12288 0x10BCC7: std::__new_allocator<double>::allocate(unsigned long, void const*) (new_allocator.h:151)
  n1: 12288 0x10B922: allocate (alloc_traits.h:482)
   n1: 12288 0x10B922: std::_Vector_base<double, std::allocator<double> >::_M_allocate(unsigned long) (stl_vector.h:381)
    n1: 12288 0x10DBFC: void std::vector<double, std::allocator<double> >::_M_realloc_insert<double const&>(__gnu_cxx::__normal_iterator<double*, std::vector<double, std::allocator<double> > >, double const&) (vector.tcc:459)
     n1: 12288 0x10DA8D: std::vector<double, std::allocator<double> >::push_back(double const&) (stl_vector.h:1292)
      n1: 12288 0x10D5D0: Analysis::correlation_coefficients(std::vector<Vector, std::allocator<Vector> >) (analysis.cpp:21)
       n0: 12288 0x10A825: main (pearson.cpp:18)
 n0: 8192 in 6 places, all below massif's threshold (1.00%)
#-----------
snapshot=54
#-----------
time=138827293
mem_heap_B=1155072
mem_heap_extra_B=4136
mem_stacks_B=0
heap_tree=empty
#-----------
snapshot=55
#-----------
time=138828499
mem_heap_B=1155072
mem_heap_extra_B=4136
mem_stacks_B=0
heap_tree=detailed
n4: 1155072 (heap allocation functions) malloc/new/new[], --alloc-fns, etc.
 n2: 1048576 0x10BF86: Vector::Vector(unsigned int) (vector.cpp:26)
  n3: 1048576 0x10BFE9: Vector::Vector(Vector const&) (vector.cpp:36)
   n2: 786432 0x10BC2E: void std::_Construct<Vector, Vector const&>(Vector*, Vector const&) (stl_construct.h:119)
    n1: 524288 0x10BA0B: Vector* std::__do_uninit_copy<__gnu_cxx::__normal_iterator<Vector const*, std::vector<Vector, std::allocator<Vector> > >, Vector*>(__gnu_cxx::__normal_iterator<Vector const*, std::vector<Vector, std::allocator<Vector> > >, __gnu_cxx::__normal_iterator<Vector const*, std::vector<Vector, std::allocator<Vector> > >, Vector*) (stl_uninitialized.h:120)
     n1: 524288 0x10B897: Vector* std::__uninitialized_copy<false>::__uninit_copy<__gnu_cxx::__normal_iterator<Vector const*, std::vector<Vector, std::allocator<Vector> > >, Vector*>(__gnu_cxx::__normal_iterator<Vector const*, std::vector<Vector, std::allocator<Vector> > >, __gnu_cxx::__normal_iterator<Vector const*, std::vector<Vector, std::allocator<Vector> > >, Vector*) (stl_uninitialized.h:137)
      n1: 524288 0x10B623: Vector* std::uninitialized_copy<__gnu_cxx::__normal_iterator<Vector const*, std::vector<Vector, std::allocator<Vector> > >, Vector*>(__gnu_cxx::__normal_iterator<Vector const*, std::vector<Vector, std::allocator<Vector> > >, __gnu_cxx::__normal_iterator<Vector const*, std::vector<Vector, std::allocator<Vector> > >, Vector*) (stl_uninitialized.h:185)
       n1: 524288 0x10B29E: Vector* std::__uninitialized_copy_a<__gnu_cxx::__normal_iterator<Vector const*, std::vector<Vector, std::allocator<Vector> > >, Vector*, Vector>(__gnu_cxx::__normal_iterator<Vector const*, std::vector<Vector, std::allocator<Vector> > >, __gnu_cxx::__normal_iterator<Vector const*, std::vector<Vector, std::allocator<Vector> > >, Vector*, std::allocator<Vector>&) (stl_uninitialized.h:373)
        n1: 524288 0x10ACB7: std::vector<Vector, std::allocator<Vector> >::vector(std::vector<Vector, std::allocator<Vector> > const&) (stl_vector.h:606)
         n0: 524288 0x10A812: main (pearson.cpp:18)
    n1: 262144 0x10D4CA: Vector* std::__do_uninit_copy<Vector const*, Vector*>(Vector const*, Vector const*, Vector*) (stl_uninitialized.h:120)
     n1: 262144 0x10D487: Vector* std::__uninitialized_copy<false>::__uninit_copy<Vector const*, Vector*>(Vector const*, Vector const*, Vector*) (stl_uninitialized.h:137)
      n1: 262144 0x10D427: Vector* std::uninitialized_copy<Vector const*, Vector*>(Vector const*, Vector const*, Vector*) (stl_uninitialized.h:185)
       n1: 262144 0x10D36D: Vector* std::__uninitialized_copy_a<Vector const*, Vector*, Vector>(Vector const*, Vector const*, Vector*, std::allocator<Vector>&) (stl_uninitialized.h:373)
        n1: 262144 0x10D294: Vector* std::__uninitialized_move_if_noexcept_a<Vector*, Vector*, std::allocator<Vector> >(Vector*, Vector*, Vector*, std::allocator<Vector>&) (stl_uninitialized.h:399)
         n1: 262144 0x10CDC4: void std::vector<Vector, std::allocator<Vector> >::_M_realloc_insert<Vector const&>(__gnu_cxx::__normal_iterator<Vector*, std::vector<Vector, std::allocator<Vector> > >, Vector const&) (vector.tcc:493)
          n1: 262144 0x10CA18: std::vector<Vector, std::allocator<Vector> >::push_back(Vector const&) (stl_vector.h:1292)
           n1: 262144 0x10C4BA: Dataset::read(std::__cxx11::basic_string<char, std::char_traits<char>, std::allocator<char> >) (dataset.cpp:43)
            n0: 262144 0x10A7E3: main (pearson.cpp:17)
   n1: 260096 0x10C9BC: construct<Vector, const Vector&> (new_allocator.h:191)
    n1: 260096 0x10C9BC: construct<Vector, const Vector&> (alloc_traits.h:538)
     n1: 260096 0x10C9BC: std::vector<Vector, std::allocator<Vector> >::push_back(Vector const&) (stl_vector.h:1286)
      n1: 260096 0x10C4BA: Dataset::read(std::__cxx11::basic_string<char, std::char_traits<char>, std::allocator<char> >) (dataset.cpp:43)
       n0: 260096 0x10A7E3: main (pearson.cpp:17)
   n0: 2048 in 1 place, below massif's threshold (1.00%)
  n0: 0 in 1 place, below massif's threshold (1.00%)
 n1: 73728 0x491838E: ??? (in /usr/lib/x86_64-linux-gnu/libstdc++.so.6.0.33)
  n1: 73728 0x400571E: call_init.part.0 (dl-init.c:74)
   n1: 73728 0x4005823: call_init (dl-init.c:120)
    n1: 73728 0x4005823: _dl_init (dl-init.c:121)
     n1: 73728 0x401F59F: ??? (in /usr/lib/x86_64-linux-gnu/ld-linux-x86-64.so.2)
      n1: 73728 0x2: ???
       n1: 73728 0x1FFF00009E: ???
        n1: 73728 0x1FFF0000A8: ???
         n0: 73728 0x1FFF0000B6: ???
 n1: 24576 0x10BCC7: std::__new_allocator<double>::allocate(unsigned long, void const*) (new_allocator.h:151)
  n1: 24576 0x10B922: allocate (alloc_traits.h:482)
   n1: 24576 0x10B922: std::_Vector_base<double, std::allocator<double> >::_M_allocate(unsigned long) (stl_vector.h:381)
    n1: 24576 0x10DBFC: void std::vector<double, std::allocator<double> >::_M_realloc_insert<double const&>(__gnu_cxx::__normal_iterator<double*, std::vector<double, std::allocator<double> > >, double const&) (vector.tcc:459)
     n1: 24576 0x10DA8D: std::vector<double, std::allocator<double> >::push_back(double const&) (stl_vector.h:1292)
      n1: 24576 0x10D5D0: Analysis::correlation_coefficients(std::vector<Vector, std::allocator<Vector> >) (analysis.cpp:21)
       n0: 24576 0x10A825: main (pearson.cpp:18)
 n0: 8192 in 6 places, all below massif's threshold (1.00%)
#-----------
snapshot=56
#-----------
time=148844878
mem_heap_B=1179648
mem_heap_extra_B=4136
mem_stacks_B=0
heap_tree=empty
#-----------
snapshot=57
#-----------
time=148861673
mem_heap_B=1179648
mem_heap_extra_B=4136
mem_stacks_B=0
heap_tree=detailed
n4: 1179648 (heap allocation functions) malloc/new/new[], --alloc-fns, etc.
 n2: 1048576 0x10BF86: Vector::Vector(unsigned int) (vector.cpp:26)
  n3: 1048576 0x10BFE9: Vector::Vector(Vector const&) (vector.cpp:36)
   n2: 786432 0x10BC2E: void std::_Construct<Vector, Vector const&>(Vector*, Vector const&) (stl_construct.h:119)
    n1: 524288 0x10BA0B: Vector* std::__do_uninit_copy<__gnu_cxx::__normal_iterator<Vector const*, std::vector<Vector, std::allocator<Vector> > >, Vector*>(__gnu_cxx::__normal_iterator<Vector const*, std::vector<Vector, std::allocator<Vector> > >, __gnu_cxx::__normal_iterator<Vector const*, std::vector<Vector, std::allocator<Vector> > >, Vector*) (stl_uninitialized.h:120)
     n1: 524288 0x10B897: Vector* std::__uninitialized_copy<false>::__uninit_copy<__gnu_cxx::__normal_iterator<Vector const*, std::vector<Vector, std::allocator<Vector> > >, Vector*>(__gnu_cxx::__normal_iterator<Vector const*, std::vector<Vector, std::allocator<Vector> > >, __gnu_cxx::__normal_iterator<Vector const*, std::vector<Vector, std::allocator<Vector> > >, Vector*) (stl_uninitialized.h:137)
      n1: 524288 0x10B623: Vector* std::uninitialized_copy<__gnu_cxx::__normal_iterator<Vector const*, std::vector<Vector, std::allocator<Vector> > >, Vector*>(__gnu_cxx::__normal_iterator<Vector const*, std::vector<Vector, std::allocator<Vector> > >, __gnu_cxx::__normal_iterator<Vector const*, std::vector<Vector, std::allocator<Vector> > >, Vector*) (stl_uninitialized.h:185)
       n1: 524288 0x10B29E: Vector* std::__uninitialized_copy_a<__gnu_cxx::__normal_iterator<Vector const*, std::vector<Vector, std::allocator<Vector> > >, Vector*, Vector>(__gnu_cxx::__normal_iterator<Vector const*, std::vector<Vector, std::allocator<Vector> > >, __gnu_cxx::__normal_iterator<Vector const*, std::vector<Vector, std::allocator<Vector> > >, Vector*, std::allocator<Vector>&) (stl_uninitialized.h:373)
        n1: 524288 0x10ACB7: std::vector<Vector, std::allocator<Vector> >::vector(std::vector<Vector, std::allocator<Vector> > const&) (stl_vector.h:606)
         n0: 524288 0x10A812: main (pearson.cpp:18)
    n1: 262144 0x10D4CA: Vector* std::__do_uninit_copy<Vector const*, Vector*>(Vector const*, Vector const*, Vector*) (stl_uninitialized.h:120)
     n1: 262144 0x10D487: Vector* std::__uninitialized_copy<false>::__uninit_copy<Vector const*, Vector*>(Vector const*, Vector const*, Vector*) (stl_uninitialized.h:137)
      n1: 262144 0x10D427: Vector* std::uninitialized_copy<Vector const*, Vector*>(Vector const*, Vector const*, Vector*) (stl_uninitialized.h:185)
       n1: 262144 0x10D36D: Vector* std::__uninitialized_copy_a<Vector const*, Vector*, Vector>(Vector const*, Vector const*, Vector*, std::allocator<Vector>&) (stl_uninitialized.h:373)
        n1: 262144 0x10D294: Vector* std::__uninitialized_move_if_noexcept_a<Vector*, Vector*, std::allocator<Vector> >(Vector*, Vector*, Vector*, std::allocator<Vector>&) (stl_uninitialized.h:399)
         n1: 262144 0x10CDC4: void std::vector<Vector, std::allocator<Vector> >::_M_realloc_insert<Vector const&>(__gnu_cxx::__normal_iterator<Vector*, std::vector<Vector, std::allocator<Vector> > >, Vector const&) (vector.tcc:493)
          n1: 262144 0x10CA18: std::vector<Vector, std::allocator<Vector> >::push_back(Vector const&) (stl_vector.h:1292)
           n1: 262144 0x10C4BA: Dataset::read(std::__cxx11::basic_string<char, std::char_traits<char>, std::allocator<char> >) (dataset.cpp:43)
            n0: 262144 0x10A7E3: main (pearson.cpp:17)
   n1: 260096 0x10C9BC: construct<Vector, const Vector&> (new_allocator.h:191)
    n1: 260096 0x10C9BC: construct<Vector, const Vector&> (alloc_traits.h:538)
     n1: 260096 0x10C9BC: std::vector<Vector, std::allocator<Vector> >::push_back(Vector const&) (stl_vector.h:1286)
      n1: 260096 0x10C4BA: Dataset::read(std::__cxx11::basic_string<char, std::char_traits<char>, std::allocator<char> >) (dataset.cpp:43)
       n0: 260096 0x10A7E3: main (pearson.cpp:17)
   n0: 2048 in 1 place, below massif's threshold (1.00%)
  n0: 0 in 1 place, below massif's threshold (1.00%)
 n1: 73728 0x491838E: ??? (in /usr/lib/x86_64-linux-gnu/libstdc++.so.6.0.33)
  n1: 73728 0x400571E: call_init.part.0 (dl-init.c:74)
   n1: 73728 0x4005823: call_init (dl-init.c:120)
    n1: 73728 0x4005823: _dl_init (dl-init.c:121)
     n1: 73728 0x401F59F: ??? (in /usr/lib/x86_64-linux-gnu/ld-linux-x86-64.so.2)
      n1: 73728 0x2: ???
       n1: 73728 0x1FFF00009E: ???
        n1: 73728 0x1FFF0000A8: ???
         n0: 73728 0x1FFF0000B6: ???
 n1: 49152 0x10BCC7: std::__new_allocator<double>::allocate(unsigned long, void const*) (new_allocator.h:151)
  n1: 49152 0x10B922: allocate (alloc_traits.h:482)
   n1: 49152 0x10B922: std::_Vector_base<double, std::allocator<double> >::_M_allocate(unsigned long) (stl_vector.h:381)
    n1: 49152 0x10DBFC: void std::vector<double, std::allocator<double> >::_M_realloc_insert<double const&>(__gnu_cxx::__normal_iterator<double*, std::vector<double, std::allocator<double> > >, double const&) (vector.tcc:459)
     n1: 49152 0x10DA8D: std::vector<double, std::allocator<double> >::push_back(double const&) (stl_vector.h:1292)
      n1: 49152 0x10D5D0: Analysis::correlation_coefficients(std::vector<Vector, std::allocator<Vector> >) (analysis.cpp:21)
       n0: 49152 0x10A825: main (pearson.cpp:18)
 n0: 8192 in 6 places, all below massif's threshold (1.00%)
#-----------
snapshot=58
#-----------
time=168893996
mem_heap_B=1228800
mem_heap_extra_B=4136
mem_stacks_B=0
heap_tree=empty
#-----------
snapshot=59
#-----------
time=168927143
mem_heap_B=1228800
mem_heap_extra_B=4136
mem_stacks_B=0
heap_tree=detailed
n4: 1228800 (heap allocation functions) malloc/new/new[], --alloc-fns, etc.
 n2: 1048576 0x10BF86: Vector::Vector(unsigned int) (vector.cpp:26)
  n3: 1048576 0x10BFE9: Vector::Vector(Vector const&) (vector.cpp:36)
   n2: 786432 0x10BC2E: void std::_Construct<Vector, Vector const&>(Vector*, Vector const&) (stl_construct.h:119)
    n1: 524288 0x10BA0B: Vector* std::__do_uninit_copy<__gnu_cxx::__normal_iterator<Vector const*, std::vector<Vector, std::allocator<Vector> > >, Vector*>(__gnu_cxx::__normal_iterator<Vector const*, std::vector<Vector, std::allocator<Vector> > >, __gnu_cxx::__normal_iterator<Vector const*, std::vector<Vector, std::allocator<Vector> > >, Vector*) (stl_uninitialized.h:120)
     n1: 524288 0x10B897: Vector* std::__uninitialized_copy<false>::__uninit_copy<__gnu_cxx::__normal_iterator<Vector const*, std::vector<Vector, std::allocator<Vector> > >, Vector*>(__gnu_cxx::__normal_iterator<Vector const*, std::vector<Vector, std::allocator<Vector> > >, __gnu_cxx::__normal_iterator<Vector const*, std::vector<Vector, std::allocator<Vector> > >, Vector*) (stl_uninitialized.h:137)
      n1: 524288 0x10B623: Vector* std::uninitialized_copy<__gnu_cxx::__normal_iterator<Vector const*, std::vector<Vector, std::allocator<Vector> > >, Vector*>(__gnu_cxx::__normal_iterator<Vector const*, std::vector<Vector, std::allocator<Vector> > >, __gnu_cxx::__normal_iterator<Vector const*, std::vector<Vector, std::allocator<Vector> > >, Vector*) (stl_uninitialized.h:185)
       n1: 524288 0x10B29E: Vector* std::__uninitialized_copy_a<__gnu_cxx::__normal_iterator<Vector const*, std::vector<Vector, std::allocator<Vector> > >, Vector*, Vector>(__gnu_cxx::__normal_iterator<Vector const*, std::vector<Vector, std::allocator<Vector> > >, __gnu_cxx::__normal_iterator<Vector const*, std::vector<Vector, std::allocator<Vector> > >, Vector*, std::allocator<Vector>&) (stl_uninitialized.h:373)
        n1: 524288 0x10ACB7: std::vector<Vector, std::allocator<Vector> >::vector(std::vector<Vector, std::allocator<Vector> > const&) (stl_vector.h:606)
         n0: 524288 0x10A812: main (pearson.cpp:18)
    n1: 262144 0x10D4CA: Vector* std::__do_uninit_copy<Vector const*, Vector*>(Vector const*, Vector const*, Vector*) (stl_uninitialized.h:120)
     n1: 262144 0x10D487: Vector* std::__uninitialized_copy<false>::__uninit_copy<Vector const*, Vector*>(Vector const*, Vector const*, Vector*) (stl_uninitialized.h:137)
      n1: 262144 0x10D427: Vector* std::uninitialized_copy<Vector const*, Vector*>(Vector const*, Vector const*, Vector*) (stl_uninitialized.h:185)
       n1: 262144 0x10D36D: Vector* std::__uninitialized_copy_a<Vector const*, Vector*, Vector>(Vector const*, Vector const*, Vector*, std::allocator<Vector>&) (stl_uninitialized.h:373)
        n1: 262144 0x10D294: Vector* std::__uninitialized_move_if_noexcept_a<Vector*, Vector*, std::allocator<Vector> >(Vector*, Vector*, Vector*, std::allocator<Vector>&) (stl_uninitialized.h:399)
         n1: 262144 0x10CDC4: void std::vector<Vector, std::allocator<Vector> >::_M_realloc_insert<Vector const&>(__gnu_cxx::__normal_iterator<Vector*, std::vector<Vector, std::allocator<Vector> > >, Vector const&) (vector.tcc:493)
          n1: 262144 0x10CA18: std::vector<Vector, std::allocator<Vector> >::push_back(Vector const&) (stl_vector.h:1292)
           n1: 262144 0x10C4BA: Dataset::read(std::__cxx11::basic_string<char, std::char_traits<char>, std::allocator<char> >) (dataset.cpp:43)
            n0: 262144 0x10A7E3: main (pearson.cpp:17)
   n1: 260096 0x10C9BC: construct<Vector, const Vector&> (new_allocator.h:191)
    n1: 260096 0x10C9BC: construct<Vector, const Vector&> (alloc_traits.h:538)
     n1: 260096 0x10C9BC: std::vector<Vector, std::allocator<Vector> >::push_back(Vector const&) (stl_vector.h:1286)
      n1: 260096 0x10C4BA: Dataset::read(std::__cxx11::basic_string<char, std::char_traits<char>, std::allocator<char> >) (dataset.cpp:43)
       n0: 260096 0x10A7E3: main (pearson.cpp:17)
   n0: 2048 in 1 place, below massif's threshold (1.00%)
  n0: 0 in 1 place, below massif's threshold (1.00%)
 n1: 98304 0x10BCC7: std::__new_allocator<double>::allocate(unsigned long, void const*) (new_allocator.h:151)
  n1: 98304 0x10B922: allocate (alloc_traits.h:482)
   n1: 98304 0x10B922: std::_Vector_base<double, std::allocator<double> >::_M_allocate(unsigned long) (stl_vector.h:381)
    n1: 98304 0x10DBFC: void std::vector<double, std::allocator<double> >::_M_realloc_insert<double const&>(__gnu_cxx::__normal_iterator<double*, std::vector<double, std::allocator<double> > >, double const&) (vector.tcc:459)
     n1: 98304 0x10DA8D: std::vector<double, std::allocator<double> >::push_back(double const&) (stl_vector.h:1292)
      n1: 98304 0x10D5D0: Analysis::correlation_coefficients(std::vector<Vector, std::allocator<Vector> >) (analysis.cpp:21)
       n0: 98304 0x10A825: main (pearson.cpp:18)
 n1: 73728 0x491838E: ??? (in /usr/lib/x86_64-linux-gnu/libstdc++.so.6.0.33)
  n1: 73728 0x400571E: call_init.part.0 (dl-init.c:74)
   n1: 73728 0x4005823: call_init (dl-init.c:120)
    n1: 73728 0x4005823: _dl_init (dl-init.c:121)
     n1: 73728 0x401F59F: ??? (in /usr/lib/x86_64-linux-gnu/ld-linux-x86-64.so.2)
      n1: 73728 0x2: ???
       n1: 73728 0x1FFF00009E: ???
        n1: 73728 0x1FFF0000A8: ???
         n0: 73728 0x1FFF0000B6: ???
 n0: 8192 in 6 places, all below massif's threshold (1.00%)
#-----------
snapshot=60
#-----------
time=208991454
mem_heap_B=1327104
mem_heap_extra_B=4136
mem_stacks_B=0
heap_tree=empty
#-----------
snapshot=61
#-----------
time=209057401
mem_heap_B=1327104
mem_heap_extra_B=4136
mem_stacks_B=0
heap_tree=detailed
n4: 1327104 (heap allocation functions) malloc/new/new[], --alloc-fns, etc.
 n2: 1048576 0x10BF86: Vector::Vector(unsigned int) (vector.cpp:26)
  n3: 1048576 0x10BFE9: Vector::Vector(Vector const&) (vector.cpp:36)
   n2: 786432 0x10BC2E: void std::_Construct<Vector, Vector const&>(Vector*, Vector const&) (stl_construct.h:119)
    n1: 524288 0x10BA0B: Vector* std::__do_uninit_copy<__gnu_cxx::__normal_iterator<Vector const*, std::vector<Vector, std::allocator<Vector> > >, Vector*>(__gnu_cxx::__normal_iterator<Vector const*, std::vector<Vector, std::allocator<Vector> > >, __gnu_cxx::__normal_iterator<Vector const*, std::vector<Vector, std::allocator<Vector> > >, Vector*) (stl_uninitialized.h:120)
     n1: 524288 0x10B897: Vector* std::__uninitialized_copy<false>::__uninit_copy<__gnu_cxx::__normal_iterator<Vector const*, std::vector<Vector, std::allocator<Vector> > >, Vector*>(__gnu_cxx::__normal_iterator<Vector const*, std::vector<Vector, std::allocator<Vector> > >, __gnu_cxx::__normal_iterator<Vector const*, std::vector<Vector, std::allocator<Vector> > >, Vector*) (stl_uninitialized.h:137)
      n1: 524288 0x10B623: Vector* std::uninitialized_copy<__gnu_cxx::__normal_iterator<Vector const*, std::vector<Vector, std::allocator<Vector> > >, Vector*>(__gnu_cxx::__normal_iterator<Vector const*, std::vector<Vector, std::allocator<Vector> > >, __gnu_cxx::__normal_iterator<Vector const*, std::vector<Vector, std::allocator<Vector> > >, Vector*) (stl_uninitialized.h:185)
       n1: 524288 0x10B29E: Vector* std::__uninitialized_copy_a<__gnu_cxx::__normal_iterator<Vector const*, std::vector<Vector, std::allocator<Vector> > >, Vector*, Vector>(__gnu_cxx::__normal_iterator<Vector const*, std::vector<Vector, std::allocator<Vector> > >, __gnu_cxx::__normal_iterator<Vector const*, std::vector<Vector, std::allocator<Vector> > >, Vector*, std::allocator<Vector>&) (stl_uninitialized.h:373)
        n1: 524288 0x10ACB7: std::vector<Vector, std::allocator<Vector> >::vector(std::vector<Vector, std::allocator<Vector> > const&) (stl_vector.h:606)
         n0: 524288 0x10A812: main (pearson.cpp:18)
    n1: 262144 0x10D4CA: Vector* std::__do_uninit_copy<Vector const*, Vector*>(Vector const*, Vector const*, Vector*) (stl_uninitialized.h:120)
     n1: 262144 0x10D487: Vector* std::__uninitialized_copy<false>::__uninit_copy<Vector const*, Vector*>(Vector const*, Vector const*, Vector*) (stl_uninitialized.h:137)
      n1: 262144 0x10D427: Vector* std::uninitialized_copy<Vector const*, Vector*>(Vector const*, Vector const*, Vector*) (stl_uninitialized.h:185)
       n1: 262144 0x10D36D: Vector* std::__uninitialized_copy_a<Vector const*, Vector*, Vector>(Vector const*, Vector const*, Vector*, std::allocator<Vector>&) (stl_uninitialized.h:373)
        n1: 262144 0x10D294: Vector* std::__uninitialized_move_if_noexcept_a<Vector*, Vector*, std::allocator<Vector> >(Vector*, Vector*, Vector*, std::allocator<Vector>&) (stl_uninitialized.h:399)
         n1: 262144 0x10CDC4: void std::vector<Vector, std::allocator<Vector> >::_M_realloc_insert<Vector const&>(__gnu_cxx::__normal_iterator<Vector*, std::vector<Vector, std::allocator<Vector> > >, Vector const&) (vector.tcc:493)
          n1: 262144 0x10CA18: std::vector<Vector, std::allocator<Vector> >::push_back(Vector const&) (stl_vector.h:1292)
           n1: 262144 0x10C4BA: Dataset::read(std::__cxx11::basic_string<char, std::char_traits<char>, std::allocator<char> >) (dataset.cpp:43)
            n0: 262144 0x10A7E3: main (pearson.cpp:17)
   n1: 260096 0x10C9BC: construct<Vector, const Vector&> (new_allocator.h:191)
    n1: 260096 0x10C9BC: construct<Vector, const Vector&> (alloc_traits.h:538)
     n1: 260096 0x10C9BC: std::vector<Vector, std::allocator<Vector> >::push_back(Vector const&) (stl_vector.h:1286)
      n1: 260096 0x10C4BA: Dataset::read(std::__cxx11::basic_string<char, std::char_traits<char>, std::allocator<char> >) (dataset.cpp:43)
       n0: 260096 0x10A7E3: main (pearson.cpp:17)
   n0: 2048 in 1 place, below massif's threshold (1.00%)
  n0: 0 in 1 place, below massif's threshold (1.00%)
 n1: 196608 0x10BCC7: std::__new_allocator<double>::allocate(unsigned long, void const*) (new_allocator.h:151)
  n1: 196608 0x10B922: allocate (alloc_traits.h:482)
   n1: 196608 0x10B922: std::_Vector_base<double, std::allocator<double> >::_M_allocate(unsigned long) (stl_vector.h:381)
    n1: 196608 0x10DBFC: void std::vector<double, std::allocator<double> >::_M_realloc_insert<double const&>(__gnu_cxx::__normal_iterator<double*, std::vector<double, std::allocator<double> > >, double const&) (vector.tcc:459)
     n1: 196608 0x10DA8D: std::vector<double, std::allocator<double> >::push_back(double const&) (stl_vector.h:1292)
      n1: 196608 0x10D5D0: Analysis::correlation_coefficients(std::vector<Vector, std::allocator<Vector> >) (analysis.cpp:21)
       n0: 196608 0x10A825: main (pearson.cpp:18)
 n1: 73728 0x491838E: ??? (in /usr/lib/x86_64-linux-gnu/libstdc++.so.6.0.33)
  n1: 73728 0x400571E: call_init.part.0 (dl-init.c:74)
   n1: 73728 0x4005823: call_init (dl-init.c:120)
    n1: 73728 0x4005823: _dl_init (dl-init.c:121)
     n1: 73728 0x401F59F: ??? (in /usr/lib/x86_64-linux-gnu/ld-linux-x86-64.so.2)
      n1: 73728 0x2: ???
       n1: 73728 0x1FFF00009E: ???
        n1: 73728 0x1FFF0000A8: ???
         n0: 73728 0x1FFF0000B6: ???
 n0: 8192 in 6 places, all below massif's threshold (1.00%)
#-----------
snapshot=62
#-----------
time=289185838
mem_heap_B=1523712
mem_heap_extra_B=4136
mem_stacks_B=0
heap_tree=empty
#-----------
snapshot=63
#-----------
time=289317289
mem_heap_B=1523712
mem_heap_extra_B=4136
mem_stacks_B=0
heap_tree=peak
n4: 1523712 (heap allocation functions) malloc/new/new[], --alloc-fns, etc.
 n2: 1048576 0x10BF86: Vector::Vector(unsigned int) (vector.cpp:26)
  n3: 1048576 0x10BFE9: Vector::Vector(Vector const&) (vector.cpp:36)
   n2: 786432 0x10BC2E: void std::_Construct<Vector, Vector const&>(Vector*, Vector const&) (stl_construct.h:119)
    n1: 524288 0x10BA0B: Vector* std::__do_uninit_copy<__gnu_cxx::__normal_iterator<Vector const*, std::vector<Vector, std::allocator<Vector> > >, Vector*>(__gnu_cxx::__normal_iterator<Vector const*, std::vector<Vector, std::allocator<Vector> > >, __gnu_cxx::__normal_iterator<Vector const*, std::vector<Vector, std::allocator<Vector> > >, Vector*) (stl_uninitialized.h:120)
     n1: 524288 0x10B897: Vector* std::__uninitialized_copy<false>::__uninit_copy<__gnu_cxx::__normal_iterator<Vector const*, std::vector<Vector, std::allocator<Vector> > >, Vector*>(__gnu_cxx::__normal_iterator<Vector const*, std::vector<Vector, std::allocator<Vector> > >, __gnu_cxx::__normal_iterator<Vector const*, std::vector<Vector, std::allocator<Vector> > >, Vector*) (stl_uninitialized.h:137)
      n1: 524288 0x10B623: Vector* std::uninitialized_copy<__gnu_cxx::__normal_iterator<Vector const*, std::vector<Vector, std::allocator<Vector> > >, Vector*>(__gnu_cxx::__normal_iterator<Vector const*, std::vector<Vector, std::allocator<Vector> > >, __gnu_cxx::__normal_iterator<Vector const*, std::vector<Vector, std::allocator<Vector> > >, Vector*) (stl_uninitialized.h:185)
       n1: 524288 0x10B29E: Vector* std::__uninitialized_copy_a<__gnu_cxx::__normal_iterator<Vector const*, std::vector<Vector, std::allocator<Vector> > >, Vector*, Vector>(__gnu_cxx::__normal_iterator<Vector const*, std::vector<Vector, std::allocator<Vector> > >, __gnu_cxx::__normal_iterator<Vector const*, std::vector<Vector, std::allocator<Vector> > >, Vector*, std::allocator<Vector>&) (stl_uninitialized.h:373)
        n1: 524288 0x10ACB7: std::vector<Vector, std::allocator<Vector> >::vector(std::vector<Vector, std::allocator<Vector> > const&) (stl_vector.h:606)
         n0: 524288 0x10A812: main (pearson.cpp:18)
    n1: 262144 0x10D4CA: Vector* std::__do_uninit_copy<Vector const*, Vector*>(Vector const*, Vector const*, Vector*) (stl_uninitialized.h:120)
     n1: 262144 0x10D487: Vector* std::__uninitialized_copy<false>::__uninit_copy<Vector const*, Vector*>(Vector const*, Vector const*, Vector*) (stl_uninitialized.h:137)
      n1: 262144 0x10D427: Vector* std::uninitialized_copy<Vector const*, Vector*>(Vector const*, Vector const*, Vector*) (stl_uninitialized.h:185)
       n1: 262144 0x10D36D: Vector* std::__uninitialized_copy_a<Vector const*, Vector*, Vector>(Vector const*, Vector const*, Vector*, std::allocator<Vector>&) (stl_uninitialized.h:373)
        n1: 262144 0x10D294: Vector* std::__uninitialized_move_if_noexcept_a<Vector*, Vector*, std::allocator<Vector> >(Vector*, Vector*, Vector*, std::allocator<Vector>&) (stl_uninitialized.h:399)
         n1: 262144 0x10CDC4: void std::vector<Vector, std::allocator<Vector> >::_M_realloc_insert<Vector const&>(__gnu_cxx::__normal_iterator<Vector*, std::vector<Vector, std::allocator<Vector> > >, Vector const&) (vector.tcc:493)
          n1: 262144 0x10CA18: std::vector<Vector, std::allocator<Vector> >::push_back(Vector const&) (stl_vector.h:1292)
           n1: 262144 0x10C4BA: Dataset::read(std::__cxx11::basic_string<char, std::char_traits<char>, std::allocator<char> >) (dataset.cpp:43)
            n0: 262144 0x10A7E3: main (pearson.cpp:17)
   n1: 260096 0x10C9BC: construct<Vector, const Vector&> (new_allocator.h:191)
    n1: 260096 0x10C9BC: construct<Vector, const Vector&> (alloc_traits.h:538)
     n1: 260096 0x10C9BC: std::vector<Vector, std::allocator<Vector> >::push_back(Vector const&) (stl_vector.h:1286)
      n1: 260096 0x10C4BA: Dataset::read(std::__cxx11::basic_string<char, std::char_traits<char>, std::allocator<char> >) (dataset.cpp:43)
       n0: 260096 0x10A7E3: main (pearson.cpp:17)
   n0: 2048 in 1 place, below massif's threshold (1.00%)
  n0: 0 in 1 place, below massif's threshold (1.00%)
 n1: 393216 0x10BCC7: std::__new_allocator<double>::allocate(unsigned long, void const*) (new_allocator.h:151)
  n1: 393216 0x10B922: allocate (alloc_traits.h:482)
   n1: 393216 0x10B922: std::_Vector_base<double, std::allocator<double> >::_M_allocate(unsigned long) (stl_vector.h:381)
    n1: 393216 0x10DBFC: void std::vector<double, std::allocator<double> >::_M_realloc_insert<double const&>(__gnu_cxx::__normal_iterator<double*, std::vector<double, std::allocator<double> > >, double const&) (vector.tcc:459)
     n1: 393216 0x10DA8D: std::vector<double, std::allocator<double> >::push_back(double const&) (stl_vector.h:1292)
      n1: 393216 0x10D5D0: Analysis::correlation_coefficients(std::vector<Vector, std::allocator<Vector> >) (analysis.cpp:21)
       n0: 393216 0x10A825: main (pearson.cpp:18)
 n1: 73728 0x491838E: ??? (in /usr/lib/x86_64-linux-gnu/libstdc++.so.6.0.33)
  n1: 73728 0x400571E: call_init.part.0 (dl-init.c:74)
   n1: 73728 0x4005823: call_init (dl-init.c:120)
    n1: 73728 0x4005823: _dl_init (dl-init.c:121)
     n1: 73728 0x401F59F: ??? (in /usr/lib/x86_64-linux-gnu/ld-linux-x86-64.so.2)
      n1: 73728 0x2: ???
       n1: 73728 0x1FFF00009E: ???
        n1: 73728 0x1FFF0000A8: ???
         n0: 73728 0x1FFF0000B6: ???
 n0: 8192 in 6 places, all below massif's threshold (1.00%)
#-----------
snapshot=64
#-----------
time=448316611
mem_heap_B=1390592
mem_heap_extra_B=4120
mem_stacks_B=0
heap_tree=empty
#-----------
snapshot=65
#-----------
time=552763727
mem_heap_B=1125870
mem_heap_extra_B=2114
mem_stacks_B=0
heap_tree=empty
