desc: --massif-out-file=Performance/massif.128.run3.out
cmd: ./pearson data/128.data output/output_128.txt
time_unit: i
#-----------
snapshot=0
#-----------
time=0
mem_heap_B=0
mem_heap_extra_B=0
mem_stacks_B=0
heap_tree=empty
#-----------
snapshot=1
#-----------
time=2007248
mem_heap_B=73728
mem_heap_extra_B=8
mem_stacks_B=0
heap_tree=empty
#-----------
snapshot=2
#-----------
time=2626645
mem_heap_B=87089
mem_heap_extra_B=95
mem_stacks_B=0
heap_tree=empty
#-----------
snapshot=3
#-----------
time=3135517
mem_heap_B=89112
mem_heap_extra_B=96
mem_stacks_B=0
heap_tree=empty
#-----------
snapshot=4
#-----------
time=3655464
mem_heap_B=91224
mem_heap_extra_B=112
mem_stacks_B=0
heap_tree=empty
#-----------
snapshot=5
#-----------
time=4192372
mem_heap_B=93272
mem_heap_extra_B=128
mem_stacks_B=0
heap_tree=empty
#-----------
snapshot=6
#-----------
time=4832150
mem_heap_B=96472
mem_heap_extra_B=152
mem_stacks_B=0
heap_tree=empty
#-----------
snapshot=7
#-----------
time=5445247
mem_heap_B=98520
mem_heap_extra_B=168
mem_stacks_B=0
heap_tree=empty
#-----------
snapshot=8
#-----------
time=6273321
mem_heap_B=119512
mem_heap_extra_B=336
mem_stacks_B=0
heap_tree=detailed
n4: 119512 (heap allocation functions) malloc/new/new[], --alloc-fns, etc.
 n1: 73728 0x491838E: ??? (in /usr/lib/x86_64-linux-gnu/libstdc++.so.6.0.33)
  n1: 73728 0x400571E: call_init.part.0 (dl-init.c:74)
   n1: 73728 0x4005823: call_init (dl-init.c:120)
    n1: 73728 0x4005823: _dl_init (dl-init.c:121)
     n1: 73728 0x401F59F: ??? (in /usr/lib/x86_64-linux-gnu/ld-linux-x86-64.so.2)
      n1: 73728 0x2: ???
       n1: 73728 0x1FFF00009E: ???
        n1: 73728 0x1FFF0000A8: ???
         n0: 73728 0x1FFF0000B6: ???
 n2: 34816 0x10BF86: Vector::Vector(unsigned int) (vector.cpp:26)
  n3: 33792 0x10BFE9: Vector::Vector(Vector const&) (vector.cpp:36)
   n1: 24576 0x10BC2E: void std::_Construct<Vector, Vector const&>(Vector*, Vector const&) (stl_construct.h:119)
    n1: 24576 0x10D4CA: Vector* std::__do_uninit_copy<Vector const*, Vector*>(Vector const*, Vector const*, Vector*) (stl_uninitialized.h:120)
     n1: 24576 0x10D487: Vector* std::__uninitialized_copy<false>::__uninit_copy<Vector const*, Vector*>(Vector const*, Vector const*, Vector*) (stl_uninitialized.h:137)
      n1: 24576 0x10D427: Vector* std::uninitialized_copy<Vector const*, Vector*>(Vector const*, Vector const*, Vector*) (stl_uninitialized.h:185)
       n1: 24576 0x10D36D: Vector* std::__uninitialized_copy_a<Vector const*, Vector*, Vector>(Vector const*, Vector const*, Vector*, std::allocator<Vector>&) (stl_uninitialized.h:373)
        n1: 24576 0x10D294: Vector* std::__uninitialized_move_if_noexcept_a<Vector*, Vector*, std::allocator<Vector> >(Vector*, Vector*, Vector*, std::allocator<Vector>&) (stl_uninitialized.h:399)
         n1: 24576 0x10CDC4: void std::vector<Vector, std::allocator<Vector> >::_M_realloc_insert<Vector const&>(__gnu_cxx::__normal_iterator<Vector*, std::vector<Vector, std::allocator<Vector> > >, Vector const&) (vector.tcc:493)
          n1: 24576 0x10CA18: std::vector<Vector, std::allocator<Vector> >::push_back(Vector const&) (stl_vector.h:1292)
           n1: 24576 0x10C4BA: Dataset::read(std::__cxx11::basic_string<char, std::char_traits<char>, std::allocator<char> >) (dataset.cpp:43)
            n0: 24576 0x10A7E3: main (pearson.cpp:17)
   n1: 7168 0x10C9BC: construct<Vector, const Vector&> (new_allocator.h:191)
    n1: 7168 0x10C9BC: construct<Vector, const Vector&> (alloc_traits.h:538)
     n1: 7168 0x10C9BC: std::vector<Vector, std::allocator<Vector> >::push_back(Vector const&) (stl_vector.h:1286)
      n1: 7168 0x10C4BA: Dataset::read(std::__cxx11::basic_string<char, std::char_traits<char>, std::allocator<char> >) (dataset.cpp:43)
       n0: 7168 0x10A7E3: main (pearson.cpp:17)
   n1: 2048 0x10CD7A: construct<Vector, const Vector&> (new_allocator.h:191)
    n1: 2048 0x10CD7A: construct<Vector, const Vector&> (alloc_traits.h:538)
     n1: 2048 0x10CD7A: void std::vector<Vector, std::allocator<Vector> >::_M_realloc_insert<Vector const&>(__gnu_cxx::__normal_iterator<Vector*, std::vector<Vector, std::allocator<Vector> > >, Vector const&) (vector.tcc:468)
      n1: 2048 0x10CA18: std::vector<Vector, std::allocator<Vector> >::push_back(Vector const&) (stl_vector.h:1292)
       n1: 2048 0x10C4BA: Dataset::read(std::__cxx11::basic_string<char, std::char_traits<char>, std::allocator<char> >) (dataset.cpp:43)
        n0: 2048 0x10A7E3: main (pearson.cpp:17)
  n0: 1024 in 1 place, below massif's threshold (1.00%)
 n1: 8192 0x498BBC3: std::basic_filebuf<char, std::char_traits<char> >::_M_allocate_internal_buffer() (in /usr/lib/x86_64-linux-gnu/libstdc++.so.6.0.33)
  n1: 8192 0x498FF46: std::basic_filebuf<char, std::char_traits<char> >::open(char const*, std::_Ios_Openmode) (in /usr/lib/x86_64-linux-gnu/libstdc++.so.6.0.33)
   n1: 8192 0x499000E: std::basic_ifstream<char, std::char_traits<char> >::open(std::__cxx11::basic_string<char, std::char_traits<char>, std::allocator<char> > const&, std::_Ios_Openmode) (in /usr/lib/x86_64-linux-gnu/libstdc++.so.6.0.33)
    n1: 8192 0x10C377: Dataset::read(std::__cxx11::basic_string<char, std::char_traits<char>, std::allocator<char> >) (dataset.cpp:23)
     n0: 8192 0x10A7E3: main (pearson.cpp:17)
 n0: 2776 in 5 places, all below massif's threshold (1.00%)
#-----------
snapshot=9
#-----------
time=7077379
mem_heap_B=105944
mem_heap_extra_B=224
mem_stacks_B=0
heap_tree=empty
#-----------
snapshot=10
#-----------
time=7791859
mem_heap_B=109016
mem_heap_extra_B=248
mem_stacks_B=0
heap_tree=empty
#-----------
snapshot=11
#-----------
time=8624770
mem_heap_B=112088
mem_heap_extra_B=272
mem_stacks_B=0
heap_tree=detailed
n4: 112088 (heap allocation functions) malloc/new/new[], --alloc-fns, etc.
 n1: 73728 0x491838E: ??? (in /usr/lib/x86_64-linux-gnu/libstdc++.so.6.0.33)
  n1: 73728 0x400571E: call_init.part.0 (dl-init.c:74)
   n1: 73728 0x4005823: call_init (dl-init.c:120)
    n1: 73728 0x4005823: _dl_init (dl-init.c:121)
     n1: 73728 0x401F59F: ??? (in /usr/lib/x86_64-linux-gnu/ld-linux-x86-64.so.2)
      n1: 73728 0x2: ???
       n1: 73728 0x1FFF00009E: ???
        n1: 73728 0x1FFF0000A8: ???
         n0: 73728 0x1FFF0000B6: ???
 n2: 27648 0x10BF86: Vector::Vector(unsigned int) (vector.cpp:26)
  n3: 26624 0x10BFE9: Vector::Vector(Vector const&) (vector.cpp:36)
   n1: 16384 0x10BC2E: void std::_Construct<Vector, Vector const&>(Vector*, Vector const&) (stl_construct.h:119)
    n1: 16384 0x10D4CA: Vector* std::__do_uninit_copy<Vector const*, Vector*>(Vector const*, Vector const*, Vector*) (stl_uninitialized.h:120)
     n1: 16384 0x10D487: Vector* std::__uninitialized_copy<false>::__uninit_copy<Vector const*, Vector*>(Vector const*, Vector const*, Vector*) (stl_uninitialized.h:137)
      n1: 16384 0x10D427: Vector* std::uninitialized_copy<Vector const*, Vector*>(Vector const*, Vector const*, Vector*) (stl_uninitialized.h:185)
       n1: 16384 0x10D36D: Vector* std::__uninitialized_copy_a<Vector const*, Vector*, Vector>(Vector const*, Vector const*, Vector*, std::allocator<Vector>&) (stl_uninitialized.h:373)
        n1: 16384 0x10D294: Vector* std::__uninitialized_move_if_noexcept_a<Vector*, Vector*, std::allocator<Vector> >(Vector*, Vector*, Vector*, std::allocator<Vector>&) (stl_uninitialized.h:399)
         n1: 16384 0x10CDC4: void std::vector<Vector, std::allocator<Vector> >::_M_realloc_insert<Vector const&>(__gnu_cxx::__normal_iterator<Vector*, std::vector<Vector, std::allocator<Vector> > >, Vector const&) (vector.tcc:493)
          n1: 16384 0x10CA18: std::vector<Vector, std::allocator<Vector> >::push_back(Vector const&) (stl_vector.h:1292)
           n1: 16384 0x10C4BA: Dataset::read(std::__cxx11::basic_string<char, std::char_traits<char>, std::allocator<char> >) (dataset.cpp:43)
            n0: 16384 0x10A7E3: main (pearson.cpp:17)
   n1: 9216 0x10C9BC: construct<Vector, const Vector&> (new_allocator.h:191)
    n1: 9216 0x10C9BC: construct<Vector, const Vector&> (alloc_traits.h:538)
     n1: 9216 0x10C9BC: std::vector<Vector, std::allocator<Vector> >::push_back(Vector const&) (stl_vector.h:1286)
      n1: 9216 0x10C4BA: Dataset::read(std::__cxx11::basic_string<char, std::char_traits<char>, std::allocator<char> >) (dataset.cpp:43)
       n0: 9216 0x10A7E3: main (pearson.cpp:17)
   n0: 1024 in 1 place, below massif's threshold (1.00%)
  n0: 1024 in 1 place, below massif's threshold (1.00%)
 n1: 8192 0x498BBC3: std::basic_filebuf<char, std::char_traits<char> >::_M_allocate_internal_buffer() (in /usr/lib/x86_64-linux-gnu/libstdc++.so.6.0.33)
  n1: 8192 0x498FF46: std::basic_filebuf<char, std::char_traits<char> >::open(char const*, std::_Ios_Openmode) (in /usr/lib/x86_64-linux-gnu/libstdc++.so.6.0.33)
   n1: 8192 0x499000E: std::basic_ifstream<char, std::char_traits<char> >::open(std::__cxx11::basic_string<char, std::char_traits<char>, std::allocator<char> > const&, std::_Ios_Openmode) (in /usr/lib/x86_64-linux-gnu/libstdc++.so.6.0.33)
    n1: 8192 0x10C377: Dataset::read(std::__cxx11::basic_string<char, std::char_traits<char>, std::allocator<char> >) (dataset.cpp:23)
     n0: 8192 0x10A7E3: main (pearson.cpp:17)
 n0: 2520 in 5 places, all below massif's threshold (1.00%)
#-----------
snapshot=12
#-----------
time=9377037
mem_heap_B=115160
mem_heap_extra_B=296
mem_stacks_B=0
heap_tree=empty
#-----------
snapshot=13
#-----------
time=9794481
mem_heap_B=117208
mem_heap_extra_B=312
mem_stacks_B=0
heap_tree=empty
#-----------
snapshot=14
#-----------
time=10252263
mem_heap_B=153048
mem_heap_extra_B=592
mem_stacks_B=0
heap_tree=detailed
n5: 153048 (heap allocation functions) malloc/new/new[], --alloc-fns, etc.
 n1: 73728 0x491838E: ??? (in /usr/lib/x86_64-linux-gnu/libstdc++.so.6.0.33)
  n1: 73728 0x400571E: call_init.part.0 (dl-init.c:74)
   n1: 73728 0x4005823: call_init (dl-init.c:120)
    n1: 73728 0x4005823: _dl_init (dl-init.c:121)
     n1: 73728 0x401F59F: ??? (in /usr/lib/x86_64-linux-gnu/ld-linux-x86-64.so.2)
      n1: 73728 0x2: ???
       n1: 73728 0x1FFF00009E: ???
        n1: 73728 0x1FFF0000A8: ???
         n0: 73728 0x1FFF0000B6: ???
 n2: 67584 0x10BF86: Vector::Vector(unsigned int) (vector.cpp:26)
  n3: 66560 0x10BFE9: Vector::Vector(Vector const&) (vector.cpp:36)
   n1: 49152 0x10BC2E: void std::_Construct<Vector, Vector const&>(Vector*, Vector const&) (stl_construct.h:119)
    n1: 49152 0x10D4CA: Vector* std::__do_uninit_copy<Vector const*, Vector*>(Vector const*, Vector const*, Vector*) (stl_uninitialized.h:120)
     n1: 49152 0x10D487: Vector* std::__uninitialized_copy<false>::__uninit_copy<Vector const*, Vector*>(Vector const*, Vector const*, Vector*) (stl_uninitialized.h:137)
      n1: 49152 0x10D427: Vector* std::uninitialized_copy<Vector const*, Vector*>(Vector const*, Vector const*, Vector*) (stl_uninitialized.h:185)
       n1: 49152 0x10D36D: Vector* std::__uninitialized_copy_a<Vector const*, Vector*, Vector>(Vector const*, Vector const*, Vector*, std::allocator<Vector>&) (stl_uninitialized.h:373)
        n1: 49152 0x10D294: Vector* std::__uninitialized_move_if_noexcept_a<Vector*, Vector*, std::allocator<Vector> >(Vector*, Vector*, Vector*, std::allocator<Vector>&) (stl_uninitialized.h:399)
         n1: 49152 0x10CDC4: void std::vector<Vector, std::allocator<Vector> >::_M_realloc_insert<Vector const&>(__gnu_cxx::__normal_iterator<Vector*, std::vector<Vector, std::allocator<Vector> > >, Vector const&) (vector.tcc:493)
          n1: 49152 0x10CA18: std::vector<Vector, std::allocator<Vector> >::push_back(Vector const&) (stl_vector.h:1292)
           n1: 49152 0x10C4BA: Dataset::read(std::__cxx11::basic_string<char, std::char_traits<char>, std::allocator<char> >) (dataset.cpp:43)
            n0: 49152 0x10A7E3: main (pearson.cpp:17)
   n1: 15360 0x10C9BC: construct<Vector, const Vector&> (new_allocator.h:191)
    n1: 15360 0x10C9BC: construct<Vector, const Vector&> (alloc_traits.h:538)
     n1: 15360 0x10C9BC: std::vector<Vector, std::allocator<Vector> >::push_back(Vector const&) (stl_vector.h:1286)
      n1: 15360 0x10C4BA: Dataset::read(std::__cxx11::basic_string<char, std::char_traits<char>, std::allocator<char> >) (dataset.cpp:43)
       n0: 15360 0x10A7E3: main (pearson.cpp:17)
   n1: 2048 0x10CD7A: construct<Vector, const Vector&> (new_allocator.h:191)
    n1: 2048 0x10CD7A: construct<Vector, const Vector&> (alloc_traits.h:538)
     n1: 2048 0x10CD7A: void std::vector<Vector, std::allocator<Vector> >::_M_realloc_insert<Vector const&>(__gnu_cxx::__normal_iterator<Vector*, std::vector<Vector, std::allocator<Vector> > >, Vector const&) (vector.tcc:468)
      n1: 2048 0x10CA18: std::vector<Vector, std::allocator<Vector> >::push_back(Vector const&) (stl_vector.h:1292)
       n1: 2048 0x10C4BA: Dataset::read(std::__cxx11::basic_string<char, std::char_traits<char>, std::allocator<char> >) (dataset.cpp:43)
        n0: 2048 0x10A7E3: main (pearson.cpp:17)
  n0: 1024 in 1 place, below massif's threshold (1.00%)
 n1: 8192 0x498BBC3: std::basic_filebuf<char, std::char_traits<char> >::_M_allocate_internal_buffer() (in /usr/lib/x86_64-linux-gnu/libstdc++.so.6.0.33)
  n1: 8192 0x498FF46: std::basic_filebuf<char, std::char_traits<char> >::open(char const*, std::_Ios_Openmode) (in /usr/lib/x86_64-linux-gnu/libstdc++.so.6.0.33)
   n1: 8192 0x499000E: std::basic_ifstream<char, std::char_traits<char> >::open(std::__cxx11::basic_string<char, std::char_traits<char>, std::allocator<char> > const&, std::_Ios_Openmode) (in /usr/lib/x86_64-linux-gnu/libstdc++.so.6.0.33)
    n1: 8192 0x10C377: Dataset::read(std::__cxx11::basic_string<char, std::char_traits<char>, std::allocator<char> >) (dataset.cpp:23)
     n0: 8192 0x10A7E3: main (pearson.cpp:17)
 n0: 2008 in 4 places, all below massif's threshold (1.00%)
 n1: 1536 0x10BB67: std::__new_allocator<Vector>::allocate(unsigned long, void const*) (new_allocator.h:151)
  n1: 1536 0x10B85E: allocate (alloc_traits.h:482)
   n1: 1536 0x10B85E: std::_Vector_base<Vector, std::allocator<Vector> >::_M_allocate(unsigned long) (stl_vector.h:381)
    n1: 1536 0x10CCBF: void std::vector<Vector, std::allocator<Vector> >::_M_realloc_insert<Vector const&>(__gnu_cxx::__normal_iterator<Vector*, std::vector<Vector, std::allocator<Vector> > >, Vector const&) (vector.tcc:459)
     n1: 1536 0x10CA18: std::vector<Vector, std::allocator<Vector> >::push_back(Vector const&) (stl_vector.h:1292)
      n1: 1536 0x10C4BA: Dataset::read(std::__cxx11::basic_string<char, std::char_traits<char>, std::allocator<char> >) (dataset.cpp:43)
       n0: 1536 0x10A7E3: main (pearson.cpp:17)
#-----------
snapshot=15
#-----------
time=10835841
mem_heap_B=121816
mem_heap_extra_B=344
mem_stacks_B=0
heap_tree=empty
#-----------
snapshot=16
#-----------
time=11255048
mem_heap_B=123864
mem_heap_extra_B=360
mem_stacks_B=0
heap_tree=empty
#-----------
snapshot=17
#-----------
time=11840924
mem_heap_B=125912
mem_heap_extra_B=376
mem_stacks_B=0
heap_tree=empty
#-----------
snapshot=18
#-----------
time=12340964
mem_heap_B=127960
mem_heap_extra_B=392
mem_stacks_B=0
heap_tree=empty
#-----------
snapshot=19
#-----------
time=12982035
mem_heap_B=131089
mem_heap_extra_B=431
mem_stacks_B=0
heap_tree=empty
#-----------
snapshot=20
#-----------
time=13814961
mem_heap_B=134104
mem_heap_extra_B=440
mem_stacks_B=0
heap_tree=empty
#-----------
snapshot=21
#-----------
time=14527744
mem_heap_B=137176
mem_heap_extra_B=464
mem_stacks_B=0
heap_tree=empty
#-----------
snapshot=22
#-----------
time=15002434
mem_heap_B=139224
mem_heap_extra_B=480
mem_stacks_B=0
heap_tree=empty
#-----------
snapshot=23
#-----------
time=15714902
mem_heap_B=142296
mem_heap_extra_B=504
mem_stacks_B=0
heap_tree=empty
#-----------
snapshot=24
#-----------
time=16547697
mem_heap_B=145368
mem_heap_extra_B=528
mem_stacks_B=0
heap_tree=empty
#-----------
snapshot=25
#-----------
time=17141184
mem_heap_B=148440
mem_heap_extra_B=552
mem_stacks_B=0
heap_tree=empty
#-----------
snapshot=26
#-----------
time=17497855
mem_heap_B=149464
mem_heap_extra_B=560
mem_stacks_B=0
heap_tree=empty
#-----------
snapshot=27
#-----------
time=18211752
mem_heap_B=220120
mem_heap_extra_B=1104
mem_stacks_B=0
heap_tree=detailed
n5: 220120 (heap allocation functions) malloc/new/new[], --alloc-fns, etc.
 n2: 133120 0x10BF86: Vector::Vector(unsigned int) (vector.cpp:26)
  n3: 132096 0x10BFE9: Vector::Vector(Vector const&) (vector.cpp:36)
   n1: 98304 0x10BC2E: void std::_Construct<Vector, Vector const&>(Vector*, Vector const&) (stl_construct.h:119)
    n1: 98304 0x10D4CA: Vector* std::__do_uninit_copy<Vector const*, Vector*>(Vector const*, Vector const*, Vector*) (stl_uninitialized.h:120)
     n1: 98304 0x10D487: Vector* std::__uninitialized_copy<false>::__uninit_copy<Vector const*, Vector*>(Vector const*, Vector const*, Vector*) (stl_uninitialized.h:137)
      n1: 98304 0x10D427: Vector* std::uninitialized_copy<Vector const*, Vector*>(Vector const*, Vector const*, Vector*) (stl_uninitialized.h:185)
       n1: 98304 0x10D36D: Vector* std::__uninitialized_copy_a<Vector const*, Vector*, Vector>(Vector const*, Vector const*, Vector*, std::allocator<Vector>&) (stl_uninitialized.h:373)
        n1: 98304 0x10D294: Vector* std::__uninitialized_move_if_noexcept_a<Vector*, Vector*, std::allocator<Vector> >(Vector*, Vector*, Vector*, std::allocator<Vector>&) (stl_uninitialized.h:399)
         n1: 98304 0x10CDC4: void std::vector<Vector, std::allocator<Vector> >::_M_realloc_insert<Vector const&>(__gnu_cxx::__normal_iterator<Vector*, std::vector<Vector, std::allocator<Vector> > >, Vector const&) (vector.tcc:493)
          n1: 98304 0x10CA18: std::vector<Vector, std::allocator<Vector> >::push_back(Vector const&) (stl_vector.h:1292)
           n1: 98304 0x10C4BA: Dataset::read(std::__cxx11::basic_string<char, std::char_traits<char>, std::allocator<char> >) (dataset.cpp:43)
            n0: 98304 0x10A7E3: main (pearson.cpp:17)
   n1: 31744 0x10C9BC: construct<Vector, const Vector&> (new_allocator.h:191)
    n1: 31744 0x10C9BC: construct<Vector, const Vector&> (alloc_traits.h:538)
     n1: 31744 0x10C9BC: std::vector<Vector, std::allocator<Vector> >::push_back(Vector const&) (stl_vector.h:1286)
      n1: 31744 0x10C4BA: Dataset::read(std::__cxx11::basic_string<char, std::char_traits<char>, std::allocator<char> >) (dataset.cpp:43)
       n0: 31744 0x10A7E3: main (pearson.cpp:17)
   n0: 2048 in 1 place, below massif's threshold (1.00%)
  n0: 1024 in 1 place, below massif's threshold (1.00%)
 n1: 73728 0x491838E: ??? (in /usr/lib/x86_64-linux-gnu/libstdc++.so.6.0.33)
  n1: 73728 0x400571E: call_init.part.0 (dl-init.c:74)
   n1: 73728 0x4005823: call_init (dl-init.c:120)
    n1: 73728 0x4005823: _dl_init (dl-init.c:121)
     n1: 73728 0x401F59F: ??? (in /usr/lib/x86_64-linux-gnu/ld-linux-x86-64.so.2)
      n1: 73728 0x2: ???
       n1: 73728 0x1FFF00009E: ???
        n1: 73728 0x1FFF0000A8: ???
         n0: 73728 0x1FFF0000B6: ???
 n1: 8192 0x498BBC3: std::basic_filebuf<char, std::char_traits<char> >::_M_allocate_internal_buffer() (in /usr/lib/x86_64-linux-gnu/libstdc++.so.6.0.33)
  n1: 8192 0x498FF46: std::basic_filebuf<char, std::char_traits<char> >::open(char const*, std::_Ios_Openmode) (in /usr/lib/x86_64-linux-gnu/libstdc++.so.6.0.33)
   n1: 8192 0x499000E: std::basic_ifstream<char, std::char_traits<char> >::open(std::__cxx11::basic_string<char, std::char_traits<char>, std::allocator<char> > const&, std::_Ios_Openmode) (in /usr/lib/x86_64-linux-gnu/libstdc++.so.6.0.33)
    n1: 8192 0x10C377: Dataset::read(std::__cxx11::basic_string<char, std::char_traits<char>, std::allocator<char> >) (dataset.cpp:23)
     n0: 8192 0x10A7E3: main (pearson.cpp:17)
 n1: 3072 0x10BB67: std::__new_allocator<Vector>::allocate(unsigned long, void const*) (new_allocator.h:151)
  n1: 3072 0x10B85E: allocate (alloc_traits.h:482)
   n1: 3072 0x10B85E: std::_Vector_base<Vector, std::allocator<Vector> >::_M_allocate(unsigned long) (stl_vector.h:381)
    n1: 3072 0x10CCBF: void std::vector<Vector, std::allocator<Vector> >::_M_realloc_insert<Vector const&>(__gnu_cxx::__normal_iterator<Vector*, std::vector<Vector, std::allocator<Vector> > >, Vector const&) (vector.tcc:459)
     n1: 3072 0x10CA18: std::vector<Vector, std::allocator<Vector> >::push_back(Vector const&) (stl_vector.h:1292)
      n1: 3072 0x10C4BA: Dataset::read(std::__cxx11::basic_string<char, std::char_traits<char>, std::allocator<char> >) (dataset.cpp:43)
       n0: 3072 0x10A7E3: main (pearson.cpp:17)
 n0: 2008 in 4 places, all below massif's threshold (1.00%)
#-----------
snapshot=28
#-----------
time=18872273
mem_heap_B=155608
mem_heap_extra_B=600
mem_stacks_B=0
heap_tree=empty
#-----------
snapshot=29
#-----------
time=19293752
mem_heap_B=157656
mem_heap_extra_B=616
mem_stacks_B=0
heap_tree=empty
#-----------
snapshot=30
#-----------
time=19716208
mem_heap_B=159761
mem_heap_extra_B=647
mem_stacks_B=0
heap_tree=empty
#-----------
snapshot=31
#-----------
time=20558247
mem_heap_B=162833
mem_heap_extra_B=671
mem_stacks_B=0
heap_tree=empty
#-----------
snapshot=32
#-----------
time=20981245
mem_heap_B=164824
mem_heap_extra_B=672
mem_stacks_B=0
heap_tree=empty
#-----------
snapshot=33
#-----------
time=21403377
mem_heap_B=166929
mem_heap_extra_B=703
mem_stacks_B=0
heap_tree=empty
#-----------
snapshot=34
#-----------
time=21825546
mem_heap_B=167953
mem_heap_extra_B=711
mem_stacks_B=0
heap_tree=empty
#-----------
snapshot=35
#-----------
time=22458799
mem_heap_B=171025
mem_heap_extra_B=735
mem_stacks_B=0
heap_tree=empty
#-----------
snapshot=36
#-----------
time=22881872
mem_heap_B=173016
mem_heap_extra_B=736
mem_stacks_B=0
heap_tree=empty
#-----------
snapshot=37
#-----------
time=23303567
mem_heap_B=174040
mem_heap_extra_B=744
mem_stacks_B=0
heap_tree=empty
#-----------
snapshot=38
#-----------
time=23726544
mem_heap_B=176088
mem_heap_extra_B=760
mem_stacks_B=0
heap_tree=empty
#-----------
snapshot=39
#-----------
time=24359669
mem_heap_B=179160
mem_heap_extra_B=784
mem_stacks_B=0
heap_tree=detailed
n5: 179160 (heap allocation functions) malloc/new/new[], --alloc-fns, etc.
 n2: 93184 0x10BF86: Vector::Vector(unsigned int) (vector.cpp:26)
  n3: 92160 0x10BFE9: Vector::Vector(Vector const&) (vector.cpp:36)
   n1: 65536 0x10BC2E: void std::_Construct<Vector, Vector const&>(Vector*, Vector const&) (stl_construct.h:119)
    n1: 65536 0x10D4CA: Vector* std::__do_uninit_copy<Vector const*, Vector*>(Vector const*, Vector const*, Vector*) (stl_uninitialized.h:120)
     n1: 65536 0x10D487: Vector* std::__uninitialized_copy<false>::__uninit_copy<Vector const*, Vector*>(Vector const*, Vector const*, Vector*) (stl_uninitialized.h:137)
      n1: 65536 0x10D427: Vector* std::uninitialized_copy<Vector const*, Vector*>(Vector const*, Vector const*, Vector*) (stl_uninitialized.h:185)
       n1: 65536 0x10D36D: Vector* std::__uninitialized_copy_a<Vector const*, Vector*, Vector>(Vector const*, Vector const*, Vector*, std::allocator<Vector>&) (stl_uninitialized.h:373)
        n1: 65536 0x10D294: Vector* std::__uninitialized_move_if_noexcept_a<Vector*, Vector*, std::allocator<Vector> >(Vector*, Vector*, Vector*, std::allocator<Vector>&) (stl_uninitialized.h:399)
         n1: 65536 0x10CDC4: void std::vector<Vector, std::allocator<Vector> >::_M_realloc_insert<Vector const&>(__gnu_cxx::__normal_iterator<Vector*, std::vector<Vector, std::allocator<Vector> > >, Vector const&) (vector.tcc:493)
          n1: 65536 0x10CA18: std::vector<Vector, std::allocator<Vector> >::push_back(Vector const&) (stl_vector.h:1292)
           n1: 65536 0x10C4BA: Dataset::read(std::__cxx11::basic_string<char, std::char_traits<char>, std::allocator<char> >) (dataset.cpp:43)
            n0: 65536 0x10A7E3: main (pearson.cpp:17)
   n1: 25600 0x10C9BC: construct<Vector, const Vector&> (new_allocator.h:191)
    n1: 25600 0x10C9BC: construct<Vector, const Vector&> (alloc_traits.h:538)
     n1: 25600 0x10C9BC: std::vector<Vector, std::allocator<Vector> >::push_back(Vector const&) (stl_vector.h:1286)
      n1: 25600 0x10C4BA: Dataset::read(std::__cxx11::basic_string<char, std::char_traits<char>, std::allocator<char> >) (dataset.cpp:43)
       n0: 25600 0x10A7E3: main (pearson.cpp:17)
   n0: 1024 in 1 place, below massif's threshold (1.00%)
  n0: 1024 in 1 place, below massif's threshold (1.00%)
 n1: 73728 0x491838E: ??? (in /usr/lib/x86_64-linux-gnu/libstdc++.so.6.0.33)
  n1: 73728 0x400571E: call_init.part.0 (dl-init.c:74)
   n1: 73728 0x4005823: call_init (dl-init.c:120)
    n1: 73728 0x4005823: _dl_init (dl-init.c:121)
     n1: 73728 0x401F59F: ??? (in /usr/lib/x86_64-linux-gnu/ld-linux-x86-64.so.2)
      n1: 73728 0x2: ???
       n1: 73728 0x1FFF00009E: ???
        n1: 73728 0x1FFF0000A8: ???
         n0: 73728 0x1FFF0000B6: ???
 n1: 8192 0x498BBC3: std::basic_filebuf<char, std::char_traits<char> >::_M_allocate_internal_buffer() (in /usr/lib/x86_64-linux-gnu/libstdc++.so.6.0.33)
  n1: 8192 0x498FF46: std::basic_filebuf<char, std::char_traits<char> >::open(char const*, std::_Ios_Openmode) (in /usr/lib/x86_64-linux-gnu/libstdc++.so.6.0.33)
   n1: 8192 0x499000E: std::basic_ifstream<char, std::char_traits<char> >::open(std::__cxx11::basic_string<char, std::char_traits<char>, std::allocator<char> > const&, std::_Ios_Openmode) (in /usr/lib/x86_64-linux-gnu/libstdc++.so.6.0.33)
    n1: 8192 0x10C377: Dataset::read(std::__cxx11::basic_string<char, std::char_traits<char>, std::allocator<char> >) (dataset.cpp:23)
     n0: 8192 0x10A7E3: main (pearson.cpp:17)
 n1: 2048 0x10BB67: std::__new_allocator<Vector>::allocate(unsigned long, void const*) (new_allocator.h:151)
  n1: 2048 0x10B85E: allocate (alloc_traits.h:482)
   n1: 2048 0x10B85E: std::_Vector_base<Vector, std::allocator<Vector> >::_M_allocate(unsigned long) (stl_vector.h:381)
    n1: 2048 0x10CCBF: void std::vector<Vector, std::allocator<Vector> >::_M_realloc_insert<Vector const&>(__gnu_cxx::__normal_iterator<Vector*, std::vector<Vector, std::allocator<Vector> > >, Vector const&) (vector.tcc:459)
     n1: 2048 0x10CA18: std::vector<Vector, std::allocator<Vector> >::push_back(Vector const&) (stl_vector.h:1292)
      n1: 2048 0x10C4BA: Dataset::read(std::__cxx11::basic_string<char, std::char_traits<char>, std::allocator<char> >) (dataset.cpp:43)
       n0: 2048 0x10A7E3: main (pearson.cpp:17)
 n0: 2008 in 4 places, all below massif's threshold (1.00%)
#-----------
snapshot=40
#-----------
time=24782590
mem_heap_B=180184
mem_heap_extra_B=792
mem_stacks_B=0
heap_tree=empty
#-----------
snapshot=41
#-----------
time=25204401
mem_heap_B=182232
mem_heap_extra_B=808
mem_stacks_B=0
heap_tree=empty
#-----------
snapshot=42
#-----------
time=25837594
mem_heap_B=185304
mem_heap_extra_B=832
mem_stacks_B=0
heap_tree=empty
#-----------
snapshot=43
#-----------
time=26260187
mem_heap_B=187352
mem_heap_extra_B=848
mem_stacks_B=0
heap_tree=empty
#-----------
snapshot=44
#-----------
time=26681984
mem_heap_B=188376
mem_heap_extra_B=856
mem_stacks_B=0
heap_tree=empty
#-----------
snapshot=45
#-----------
time=27104425
mem_heap_B=190424
mem_heap_extra_B=872
mem_stacks_B=0
heap_tree=empty
#-----------
snapshot=46
#-----------
time=27527104
mem_heap_B=192472
mem_heap_extra_B=888
mem_stacks_B=0
heap_tree=empty
#-----------
snapshot=47
#-----------
time=28160446
mem_heap_B=194520
mem_heap_extra_B=904
mem_stacks_B=0
heap_tree=empty
#-----------
snapshot=48
#-----------
time=28583531
mem_heap_B=196568
mem_heap_extra_B=920
mem_stacks_B=0
heap_tree=detailed
n5: 196568 (heap allocation functions) malloc/new/new[], --alloc-fns, etc.
 n2: 110592 0x10BF86: Vector::Vector(unsigned int) (vector.cpp:26)
  n3: 109568 0x10BFE9: Vector::Vector(Vector const&) (vector.cpp:36)
   n1: 65536 0x10BC2E: void std::_Construct<Vector, Vector const&>(Vector*, Vector const&) (stl_construct.h:119)
    n1: 65536 0x10D4CA: Vector* std::__do_uninit_copy<Vector const*, Vector*>(Vector const*, Vector const*, Vector*) (stl_uninitialized.h:120)
     n1: 65536 0x10D487: Vector* std::__uninitialized_copy<false>::__uninit_copy<Vector const*, Vector*>(Vector const*, Vector const*, Vector*) (stl_uninitialized.h:137)
      n1: 65536 0x10D427: Vector* std::uninitialized_copy<Vector const*, Vector*>(Vector const*, Vector const*, Vector*) (stl_uninitialized.h:185)
       n1: 65536 0x10D36D: Vector* std::__uninitialized_copy_a<Vector const*, Vector*, Vector>(Vector const*, Vector const*, Vector*, std::allocator<Vector>&) (stl_uninitialized.h:373)
        n1: 65536 0x10D294: Vector* std::__uninitialized_move_if_noexcept_a<Vector*, Vector*, std::allocator<Vector> >(Vector*, Vector*, Vector*, std::allocator<Vector>&) (stl_uninitialized.h:399)
         n1: 65536 0x10CDC4: void std::vector<Vector, std::allocator<Vector> >::_M_realloc_insert<Vector const&>(__gnu_cxx::__normal_iterator<Vector*, std::vector<Vector, std::allocator<Vector> > >, Vector const&) (vector.tcc:493)
          n1: 65536 0x10CA18: std::vector<Vector, std::allocator<Vector> >::push_back(Vector const&) (stl_vector.h:1292)
           n1: 65536 0x10C4BA: Dataset::read(std::__cxx11::basic_string<char, std::char_traits<char>, std::allocator<char> >) (dataset.cpp:43)
            n0: 65536 0x10A7E3: main (pearson.cpp:17)
   n1: 43008 0x10C9BC: construct<Vector, const Vector&> (new_allocator.h:191)
    n1: 43008 0x10C9BC: construct<Vector, const Vector&> (alloc_traits.h:538)
     n1: 43008 0x10C9BC: std::vector<Vector, std::allocator<Vector> >::push_back(Vector const&) (stl_vector.h:1286)
      n1: 43008 0x10C4BA: Dataset::read(std::__cxx11::basic_string<char, std::char_traits<char>, std::allocator<char> >) (dataset.cpp:43)
       n0: 43008 0x10A7E3: main (pearson.cpp:17)
   n0: 1024 in 1 place, below massif's threshold (1.00%)
  n0: 1024 in 1 place, below massif's threshold (1.00%)
 n1: 73728 0x491838E: ??? (in /usr/lib/x86_64-linux-gnu/libstdc++.so.6.0.33)
  n1: 73728 0x400571E: call_init.part.0 (dl-init.c:74)
   n1: 73728 0x4005823: call_init (dl-init.c:120)
    n1: 73728 0x4005823: _dl_init (dl-init.c:121)
     n1: 73728 0x401F59F: ??? (in /usr/lib/x86_64-linux-gnu/ld-linux-x86-64.so.2)
      n1: 73728 0x2: ???
       n1: 73728 0x1FFF00009E: ???
        n1: 73728 0x1FFF0000A8: ???
         n0: 73728 0x1FFF0000B6: ???
 n1: 8192 0x498BBC3: std::basic_filebuf<char, std::char_traits<char> >::_M_allocate_internal_buffer() (in /usr/lib/x86_64-linux-gnu/libstdc++.so.6.0.33)
  n1: 8192 0x498FF46: std::basic_filebuf<char, std::char_traits<char> >::open(char const*, std::_Ios_Openmode) (in /usr/lib/x86_64-linux-gnu/libstdc++.so.6.0.33)
   n1: 8192 0x499000E: std::basic_ifstream<char, std::char_traits<char> >::open(std::__cxx11::basic_string<char, std::char_traits<char>, std::allocator<char> > const&, std::_Ios_Openmode) (in /usr/lib/x86_64-linux-gnu/libstdc++.so.6.0.33)
    n1: 8192 0x10C377: Dataset::read(std::__cxx11::basic_string<char, std::char_traits<char>, std::allocator<char> >) (dataset.cpp:23)
     n0: 8192 0x10A7E3: main (pearson.cpp:17)
 n1: 2048 0x10BB67: std::__new_allocator<Vector>::allocate(unsigned long, void const*) (new_allocator.h:151)
  n1: 2048 0x10B85E: allocate (alloc_traits.h:482)
   n1: 2048 0x10B85E: std::_Vector_base<Vector, std::allocator<Vector> >::_M_allocate(unsigned long) (stl_vector.h:381)
    n1: 2048 0x10CCBF: void std::vector<Vector, std::allocator<Vector> >::_M_realloc_insert<Vector const&>(__gnu_cxx::__normal_iterator<Vector*, std::vector<Vector, std::allocator<Vector> > >, Vector const&) (vector.tcc:459)
     n1: 2048 0x10CA18: std::vector<Vector, std::allocator<Vector> >::push_back(Vector const&) (stl_vector.h:1292)
      n1: 2048 0x10C4BA: Dataset::read(std::__cxx11::basic_string<char, std::char_traits<char>, std::allocator<char> >) (dataset.cpp:43)
       n0: 2048 0x10A7E3: main (pearson.cpp:17)
 n0: 2008 in 4 places, all below massif's threshold (1.00%)
#-----------
snapshot=49
#-----------
time=29006720
mem_heap_B=198616
mem_heap_extra_B=936
mem_stacks_B=0
heap_tree=empty
#-----------
snapshot=50
#-----------
time=29364588
mem_heap_B=199640
mem_heap_extra_B=944
mem_stacks_B=0
heap_tree=empty
#-----------
snapshot=51
#-----------
time=29722665
mem_heap_B=201688
mem_heap_extra_B=960
mem_stacks_B=0
heap_tree=empty
#-----------
snapshot=52
#-----------
time=30079476
mem_heap_B=202769
mem_heap_extra_B=983
mem_stacks_B=0
heap_tree=empty
#-----------
snapshot=53
#-----------
time=30437181
mem_heap_B=204760
mem_heap_extra_B=984
mem_stacks_B=0
heap_tree=empty
#-----------
snapshot=54
#-----------
time=30793920
mem_heap_B=205841
mem_heap_extra_B=1007
mem_stacks_B=0
heap_tree=empty
#-----------
snapshot=55
#-----------
time=31151592
mem_heap_B=207832
mem_heap_extra_B=1008
mem_stacks_B=0
heap_tree=empty
#-----------
snapshot=56
#-----------
time=31508298
mem_heap_B=208856
mem_heap_extra_B=1016
mem_stacks_B=0
heap_tree=empty
#-----------
snapshot=57
#-----------
time=31865995
mem_heap_B=210904
mem_heap_extra_B=1032
mem_stacks_B=0
heap_tree=detailed
n4: 210904 (heap allocation functions) malloc/new/new[], --alloc-fns, etc.
 n2: 124928 0x10BF86: Vector::Vector(unsigned int) (vector.cpp:26)
  n3: 123904 0x10BFE9: Vector::Vector(Vector const&) (vector.cpp:36)
   n1: 65536 0x10BC2E: void std::_Construct<Vector, Vector const&>(Vector*, Vector const&) (stl_construct.h:119)
    n1: 65536 0x10D4CA: Vector* std::__do_uninit_copy<Vector const*, Vector*>(Vector const*, Vector const*, Vector*) (stl_uninitialized.h:120)
     n1: 65536 0x10D487: Vector* std::__uninitialized_copy<false>::__uninit_copy<Vector const*, Vector*>(Vector const*, Vector const*, Vector*) (stl_uninitialized.h:137)
      n1: 65536 0x10D427: Vector* std::uninitialized_copy<Vector const*, Vector*>(Vector const*, Vector const*, Vector*) (stl_uninitialized.h:185)
       n1: 65536 0x10D36D: Vector* std::__uninitialized_copy_a<Vector const*, Vector*, Vector>(Vector const*, Vector const*, Vector*, std::allocator<Vector>&) (stl_uninitialized.h:373)
        n1: 65536 0x10D294: Vector* std::__uninitialized_move_if_noexcept_a<Vector*, Vector*, std::allocator<Vector> >(Vector*, Vector*, Vector*, std::allocator<Vector>&) (stl_uninitialized.h:399)
         n1: 65536 0x10CDC4: void std::vector<Vector, std::allocator<Vector> >::_M_realloc_insert<Vector const&>(__gnu_cxx::__normal_iterator<Vector*, std::vector<Vector, std::allocator<Vector> > >, Vector const&) (vector.tcc:493)
          n1: 65536 0x10CA18: std::vector<Vector, std::allocator<Vector> >::push_back(Vector const&) (stl_vector.h:1292)
           n1: 65536 0x10C4BA: Dataset::read(std::__cxx11::basic_string<char, std::char_traits<char>, std::allocator<char> >) (dataset.cpp:43)
            n0: 65536 0x10A7E3: main (pearson.cpp:17)
   n1: 57344 0x10C9BC: construct<Vector, const Vector&> (new_allocator.h:191)
    n1: 57344 0x10C9BC: construct<Vector, const Vector&> (alloc_traits.h:538)
     n1: 57344 0x10C9BC: std::vector<Vector, std::allocator<Vector> >::push_back(Vector const&) (stl_vector.h:1286)
      n1: 57344 0x10C4BA: Dataset::read(std::__cxx11::basic_string<char, std::char_traits<char>, std::allocator<char> >) (dataset.cpp:43)
       n0: 57344 0x10A7E3: main (pearson.cpp:17)
   n0: 1024 in 1 place, below massif's threshold (1.00%)
  n0: 1024 in 1 place, below massif's threshold (1.00%)
 n1: 73728 0x491838E: ??? (in /usr/lib/x86_64-linux-gnu/libstdc++.so.6.0.33)
  n1: 73728 0x400571E: call_init.part.0 (dl-init.c:74)
   n1: 73728 0x4005823: call_init (dl-init.c:120)
    n1: 73728 0x4005823: _dl_init (dl-init.c:121)
     n1: 73728 0x401F59F: ??? (in /usr/lib/x86_64-linux-gnu/ld-linux-x86-64.so.2)
      n1: 73728 0x2: ???
       n1: 73728 0x1FFF00009E: ???
        n1: 73728 0x1FFF0000A8: ???
         n0: 73728 0x1FFF0000B6: ???
 n1: 8192 0x498BBC3: std::basic_filebuf<char, std::char_traits<char> >::_M_allocate_internal_buffer() (in /usr/lib/x86_64-linux-gnu/libstdc++.so.6.0.33)
  n1: 8192 0x498FF46: std::basic_filebuf<char, std::char_traits<char> >::open(char const*, std::_Ios_Openmode) (in /usr/lib/x86_64-linux-gnu/libstdc++.so.6.0.33)
   n1: 8192 0x499000E: std::basic_ifstream<char, std::char_traits<char> >::open(std::__cxx11::basic_string<char, std::char_traits<char>, std::allocator<char> > const&, std::_Ios_Openmode) (in /usr/lib/x86_64-linux-gnu/libstdc++.so.6.0.33)
    n1: 8192 0x10C377: Dataset::read(std::__cxx11::basic_string<char, std::char_traits<char>, std::allocator<char> >) (dataset.cpp:23)
     n0: 8192 0x10A7E3: main (pearson.cpp:17)
 n0: 4056 in 5 places, all below massif's threshold (1.00%)
#-----------
snapshot=58
#-----------
time=32222761
mem_heap_B=211928
mem_heap_extra_B=1040
mem_stacks_B=0
heap_tree=empty
#-----------
snapshot=59
#-----------
time=32580192
mem_heap_B=213976
mem_heap_extra_B=1056
mem_stacks_B=0
heap_tree=empty
#-----------
snapshot=60
#-----------
time=32937811
mem_heap_B=215000
mem_heap_extra_B=1064
mem_stacks_B=0
heap_tree=empty
#-----------
snapshot=61
#-----------
time=33295404
mem_heap_B=217048
mem_heap_extra_B=1080
mem_stacks_B=0
heap_tree=empty
#-----------
snapshot=62
#-----------
time=33654363
mem_heap_B=251904
mem_heap_extra_B=1384
mem_stacks_B=0
heap_tree=empty
#-----------
snapshot=63
#-----------
time=33906693
mem_heap_B=339992
mem_heap_extra_B=2096
mem_stacks_B=0
heap_tree=detailed
n4: 339992 (heap allocation functions) malloc/new/new[], --alloc-fns, etc.
 n2: 262144 0x10BF86: Vector::Vector(unsigned int) (vector.cpp:26)
  n3: 262144 0x10BFE9: Vector::Vector(Vector const&) (vector.cpp:36)
   n2: 196608 0x10BC2E: void std::_Construct<Vector, Vector const&>(Vector*, Vector const&) (stl_construct.h:119)
    n1: 131072 0x10BA0B: Vector* std::__do_uninit_copy<__gnu_cxx::__normal_iterator<Vector const*, std::vector<Vector, std::allocator<Vector> > >, Vector*>(__gnu_cxx::__normal_iterator<Vector const*, std::vector<Vector, std::allocator<Vector> > >, __gnu_cxx::__normal_iterator<Vector const*, std::vector<Vector, std::allocator<Vector> > >, Vector*) (stl_uninitialized.h:120)
     n1: 131072 0x10B897: Vector* std::__uninitialized_copy<false>::__uninit_copy<__gnu_cxx::__normal_iterator<Vector const*, std::vector<Vector, std::allocator<Vector> > >, Vector*>(__gnu_cxx::__normal_iterator<Vector const*, std::vector<Vector, std::allocator<Vector> > >, __gnu_cxx::__normal_iterator<Vector const*, std::vector<Vector, std::allocator<Vector> > >, Vector*) (stl_uninitialized.h:137)
      n1: 131072 0x10B623: Vector* std::uninitialized_copy<__gnu_cxx::__normal_iterator<Vector const*, std::vector<Vector, std::allocator<Vector> > >, Vector*>(__gnu_cxx::__normal_iterator<Vector const*, std::vector<Vector, std::allocator<Vector> > >, __gnu_cxx::__normal_iterator<Vector const*, std::vector<Vector, std::allocator<Vector> > >, Vector*) (stl_uninitialized.h:185)
       n1: 131072 0x10B29E: Vector* std::__uninitialized_copy_a<__gnu_cxx::__normal_iterator<Vector const*, std::vector<Vector, std::allocator<Vector> > >, Vector*, Vector>(__gnu_cxx::__normal_iterator<Vector const*, std::vector<Vector, std::allocator<Vector> > >, __gnu_cxx::__normal_iterator<Vector const*, std::vector<Vector, std::allocator<Vector> > >, Vector*, std::allocator<Vector>&) (stl_uninitialized.h:373)
        n1: 131072 0x10ACB7: std::vector<Vector, std::allocator<Vector> >::vector(std::vector<Vector, std::allocator<Vector> > const&) (stl_vector.h:606)
         n0: 131072 0x10A812: main (pearson.cpp:18)
    n1: 65536 0x10D4CA: Vector* std::__do_uninit_copy<Vector const*, Vector*>(Vector const*, Vector const*, Vector*) (stl_uninitialized.h:120)
     n1: 65536 0x10D487: Vector* std::__uninitialized_copy<false>::__uninit_copy<Vector const*, Vector*>(Vector const*, Vector const*, Vector*) (stl_uninitialized.h:137)
      n1: 65536 0x10D427: Vector* std::uninitialized_copy<Vector const*, Vector*>(Vector const*, Vector const*, Vector*) (stl_uninitialized.h:185)
       n1: 65536 0x10D36D: Vector* std::__uninitialized_copy_a<Vector const*, Vector*, Vector>(Vector const*, Vector const*, Vector*, std::allocator<Vector>&) (stl_uninitialized.h:373)
        n1: 65536 0x10D294: Vector* std::__uninitialized_move_if_noexcept_a<Vector*, Vector*, std::allocator<Vector> >(Vector*, Vector*, Vector*, std::allocator<Vector>&) (stl_uninitialized.h:399)
         n1: 65536 0x10CDC4: void std::vector<Vector, std::allocator<Vector> >::_M_realloc_insert<Vector const&>(__gnu_cxx::__normal_iterator<Vector*, std::vector<Vector, std::allocator<Vector> > >, Vector const&) (vector.tcc:493)
          n1: 65536 0x10CA18: std::vector<Vector, std::allocator<Vector> >::push_back(Vector const&) (stl_vector.h:1292)
           n1: 65536 0x10C4BA: Dataset::read(std::__cxx11::basic_string<char, std::char_traits<char>, std::allocator<char> >) (dataset.cpp:43)
            n0: 65536 0x10A7E3: main (pearson.cpp:17)
   n1: 64512 0x10C9BC: construct<Vector, const Vector&> (new_allocator.h:191)
    n1: 64512 0x10C9BC: construct<Vector, const Vector&> (alloc_traits.h:538)
     n1: 64512 0x10C9BC: std::vector<Vector, std::allocator<Vector> >::push_back(Vector const&) (stl_vector.h:1286)
      n1: 64512 0x10C4BA: Dataset::read(std::__cxx11::basic_string<char, std::char_traits<char>, std::allocator<char> >) (dataset.cpp:43)
       n0: 64512 0x10A7E3: main (pearson.cpp:17)
   n0: 1024 in 1 place, below massif's threshold (1.00%)
  n0: 0 in 1 place, below massif's threshold (1.00%)
 n1: 73728 0x491838E: ??? (in /usr/lib/x86_64-linux-gnu/libstdc++.so.6.0.33)
  n1: 73728 0x400571E: call_init.part.0 (dl-init.c:74)
   n1: 73728 0x4005823: call_init (dl-init.c:120)
    n1: 73728 0x4005823: _dl_init (dl-init.c:121)
     n1: 73728 0x401F59F: ??? (in /usr/lib/x86_64-linux-gnu/ld-linux-x86-64.so.2)
      n1: 73728 0x2: ???
       n1: 73728 0x1FFF00009E: ???
        n1: 73728 0x1FFF0000A8: ???
         n0: 73728 0x1FFF0000B6: ???
 n1: 4096 0x10BB67: std::__new_allocator<Vector>::allocate(unsigned long, void const*) (new_allocator.h:151)
  n1: 4096 0x10B85E: allocate (alloc_traits.h:482)
   n1: 4096 0x10B85E: std::_Vector_base<Vector, std::allocator<Vector> >::_M_allocate(unsigned long) (stl_vector.h:381)
    n0: 4096 in 2 places, all below massif's threshold (1.00%)
 n0: 24 in 6 places, all below massif's threshold (1.00%)
#-----------
snapshot=64
#-----------
time=34553133
mem_heap_B=343040
mem_heap_extra_B=2088
mem_stacks_B=0
heap_tree=empty
#-----------
snapshot=65
#-----------
time=35199914
mem_heap_B=346112
mem_heap_extra_B=2088
mem_stacks_B=0
heap_tree=empty
#-----------
snapshot=66
#-----------
time=35200546
mem_heap_B=346112
mem_heap_extra_B=2088
mem_stacks_B=0
heap_tree=detailed
n5: 346112 (heap allocation functions) malloc/new/new[], --alloc-fns, etc.
 n2: 262144 0x10BF86: Vector::Vector(unsigned int) (vector.cpp:26)
  n3: 262144 0x10BFE9: Vector::Vector(Vector const&) (vector.cpp:36)
   n2: 196608 0x10BC2E: void std::_Construct<Vector, Vector const&>(Vector*, Vector const&) (stl_construct.h:119)
    n1: 131072 0x10BA0B: Vector* std::__do_uninit_copy<__gnu_cxx::__normal_iterator<Vector const*, std::vector<Vector, std::allocator<Vector> > >, Vector*>(__gnu_cxx::__normal_iterator<Vector const*, std::vector<Vector, std::allocator<Vector> > >, __gnu_cxx::__normal_iterator<Vector const*, std::vector<Vector, std::allocator<Vector> > >, Vector*) (stl_uninitialized.h:120)
     n1: 131072 0x10B897: Vector* std::__uninitialized_copy<false>::__uninit_copy<__gnu_cxx::__normal_iterator<Vector const*, std::vector<Vector, std::allocator<Vector> > >, Vector*>(__gnu_cxx::__normal_iterator<Vector const*, std::vector<Vector, std::allocator<Vector> > >, __gnu_cxx::__normal_iterator<Vector const*, std::vector<Vector, std::allocator<Vector> > >, Vector*) (stl_uninitialized.h:137)
      n1: 131072 0x10B623: Vector* std::uninitialized_copy<__gnu_cxx::__normal_iterator<Vector const*, std::vector<Vector, std::allocator<Vector> > >, Vector*>(__gnu_cxx::__normal_iterator<Vector const*, std::vector<Vector, std::allocator<Vector> > >, __gnu_cxx::__normal_iterator<Vector const*, std::vector<Vector, std::allocator<Vector> > >, Vector*) (stl_uninitialized.h:185)
       n1: 131072 0x10B29E: Vector* std::__uninitialized_copy_a<__gnu_cxx::__normal_iterator<Vector const*, std::vector<Vector, std::allocator<Vector> > >, Vector*, Vector>(__gnu_cxx::__normal_iterator<Vector const*, std::vector<Vector, std::allocator<Vector> > >, __gnu_cxx::__normal_iterator<Vector const*, std::vector<Vector, std::allocator<Vector> > >, Vector*, std::allocator<Vector>&) (stl_uninitialized.h:373)
        n1: 131072 0x10ACB7: std::vector<Vector, std::allocator<Vector> >::vector(std::vector<Vector, std::allocator<Vector> > const&) (stl_vector.h:606)
         n0: 131072 0x10A812: main (pearson.cpp:18)
    n1: 65536 0x10D4CA: Vector* std::__do_uninit_copy<Vector const*, Vector*>(Vector const*, Vector const*, Vector*) (stl_uninitialized.h:120)
     n1: 65536 0x10D487: Vector* std::__uninitialized_copy<false>::__uninit_copy<Vector const*, Vector*>(Vector const*, Vector const*, Vector*) (stl_uninitialized.h:137)
      n1: 65536 0x10D427: Vector* std::uninitialized_copy<Vector const*, Vector*>(Vector const*, Vector const*, Vector*) (stl_uninitialized.h:185)
       n1: 65536 0x10D36D: Vector* std::__uninitialized_copy_a<Vector const*, Vector*, Vector>(Vector const*, Vector const*, Vector*, std::allocator<Vector>&) (stl_uninitialized.h:373)
        n1: 65536 0x10D294: Vector* std::__uninitialized_move_if_noexcept_a<Vector*, Vector*, std::allocator<Vector> >(Vector*, Vector*, Vector*, std::allocator<Vector>&) (stl_uninitialized.h:399)
         n1: 65536 0x10CDC4: void std::vector<Vector, std::allocator<Vector> >::_M_realloc_insert<Vector const&>(__gnu_cxx::__normal_iterator<Vector*, std::vector<Vector, std::allocator<Vector> > >, Vector const&) (vector.tcc:493)
          n1: 65536 0x10CA18: std::vector<Vector, std::allocator<Vector> >::push_back(Vector const&) (stl_vector.h:1292)
           n1: 65536 0x10C4BA: Dataset::read(std::__cxx11::basic_string<char, std::char_traits<char>, std::allocator<char> >) (dataset.cpp:43)
            n0: 65536 0x10A7E3: main (pearson.cpp:17)
   n1: 64512 0x10C9BC: construct<Vector, const Vector&> (new_allocator.h:191)
    n1: 64512 0x10C9BC: construct<Vector, const Vector&> (alloc_traits.h:538)
     n1: 64512 0x10C9BC: std::vector<Vector, std::allocator<Vector> >::push_back(Vector const&) (stl_vector.h:1286)
      n1: 64512 0x10C4BA: Dataset::read(std::__cxx11::basic_string<char, std::char_traits<char>, std::allocator<char> >) (dataset.cpp:43)
       n0: 64512 0x10A7E3: main (pearson.cpp:17)
   n0: 1024 in 1 place, below massif's threshold (1.00%)
  n0: 0 in 1 place, below massif's threshold (1.00%)
 n1: 73728 0x491838E: ??? (in /usr/lib/x86_64-linux-gnu/libstdc++.so.6.0.33)
  n1: 73728 0x400571E: call_init.part.0 (dl-init.c:74)
   n1: 73728 0x4005823: call_init (dl-init.c:120)
    n1: 73728 0x4005823: _dl_init (dl-init.c:121)
     n1: 73728 0x401F59F: ??? (in /usr/lib/x86_64-linux-gnu/ld-linux-x86-64.so.2)
      n1: 73728 0x2: ???
       n1: 73728 0x1FFF00009E: ???
        n1: 73728 0x1FFF0000A8: ???
         n0: 73728 0x1FFF0000B6: ???
 n1: 6144 0x10BCC7: std::__new_allocator<double>::allocate(unsigned long, void const*) (new_allocator.h:151)
  n1: 6144 0x10B922: allocate (alloc_traits.h:482)
   n1: 6144 0x10B922: std::_Vector_base<double, std::allocator<double> >::_M_allocate(unsigned long) (stl_vector.h:381)
    n1: 6144 0x10DBFC: void std::vector<double, std::allocator<double> >::_M_realloc_insert<double const&>(__gnu_cxx::__normal_iterator<double*, std::vector<double, std::allocator<double> > >, double const&) (vector.tcc:459)
     n1: 6144 0x10DA8D: std::vector<double, std::allocator<double> >::push_back(double const&) (stl_vector.h:1292)
      n1: 6144 0x10D5D0: Analysis::correlation_coefficients(std::vector<Vector, std::allocator<Vector> >) (analysis.cpp:21)
       n0: 6144 0x10A825: main (pearson.cpp:18)
 n1: 4096 0x10BB67: std::__new_allocator<Vector>::allocate(unsigned long, void const*) (new_allocator.h:151)
  n1: 4096 0x10B85E: allocate (alloc_traits.h:482)
   n1: 4096 0x10B85E: std::_Vector_base<Vector, std::allocator<Vector> >::_M_allocate(unsigned long) (stl_vector.h:381)
    n0: 4096 in 2 places, all below massif's threshold (1.00%)
 n0: 0 in 5 places, all below massif's threshold (1.00%)
#-----------
snapshot=67
#-----------
time=36492601
mem_heap_B=352256
mem_heap_extra_B=2088
mem_stacks_B=0
heap_tree=empty
#-----------
snapshot=68
#-----------
time=36493423
mem_heap_B=352256
mem_heap_extra_B=2088
mem_stacks_B=0
heap_tree=detailed
n5: 352256 (heap allocation functions) malloc/new/new[], --alloc-fns, etc.
 n2: 262144 0x10BF86: Vector::Vector(unsigned int) (vector.cpp:26)
  n3: 262144 0x10BFE9: Vector::Vector(Vector const&) (vector.cpp:36)
   n2: 196608 0x10BC2E: void std::_Construct<Vector, Vector const&>(Vector*, Vector const&) (stl_construct.h:119)
    n1: 131072 0x10BA0B: Vector* std::__do_uninit_copy<__gnu_cxx::__normal_iterator<Vector const*, std::vector<Vector, std::allocator<Vector> > >, Vector*>(__gnu_cxx::__normal_iterator<Vector const*, std::vector<Vector, std::allocator<Vector> > >, __gnu_cxx::__normal_iterator<Vector const*, std::vector<Vector, std::allocator<Vector> > >, Vector*) (stl_uninitialized.h:120)
     n1: 131072 0x10B897: Vector* std::__uninitialized_copy<false>::__uninit_copy<__gnu_cxx::__normal_iterator<Vector const*, std::vector<Vector, std::allocator<Vector> > >, Vector*>(__gnu_cxx::__normal_iterator<Vector const*, std::vector<Vector, std::allocator<Vector> > >, __gnu_cxx::__normal_iterator<Vector const*, std::vector<Vector, std::allocator<Vector> > >, Vector*) (stl_uninitialized.h:137)
      n1: 131072 0x10B623: Vector* std::uninitialized_copy<__gnu_cxx::__normal_iterator<Vector const*, std::vector<Vector, std::allocator<Vector> > >, Vector*>(__gnu_cxx::__normal_iterator<Vector const*, std::vector<Vector, std::allocator<Vector> > >, __gnu_cxx::__normal_iterator<Vector const*, std::vector<Vector, std::allocator<Vector> > >, Vector*) (stl_uninitialized.h:185)
       n1: 131072 0x10B29E: Vector* std::__uninitialized_copy_a<__gnu_cxx::__normal_iterator<Vector const*, std::vector<Vector, std::allocator<Vector> > >, Vector*, Vector>(__gnu_cxx::__normal_iterator<Vector const*, std::vector<Vector, std::allocator<Vector> > >, __gnu_cxx::__normal_iterator<Vector const*, std::vector<Vector, std::allocator<Vector> > >, Vector*, std::allocator<Vector>&) (stl_uninitialized.h:373)
        n1: 131072 0x10ACB7: std::vector<Vector, std::allocator<Vector> >::vector(std::vector<Vector, std::allocator<Vector> > const&) (stl_vector.h:606)
         n0: 131072 0x10A812: main (pearson.cpp:18)
    n1: 65536 0x10D4CA: Vector* std::__do_uninit_copy<Vector const*, Vector*>(Vector const*, Vector const*, Vector*) (stl_uninitialized.h:120)
     n1: 65536 0x10D487: Vector* std::__uninitialized_copy<false>::__uninit_copy<Vector const*, Vector*>(Vector const*, Vector const*, Vector*) (stl_uninitialized.h:137)
      n1: 65536 0x10D427: Vector* std::uninitialized_copy<Vector const*, Vector*>(Vector const*, Vector const*, Vector*) (stl_uninitialized.h:185)
       n1: 65536 0x10D36D: Vector* std::__uninitialized_copy_a<Vector const*, Vector*, Vector>(Vector const*, Vector const*, Vector*, std::allocator<Vector>&) (stl_uninitialized.h:373)
        n1: 65536 0x10D294: Vector* std::__uninitialized_move_if_noexcept_a<Vector*, Vector*, std::allocator<Vector> >(Vector*, Vector*, Vector*, std::allocator<Vector>&) (stl_uninitialized.h:399)
         n1: 65536 0x10CDC4: void std::vector<Vector, std::allocator<Vector> >::_M_realloc_insert<Vector const&>(__gnu_cxx::__normal_iterator<Vector*, std::vector<Vector, std::allocator<Vector> > >, Vector const&) (vector.tcc:493)
          n1: 65536 0x10CA18: std::vector<Vector, std::allocator<Vector> >::push_back(Vector const&) (stl_vector.h:1292)
           n1: 65536 0x10C4BA: Dataset::read(std::__cxx11::basic_string<char, std::char_traits<char>, std::allocator<char> >) (dataset.cpp:43)
            n0: 65536 0x10A7E3: main (pearson.cpp:17)
   n1: 64512 0x10C9BC: construct<Vector, const Vector&> (new_allocator.h:191)
    n1: 64512 0x10C9BC: construct<Vector, const Vector&> (alloc_traits.h:538)
     n1: 64512 0x10C9BC: std::vector<Vector, std::allocator<Vector> >::push_back(Vector const&) (stl_vector.h:1286)
      n1: 64512 0x10C4BA: Dataset::read(std::__cxx11::basic_string<char, std::char_traits<char>, std::allocator<char> >) (dataset.cpp:43)
       n0: 64512 0x10A7E3: main (pearson.cpp:17)
   n0: 1024 in 1 place, below massif's threshold (1.00%)
  n0: 0 in 1 place, below massif's threshold (1.00%)
 n1: 73728 0x491838E: ??? (in /usr/lib/x86_64-linux-gnu/libstdc++.so.6.0.33)
  n1: 73728 0x400571E: call_init.part.0 (dl-init.c:74)
   n1: 73728 0x4005823: call_init (dl-init.c:120)
    n1: 73728 0x4005823: _dl_init (dl-init.c:121)
     n1: 73728 0x401F59F: ??? (in /usr/lib/x86_64-linux-gnu/ld-linux-x86-64.so.2)
      n1: 73728 0x2: ???
       n1: 73728 0x1FFF00009E: ???
        n1: 73728 0x1FFF0000A8: ???
         n0: 73728 0x1FFF0000B6: ???
 n1: 12288 0x10BCC7: std::__new_allocator<double>::allocate(unsigned long, void const*) (new_allocator.h:151)
  n1: 12288 0x10B922: allocate (alloc_traits.h:482)
   n1: 12288 0x10B922: std::_Vector_base<double, std::allocator<double> >::_M_allocate(unsigned long) (stl_vector.h:381)
    n1: 12288 0x10DBFC: void std::vector<double, std::allocator<double> >::_M_realloc_insert<double const&>(__gnu_cxx::__normal_iterator<double*, std::vector<double, std::allocator<double> > >, double const&) (vector.tcc:459)
     n1: 12288 0x10DA8D: std::vector<double, std::allocator<double> >::push_back(double const&) (stl_vector.h:1292)
      n1: 12288 0x10D5D0: Analysis::correlation_coefficients(std::vector<Vector, std::allocator<Vector> >) (analysis.cpp:21)
       n0: 12288 0x10A825: main (pearson.cpp:18)
 n1: 4096 0x10BB67: std::__new_allocator<Vector>::allocate(unsigned long, void const*) (new_allocator.h:151)
  n1: 4096 0x10B85E: allocate (alloc_traits.h:482)
   n1: 4096 0x10B85E: std::_Vector_base<Vector, std::allocator<Vector> >::_M_allocate(unsigned long) (stl_vector.h:381)
    n0: 4096 in 2 places, all below massif's threshold (1.00%)
 n0: 0 in 5 places, all below massif's threshold (1.00%)
#-----------
snapshot=69
#-----------
time=39077098
mem_heap_B=364544
mem_heap_extra_B=2088
mem_stacks_B=0
heap_tree=empty
#-----------
snapshot=70
#-----------
time=39078304
mem_heap_B=364544
mem_heap_extra_B=2088
mem_stacks_B=0
heap_tree=detailed
n5: 364544 (heap allocation functions) malloc/new/new[], --alloc-fns, etc.
 n2: 262144 0x10BF86: Vector::Vector(unsigned int) (vector.cpp:26)
  n3: 262144 0x10BFE9: Vector::Vector(Vector const&) (vector.cpp:36)
   n2: 196608 0x10BC2E: void std::_Construct<Vector, Vector const&>(Vector*, Vector const&) (stl_construct.h:119)
    n1: 131072 0x10BA0B: Vector* std::__do_uninit_copy<__gnu_cxx::__normal_iterator<Vector const*, std::vector<Vector, std::allocator<Vector> > >, Vector*>(__gnu_cxx::__normal_iterator<Vector const*, std::vector<Vector, std::allocator<Vector> > >, __gnu_cxx::__normal_iterator<Vector const*, std::vector<Vector, std::allocator<Vector> > >, Vector*) (stl_uninitialized.h:120)
     n1: 131072 0x10B897: Vector* std::__uninitialized_copy<false>::__uninit_copy<__gnu_cxx::__normal_iterator<Vector const*, std::vector<Vector, std::allocator<Vector> > >, Vector*>(__gnu_cxx::__normal_iterator<Vector const*, std::vector<Vector, std::allocator<Vector> > >, __gnu_cxx::__normal_iterator<Vector const*, std::vector<Vector, std::allocator<Vector> > >, Vector*) (stl_uninitialized.h:137)
      n1: 131072 0x10B623: Vector* std::uninitialized_copy<__gnu_cxx::__normal_iterator<Vector const*, std::vector<Vector, std::allocator<Vector> > >, Vector*>(__gnu_cxx::__normal_iterator<Vector const*, std::vector<Vector, std::allocator<Vector> > >, __gnu_cxx::__normal_iterator<Vector const*, std::vector<Vector, std::allocator<Vector> > >, Vector*) (stl_uninitialized.h:185)
       n1: 131072 0x10B29E: Vector* std::__uninitialized_copy_a<__gnu_cxx::__normal_iterator<Vector const*, std::vector<Vector, std::allocator<Vector> > >, Vector*, Vector>(__gnu_cxx::__normal_iterator<Vector const*, std::vector<Vector, std::allocator<Vector> > >, __gnu_cxx::__normal_iterator<Vector const*, std::vector<Vector, std::allocator<Vector> > >, Vector*, std::allocator<Vector>&) (stl_uninitialized.h:373)
        n1: 131072 0x10ACB7: std::vector<Vector, std::allocator<Vector> >::vector(std::vector<Vector, std::allocator<Vector> > const&) (stl_vector.h:606)
         n0: 131072 0x10A812: main (pearson.cpp:18)
    n1: 65536 0x10D4CA: Vector* std::__do_uninit_copy<Vector const*, Vector*>(Vector const*, Vector const*, Vector*) (stl_uninitialized.h:120)
     n1: 65536 0x10D487: Vector* std::__uninitialized_copy<false>::__uninit_copy<Vector const*, Vector*>(Vector const*, Vector const*, Vector*) (stl_uninitialized.h:137)
      n1: 65536 0x10D427: Vector* std::uninitialized_copy<Vector const*, Vector*>(Vector const*, Vector const*, Vector*) (stl_uninitialized.h:185)
       n1: 65536 0x10D36D: Vector* std::__uninitialized_copy_a<Vector const*, Vector*, Vector>(Vector const*, Vector const*, Vector*, std::allocator<Vector>&) (stl_uninitialized.h:373)
        n1: 65536 0x10D294: Vector* std::__uninitialized_move_if_noexcept_a<Vector*, Vector*, std::allocator<Vector> >(Vector*, Vector*, Vector*, std::allocator<Vector>&) (stl_uninitialized.h:399)
         n1: 65536 0x10CDC4: void std::vector<Vector, std::allocator<Vector> >::_M_realloc_insert<Vector const&>(__gnu_cxx::__normal_iterator<Vector*, std::vector<Vector, std::allocator<Vector> > >, Vector const&) (vector.tcc:493)
          n1: 65536 0x10CA18: std::vector<Vector, std::allocator<Vector> >::push_back(Vector const&) (stl_vector.h:1292)
           n1: 65536 0x10C4BA: Dataset::read(std::__cxx11::basic_string<char, std::char_traits<char>, std::allocator<char> >) (dataset.cpp:43)
            n0: 65536 0x10A7E3: main (pearson.cpp:17)
   n1: 64512 0x10C9BC: construct<Vector, const Vector&> (new_allocator.h:191)
    n1: 64512 0x10C9BC: construct<Vector, const Vector&> (alloc_traits.h:538)
     n1: 64512 0x10C9BC: std::vector<Vector, std::allocator<Vector> >::push_back(Vector const&) (stl_vector.h:1286)
      n1: 64512 0x10C4BA: Dataset::read(std::__cxx11::basic_string<char, std::char_traits<char>, std::allocator<char> >) (dataset.cpp:43)
       n0: 64512 0x10A7E3: main (pearson.cpp:17)
   n0: 1024 in 1 place, below massif's threshold (1.00%)
  n0: 0 in 1 place, below massif's threshold (1.00%)
 n1: 73728 0x491838E: ??? (in /usr/lib/x86_64-linux-gnu/libstdc++.so.6.0.33)
  n1: 73728 0x400571E: call_init.part.0 (dl-init.c:74)
   n1: 73728 0x4005823: call_init (dl-init.c:120)
    n1: 73728 0x4005823: _dl_init (dl-init.c:121)
     n1: 73728 0x401F59F: ??? (in /usr/lib/x86_64-linux-gnu/ld-linux-x86-64.so.2)
      n1: 73728 0x2: ???
       n1: 73728 0x1FFF00009E: ???
        n1: 73728 0x1FFF0000A8: ???
         n0: 73728 0x1FFF0000B6: ???
 n1: 24576 0x10BCC7: std::__new_allocator<double>::allocate(unsigned long, void const*) (new_allocator.h:151)
  n1: 24576 0x10B922: allocate (alloc_traits.h:482)
   n1: 24576 0x10B922: std::_Vector_base<double, std::allocator<double> >::_M_allocate(unsigned long) (stl_vector.h:381)
    n1: 24576 0x10DBFC: void std::vector<double, std::allocator<double> >::_M_realloc_insert<double const&>(__gnu_cxx::__normal_iterator<double*, std::vector<double, std::allocator<double> > >, double const&) (vector.tcc:459)
     n1: 24576 0x10DA8D: std::vector<double, std::allocator<double> >::push_back(double const&) (stl_vector.h:1292)
      n1: 24576 0x10D5D0: Analysis::correlation_coefficients(std::vector<Vector, std::allocator<Vector> >) (analysis.cpp:21)
       n0: 24576 0x10A825: main (pearson.cpp:18)
 n1: 4096 0x10BB67: std::__new_allocator<Vector>::allocate(unsigned long, void const*) (new_allocator.h:151)
  n1: 4096 0x10B85E: allocate (alloc_traits.h:482)
   n1: 4096 0x10B85E: std::_Vector_base<Vector, std::allocator<Vector> >::_M_allocate(unsigned long) (stl_vector.h:381)
    n0: 4096 in 2 places, all below massif's threshold (1.00%)
 n0: 0 in 5 places, all below massif's threshold (1.00%)
#-----------
snapshot=71
#-----------
time=44245269
mem_heap_B=389120
mem_heap_extra_B=2088
mem_stacks_B=0
heap_tree=empty
#-----------
snapshot=72
#-----------
time=44262032
mem_heap_B=389120
mem_heap_extra_B=2088
mem_stacks_B=0
heap_tree=detailed
n5: 389120 (heap allocation functions) malloc/new/new[], --alloc-fns, etc.
 n2: 262144 0x10BF86: Vector::Vector(unsigned int) (vector.cpp:26)
  n3: 262144 0x10BFE9: Vector::Vector(Vector const&) (vector.cpp:36)
   n2: 196608 0x10BC2E: void std::_Construct<Vector, Vector const&>(Vector*, Vector const&) (stl_construct.h:119)
    n1: 131072 0x10BA0B: Vector* std::__do_uninit_copy<__gnu_cxx::__normal_iterator<Vector const*, std::vector<Vector, std::allocator<Vector> > >, Vector*>(__gnu_cxx::__normal_iterator<Vector const*, std::vector<Vector, std::allocator<Vector> > >, __gnu_cxx::__normal_iterator<Vector const*, std::vector<Vector, std::allocator<Vector> > >, Vector*) (stl_uninitialized.h:120)
     n1: 131072 0x10B897: Vector* std::__uninitialized_copy<false>::__uninit_copy<__gnu_cxx::__normal_iterator<Vector const*, std::vector<Vector, std::allocator<Vector> > >, Vector*>(__gnu_cxx::__normal_iterator<Vector const*, std::vector<Vector, std::allocator<Vector> > >, __gnu_cxx::__normal_iterator<Vector const*, std::vector<Vector, std::allocator<Vector> > >, Vector*) (stl_uninitialized.h:137)
      n1: 131072 0x10B623: Vector* std::uninitialized_copy<__gnu_cxx::__normal_iterator<Vector const*, std::vector<Vector, std::allocator<Vector> > >, Vector*>(__gnu_cxx::__normal_iterator<Vector const*, std::vector<Vector, std::allocator<Vector> > >, __gnu_cxx::__normal_iterator<Vector const*, std::vector<Vector, std::allocator<Vector> > >, Vector*) (stl_uninitialized.h:185)
       n1: 131072 0x10B29E: Vector* std::__uninitialized_copy_a<__gnu_cxx::__normal_iterator<Vector const*, std::vector<Vector, std::allocator<Vector> > >, Vector*, Vector>(__gnu_cxx::__normal_iterator<Vector const*, std::vector<Vector, std::allocator<Vector> > >, __gnu_cxx::__normal_iterator<Vector const*, std::vector<Vector, std::allocator<Vector> > >, Vector*, std::allocator<Vector>&) (stl_uninitialized.h:373)
        n1: 131072 0x10ACB7: std::vector<Vector, std::allocator<Vector> >::vector(std::vector<Vector, std::allocator<Vector> > const&) (stl_vector.h:606)
         n0: 131072 0x10A812: main (pearson.cpp:18)
    n1: 65536 0x10D4CA: Vector* std::__do_uninit_copy<Vector const*, Vector*>(Vector const*, Vector const*, Vector*) (stl_uninitialized.h:120)
     n1: 65536 0x10D487: Vector* std::__uninitialized_copy<false>::__uninit_copy<Vector const*, Vector*>(Vector const*, Vector const*, Vector*) (stl_uninitialized.h:137)
      n1: 65536 0x10D427: Vector* std::uninitialized_copy<Vector const*, Vector*>(Vector const*, Vector const*, Vector*) (stl_uninitialized.h:185)
       n1: 65536 0x10D36D: Vector* std::__uninitialized_copy_a<Vector const*, Vector*, Vector>(Vector const*, Vector const*, Vector*, std::allocator<Vector>&) (stl_uninitialized.h:373)
        n1: 65536 0x10D294: Vector* std::__uninitialized_move_if_noexcept_a<Vector*, Vector*, std::allocator<Vector> >(Vector*, Vector*, Vector*, std::allocator<Vector>&) (stl_uninitialized.h:399)
         n1: 65536 0x10CDC4: void std::vector<Vector, std::allocator<Vector> >::_M_realloc_insert<Vector const&>(__gnu_cxx::__normal_iterator<Vector*, std::vector<Vector, std::allocator<Vector> > >, Vector const&) (vector.tcc:493)
          n1: 65536 0x10CA18: std::vector<Vector, std::allocator<Vector> >::push_back(Vector const&) (stl_vector.h:1292)
           n1: 65536 0x10C4BA: Dataset::read(std::__cxx11::basic_string<char, std::char_traits<char>, std::allocator<char> >) (dataset.cpp:43)
            n0: 65536 0x10A7E3: main (pearson.cpp:17)
   n1: 64512 0x10C9BC: construct<Vector, const Vector&> (new_allocator.h:191)
    n1: 64512 0x10C9BC: construct<Vector, const Vector&> (alloc_traits.h:538)
     n1: 64512 0x10C9BC: std::vector<Vector, std::allocator<Vector> >::push_back(Vector const&) (stl_vector.h:1286)
      n1: 64512 0x10C4BA: Dataset::read(std::__cxx11::basic_string<char, std::char_traits<char>, std::allocator<char> >) (dataset.cpp:43)
       n0: 64512 0x10A7E3: main (pearson.cpp:17)
   n0: 1024 in 1 place, below massif's threshold (1.00%)
  n0: 0 in 1 place, below massif's threshold (1.00%)
 n1: 73728 0x491838E: ??? (in /usr/lib/x86_64-linux-gnu/libstdc++.so.6.0.33)
  n1: 73728 0x400571E: call_init.part.0 (dl-init.c:74)
   n1: 73728 0x4005823: call_init (dl-init.c:120)
    n1: 73728 0x4005823: _dl_init (dl-init.c:121)
     n1: 73728 0x401F59F: ??? (in /usr/lib/x86_64-linux-gnu/ld-linux-x86-64.so.2)
      n1: 73728 0x2: ???
       n1: 73728 0x1FFF00009E: ???
        n1: 73728 0x1FFF0000A8: ???
         n0: 73728 0x1FFF0000B6: ???
 n1: 49152 0x10BCC7: std::__new_allocator<double>::allocate(unsigned long, void const*) (new_allocator.h:151)
  n1: 49152 0x10B922: allocate (alloc_traits.h:482)
   n1: 49152 0x10B922: std::_Vector_base<double, std::allocator<double> >::_M_allocate(unsigned long) (stl_vector.h:381)
    n1: 49152 0x10DBFC: void std::vector<double, std::allocator<double> >::_M_realloc_insert<double const&>(__gnu_cxx::__normal_iterator<double*, std::vector<double, std::allocator<double> > >, double const&) (vector.tcc:459)
     n1: 49152 0x10DA8D: std::vector<double, std::allocator<double> >::push_back(double const&) (stl_vector.h:1292)
      n1: 49152 0x10D5D0: Analysis::correlation_coefficients(std::vector<Vector, std::allocator<Vector> >) (analysis.cpp:21)
       n0: 49152 0x10A825: main (pearson.cpp:18)
 n1: 4096 0x10BB67: std::__new_allocator<Vector>::allocate(unsigned long, void const*) (new_allocator.h:151)
  n1: 4096 0x10B85E: allocate (alloc_traits.h:482)
   n1: 4096 0x10B85E: std::_Vector_base<Vector, std::allocator<Vector> >::_M_allocate(unsigned long) (stl_vector.h:381)
    n0: 4096 in 2 places, all below massif's threshold (1.00%)
 n0: 0 in 5 places, all below massif's threshold (1.00%)
#-----------
snapshot=73
#-----------
time=54595627
mem_heap_B=438272
mem_heap_extra_B=2088
mem_stacks_B=0
heap_tree=empty
#-----------
snapshot=74
#-----------
time=54628806
mem_heap_B=438272
mem_heap_extra_B=2088
mem_stacks_B=0
heap_tree=peak
n4: 438272 (heap allocation functions) malloc/new/new[], --alloc-fns, etc.
 n2: 262144 0x10BF86: Vector::Vector(unsigned int) (vector.cpp:26)
  n3: 262144 0x10BFE9: Vector::Vector(Vector const&) (vector.cpp:36)
   n2: 196608 0x10BC2E: void std::_Construct<Vector, Vector const&>(Vector*, Vector const&) (stl_construct.h:119)
    n1: 131072 0x10BA0B: Vector* std::__do_uninit_copy<__gnu_cxx::__normal_iterator<Vector const*, std::vector<Vector, std::allocator<Vector> > >, Vector*>(__gnu_cxx::__normal_iterator<Vector const*, std::vector<Vector, std::allocator<Vector> > >, __gnu_cxx::__normal_iterator<Vector const*, std::vector<Vector, std::allocator<Vector> > >, Vector*) (stl_uninitialized.h:120)
     n1: 131072 0x10B897: Vector* std::__uninitialized_copy<false>::__uninit_copy<__gnu_cxx::__normal_iterator<Vector const*, std::vector<Vector, std::allocator<Vector> > >, Vector*>(__gnu_cxx::__normal_iterator<Vector const*, std::vector<Vector, std::allocator<Vector> > >, __gnu_cxx::__normal_iterator<Vector const*, std::vector<Vector, std::allocator<Vector> > >, Vector*) (stl_uninitialized.h:137)
      n1: 131072 0x10B623: Vector* std::uninitialized_copy<__gnu_cxx::__normal_iterator<Vector const*, std::vector<Vector, std::allocator<Vector> > >, Vector*>(__gnu_cxx::__normal_iterator<Vector const*, std::vector<Vector, std::allocator<Vector> > >, __gnu_cxx::__normal_iterator<Vector const*, std::vector<Vector, std::allocator<Vector> > >, Vector*) (stl_uninitialized.h:185)
       n1: 131072 0x10B29E: Vector* std::__uninitialized_copy_a<__gnu_cxx::__normal_iterator<Vector const*, std::vector<Vector, std::allocator<Vector> > >, Vector*, Vector>(__gnu_cxx::__normal_iterator<Vector const*, std::vector<Vector, std::allocator<Vector> > >, __gnu_cxx::__normal_iterator<Vector const*, std::vector<Vector, std::allocator<Vector> > >, Vector*, std::allocator<Vector>&) (stl_uninitialized.h:373)
        n1: 131072 0x10ACB7: std::vector<Vector, std::allocator<Vector> >::vector(std::vector<Vector, std::allocator<Vector> > const&) (stl_vector.h:606)
         n0: 131072 0x10A812: main (pearson.cpp:18)
    n1: 65536 0x10D4CA: Vector* std::__do_uninit_copy<Vector const*, Vector*>(Vector const*, Vector const*, Vector*) (stl_uninitialized.h:120)
     n1: 65536 0x10D487: Vector* std::__uninitialized_copy<false>::__uninit_copy<Vector const*, Vector*>(Vector const*, Vector const*, Vector*) (stl_uninitialized.h:137)
      n1: 65536 0x10D427: Vector* std::uninitialized_copy<Vector const*, Vector*>(Vector const*, Vector const*, Vector*) (stl_uninitialized.h:185)
       n1: 65536 0x10D36D: Vector* std::__uninitialized_copy_a<Vector const*, Vector*, Vector>(Vector const*, Vector const*, Vector*, std::allocator<Vector>&) (stl_uninitialized.h:373)
        n1: 65536 0x10D294: Vector* std::__uninitialized_move_if_noexcept_a<Vector*, Vector*, std::allocator<Vector> >(Vector*, Vector*, Vector*, std::allocator<Vector>&) (stl_uninitialized.h:399)
         n1: 65536 0x10CDC4: void std::vector<Vector, std::allocator<Vector> >::_M_realloc_insert<Vector const&>(__gnu_cxx::__normal_iterator<Vector*, std::vector<Vector, std::allocator<Vector> > >, Vector const&) (vector.tcc:493)
          n1: 65536 0x10CA18: std::vector<Vector, std::allocator<Vector> >::push_back(Vector const&) (stl_vector.h:1292)
           n1: 65536 0x10C4BA: Dataset::read(std::__cxx11::basic_string<char, std::char_traits<char>, std::allocator<char> >) (dataset.cpp:43)
            n0: 65536 0x10A7E3: main (pearson.cpp:17)
   n1: 64512 0x10C9BC: construct<Vector, const Vector&> (new_allocator.h:191)
    n1: 64512 0x10C9BC: construct<Vector, const Vector&> (alloc_traits.h:538)
     n1: 64512 0x10C9BC: std::vector<Vector, std::allocator<Vector> >::push_back(Vector const&) (stl_vector.h:1286)
      n1: 64512 0x10C4BA: Dataset::read(std::__cxx11::basic_string<char, std::char_traits<char>, std::allocator<char> >) (dataset.cpp:43)
       n0: 64512 0x10A7E3: main (pearson.cpp:17)
   n0: 1024 in 1 place, below massif's threshold (1.00%)
  n0: 0 in 1 place, below massif's threshold (1.00%)
 n1: 98304 0x10BCC7: std::__new_allocator<double>::allocate(unsigned long, void const*) (new_allocator.h:151)
  n1: 98304 0x10B922: allocate (alloc_traits.h:482)
   n1: 98304 0x10B922: std::_Vector_base<double, std::allocator<double> >::_M_allocate(unsigned long) (stl_vector.h:381)
    n1: 98304 0x10DBFC: void std::vector<double, std::allocator<double> >::_M_realloc_insert<double const&>(__gnu_cxx::__normal_iterator<double*, std::vector<double, std::allocator<double> > >, double const&) (vector.tcc:459)
     n1: 98304 0x10DA8D: std::vector<double, std::allocator<double> >::push_back(double const&) (stl_vector.h:1292)
      n1: 98304 0x10D5D0: Analysis::correlation_coefficients(std::vector<Vector, std::allocator<Vector> >) (analysis.cpp:21)
       n0: 98304 0x10A825: main (pearson.cpp:18)
 n1: 73728 0x491838E: ??? (in /usr/lib/x86_64-linux-gnu/libstdc++.so.6.0.33)
  n1: 73728 0x400571E: call_init.part.0 (dl-init.c:74)
   n1: 73728 0x4005823: call_init (dl-init.c:120)
    n1: 73728 0x4005823: _dl_init (dl-init.c:121)
     n1: 73728 0x401F59F: ??? (in /usr/lib/x86_64-linux-gnu/ld-linux-x86-64.so.2)
      n1: 73728 0x2: ???
       n1: 73728 0x1FFF00009E: ???
        n1: 73728 0x1FFF0000A8: ???
         n0: 73728 0x1FFF0000B6: ???
 n0: 4096 in 6 places, all below massif's threshold (1.00%)
#-----------
snapshot=75
#-----------
time=74969868
mem_heap_B=404480
mem_heap_extra_B=2072
mem_stacks_B=0
heap_tree=empty
#-----------
snapshot=76
#-----------
time=100860856
mem_heap_B=337902
mem_heap_extra_B=1090
mem_stacks_B=0
heap_tree=empty
