desc: --massif-out-file=Performance/massif.128.run3.out
cmd: ./pearson data/128.data output/output_128.txt
time_unit: i
#-----------
snapshot=0
#-----------
time=0
mem_heap_B=0
mem_heap_extra_B=0
mem_stacks_B=0
heap_tree=empty
#-----------
snapshot=1
#-----------
time=2005719
mem_heap_B=73728
mem_heap_extra_B=8
mem_stacks_B=0
heap_tree=empty
#-----------
snapshot=2
#-----------
time=2242449
mem_heap_B=85304
mem_heap_extra_B=72
mem_stacks_B=0
heap_tree=empty
#-----------
snapshot=3
#-----------
time=2451931
mem_heap_B=87448
mem_heap_extra_B=88
mem_stacks_B=0
heap_tree=empty
#-----------
snapshot=4
#-----------
time=2768253
mem_heap_B=91480
mem_heap_extra_B=112
mem_stacks_B=0
heap_tree=empty
#-----------
snapshot=5
#-----------
time=3097020
mem_heap_B=94680
mem_heap_extra_B=136
mem_stacks_B=0
heap_tree=empty
#-----------
snapshot=6
#-----------
time=3402159
mem_heap_B=97752
mem_heap_extra_B=160
mem_stacks_B=0
heap_tree=empty
#-----------
snapshot=7
#-----------
time=3606160
mem_heap_B=99800
mem_heap_extra_B=176
mem_stacks_B=0
heap_tree=empty
#-----------
snapshot=8
#-----------
time=3856106
mem_heap_B=102104
mem_heap_extra_B=192
mem_stacks_B=0
heap_tree=empty
#-----------
snapshot=9
#-----------
time=4059844
mem_heap_B=104152
mem_heap_extra_B=208
mem_stacks_B=0
heap_tree=detailed
n4: 104152 (heap allocation functions) malloc/new/new[], --alloc-fns, etc.
 n1: 73728 0x491838E: ??? (in /usr/lib/x86_64-linux-gnu/libstdc++.so.6.0.33)
  n1: 73728 0x400571E: call_init.part.0 (dl-init.c:74)
   n1: 73728 0x4005823: call_init (dl-init.c:120)
    n1: 73728 0x4005823: _dl_init (dl-init.c:121)
     n1: 73728 0x401F59F: ??? (in /usr/lib/x86_64-linux-gnu/ld-linux-x86-64.so.2)
      n1: 73728 0x2: ???
       n1: 73728 0x1FFF00009E: ???
        n1: 73728 0x1FFF0000A8: ???
         n0: 73728 0x1FFF0000B6: ???
 n3: 20480 0x10B828: Vector::Vector(unsigned int) (vector.cpp:26)
  n1: 16384 0x10B88B: Vector::Vector(Vector const&) (vector.cpp:36)
   n1: 16384 0x10CD7B: void std::_Construct<Vector, Vector const&>(Vector*, Vector const&) (stl_construct.h:119)
    n1: 16384 0x10CCD4: Vector* std::__do_uninit_copy<Vector const*, Vector*>(Vector const*, Vector const*, Vector*) (stl_uninitialized.h:120)
     n1: 16384 0x10CC91: Vector* std::__uninitialized_copy<false>::__uninit_copy<Vector const*, Vector*>(Vector const*, Vector const*, Vector*) (stl_uninitialized.h:137)
      n1: 16384 0x10CC31: Vector* std::uninitialized_copy<Vector const*, Vector*>(Vector const*, Vector const*, Vector*) (stl_uninitialized.h:185)
       n1: 16384 0x10CAFA: Vector* std::__uninitialized_copy_a<Vector const*, Vector*, Vector>(Vector const*, Vector const*, Vector*, std::allocator<Vector>&) (stl_uninitialized.h:373)
        n1: 16384 0x10CA32: Vector* std::__uninitialized_move_if_noexcept_a<Vector*, Vector*, std::allocator<Vector> >(Vector*, Vector*, Vector*, std::allocator<Vector>&) (stl_uninitialized.h:399)
         n1: 16384 0x10C4F7: void std::vector<Vector, std::allocator<Vector> >::_M_realloc_insert<unsigned int&>(__gnu_cxx::__normal_iterator<Vector*, std::vector<Vector, std::allocator<Vector> > >, unsigned int&) (vector.tcc:493)
          n1: 16384 0x10C1EB: Vector& std::vector<Vector, std::allocator<Vector> >::emplace_back<unsigned int&>(unsigned int&) (vector.tcc:123)
           n1: 16384 0x10BCC5: Dataset::read(std::__cxx11::basic_string<char, std::char_traits<char>, std::allocator<char> > const&) (dataset.cpp:39)
            n0: 16384 0x10A7A3: main (pearson.cpp:17)
  n1: 3072 0x10C181: construct<Vector, unsigned int&> (new_allocator.h:191)
   n1: 3072 0x10C181: construct<Vector, unsigned int&> (alloc_traits.h:538)
    n1: 3072 0x10C181: Vector& std::vector<Vector, std::allocator<Vector> >::emplace_back<unsigned int&>(unsigned int&) (vector.tcc:117)
     n1: 3072 0x10BCC5: Dataset::read(std::__cxx11::basic_string<char, std::char_traits<char>, std::allocator<char> > const&) (dataset.cpp:39)
      n0: 3072 0x10A7A3: main (pearson.cpp:17)
  n0: 1024 in 1 place, below massif's threshold (1.00%)
 n1: 8192 0x498BBC3: std::basic_filebuf<char, std::char_traits<char> >::_M_allocate_internal_buffer() (in /usr/lib/x86_64-linux-gnu/libstdc++.so.6.0.33)
  n1: 8192 0x498FF46: std::basic_filebuf<char, std::char_traits<char> >::open(char const*, std::_Ios_Openmode) (in /usr/lib/x86_64-linux-gnu/libstdc++.so.6.0.33)
   n1: 8192 0x49908FA: std::basic_ifstream<char, std::char_traits<char> >::basic_ifstream(std::__cxx11::basic_string<char, std::char_traits<char>, std::allocator<char> > const&, std::_Ios_Openmode) (in /usr/lib/x86_64-linux-gnu/libstdc++.so.6.0.33)
    n1: 8192 0x10BC08: Dataset::read(std::__cxx11::basic_string<char, std::char_traits<char>, std::allocator<char> > const&) (dataset.cpp:23)
     n0: 8192 0x10A7A3: main (pearson.cpp:17)
 n0: 1752 in 3 places, all below massif's threshold (1.00%)
#-----------
snapshot=10
#-----------
time=4366214
mem_heap_B=107224
mem_heap_extra_B=232
mem_stacks_B=0
heap_tree=empty
#-----------
snapshot=11
#-----------
time=4570559
mem_heap_B=109272
mem_heap_extra_B=248
mem_stacks_B=0
heap_tree=empty
#-----------
snapshot=12
#-----------
time=4773294
mem_heap_B=111320
mem_heap_extra_B=264
mem_stacks_B=0
heap_tree=empty
#-----------
snapshot=13
#-----------
time=5177991
mem_heap_B=115416
mem_heap_extra_B=296
mem_stacks_B=0
heap_tree=empty
#-----------
snapshot=14
#-----------
time=5468839
mem_heap_B=151256
mem_heap_extra_B=576
mem_stacks_B=0
heap_tree=detailed
n5: 151256 (heap allocation functions) malloc/new/new[], --alloc-fns, etc.
 n1: 73728 0x491838E: ??? (in /usr/lib/x86_64-linux-gnu/libstdc++.so.6.0.33)
  n1: 73728 0x400571E: call_init.part.0 (dl-init.c:74)
   n1: 73728 0x4005823: call_init (dl-init.c:120)
    n1: 73728 0x4005823: _dl_init (dl-init.c:121)
     n1: 73728 0x401F59F: ??? (in /usr/lib/x86_64-linux-gnu/ld-linux-x86-64.so.2)
      n1: 73728 0x2: ???
       n1: 73728 0x1FFF00009E: ???
        n1: 73728 0x1FFF0000A8: ???
         n0: 73728 0x1FFF0000B6: ???
 n3: 66560 0x10B828: Vector::Vector(unsigned int) (vector.cpp:26)
  n1: 49152 0x10B88B: Vector::Vector(Vector const&) (vector.cpp:36)
   n1: 49152 0x10CD7B: void std::_Construct<Vector, Vector const&>(Vector*, Vector const&) (stl_construct.h:119)
    n1: 49152 0x10CCD4: Vector* std::__do_uninit_copy<Vector const*, Vector*>(Vector const*, Vector const*, Vector*) (stl_uninitialized.h:120)
     n1: 49152 0x10CC91: Vector* std::__uninitialized_copy<false>::__uninit_copy<Vector const*, Vector*>(Vector const*, Vector const*, Vector*) (stl_uninitialized.h:137)
      n1: 49152 0x10CC31: Vector* std::uninitialized_copy<Vector const*, Vector*>(Vector const*, Vector const*, Vector*) (stl_uninitialized.h:185)
       n1: 49152 0x10CAFA: Vector* std::__uninitialized_copy_a<Vector const*, Vector*, Vector>(Vector const*, Vector const*, Vector*, std::allocator<Vector>&) (stl_uninitialized.h:373)
        n1: 49152 0x10CA32: Vector* std::__uninitialized_move_if_noexcept_a<Vector*, Vector*, std::allocator<Vector> >(Vector*, Vector*, Vector*, std::allocator<Vector>&) (stl_uninitialized.h:399)
         n1: 49152 0x10C4F7: void std::vector<Vector, std::allocator<Vector> >::_M_realloc_insert<unsigned int&>(__gnu_cxx::__normal_iterator<Vector*, std::vector<Vector, std::allocator<Vector> > >, unsigned int&) (vector.tcc:493)
          n1: 49152 0x10C1EB: Vector& std::vector<Vector, std::allocator<Vector> >::emplace_back<unsigned int&>(unsigned int&) (vector.tcc:123)
           n1: 49152 0x10BCC5: Dataset::read(std::__cxx11::basic_string<char, std::char_traits<char>, std::allocator<char> > const&) (dataset.cpp:39)
            n0: 49152 0x10A7A3: main (pearson.cpp:17)
  n1: 15360 0x10C181: construct<Vector, unsigned int&> (new_allocator.h:191)
   n1: 15360 0x10C181: construct<Vector, unsigned int&> (alloc_traits.h:538)
    n1: 15360 0x10C181: Vector& std::vector<Vector, std::allocator<Vector> >::emplace_back<unsigned int&>(unsigned int&) (vector.tcc:117)
     n1: 15360 0x10BCC5: Dataset::read(std::__cxx11::basic_string<char, std::char_traits<char>, std::allocator<char> > const&) (dataset.cpp:39)
      n0: 15360 0x10A7A3: main (pearson.cpp:17)
  n1: 2048 0x10C4AD: construct<Vector, unsigned int&> (new_allocator.h:191)
   n1: 2048 0x10C4AD: construct<Vector, unsigned int&> (alloc_traits.h:538)
    n1: 2048 0x10C4AD: void std::vector<Vector, std::allocator<Vector> >::_M_realloc_insert<unsigned int&>(__gnu_cxx::__normal_iterator<Vector*, std::vector<Vector, std::allocator<Vector> > >, unsigned int&) (vector.tcc:468)
     n1: 2048 0x10C1EB: Vector& std::vector<Vector, std::allocator<Vector> >::emplace_back<unsigned int&>(unsigned int&) (vector.tcc:123)
      n1: 2048 0x10BCC5: Dataset::read(std::__cxx11::basic_string<char, std::char_traits<char>, std::allocator<char> > const&) (dataset.cpp:39)
       n0: 2048 0x10A7A3: main (pearson.cpp:17)
 n1: 8192 0x498BBC3: std::basic_filebuf<char, std::char_traits<char> >::_M_allocate_internal_buffer() (in /usr/lib/x86_64-linux-gnu/libstdc++.so.6.0.33)
  n1: 8192 0x498FF46: std::basic_filebuf<char, std::char_traits<char> >::open(char const*, std::_Ios_Openmode) (in /usr/lib/x86_64-linux-gnu/libstdc++.so.6.0.33)
   n1: 8192 0x49908FA: std::basic_ifstream<char, std::char_traits<char> >::basic_ifstream(std::__cxx11::basic_string<char, std::char_traits<char>, std::allocator<char> > const&, std::_Ios_Openmode) (in /usr/lib/x86_64-linux-gnu/libstdc++.so.6.0.33)
    n1: 8192 0x10BC08: Dataset::read(std::__cxx11::basic_string<char, std::char_traits<char>, std::allocator<char> > const&) (dataset.cpp:23)
     n0: 8192 0x10A7A3: main (pearson.cpp:17)
 n1: 1536 0x10CBF7: std::__new_allocator<Vector>::allocate(unsigned long, void const*) (new_allocator.h:151)
  n1: 1536 0x10C9C4: allocate (alloc_traits.h:482)
   n1: 1536 0x10C9C4: std::_Vector_base<Vector, std::allocator<Vector> >::_M_allocate(unsigned long) (stl_vector.h:381)
    n1: 1536 0x10C3F1: void std::vector<Vector, std::allocator<Vector> >::_M_realloc_insert<unsigned int&>(__gnu_cxx::__normal_iterator<Vector*, std::vector<Vector, std::allocator<Vector> > >, unsigned int&) (vector.tcc:459)
     n1: 1536 0x10C1EB: Vector& std::vector<Vector, std::allocator<Vector> >::emplace_back<unsigned int&>(unsigned int&) (vector.tcc:123)
      n1: 1536 0x10BCC5: Dataset::read(std::__cxx11::basic_string<char, std::char_traits<char>, std::allocator<char> > const&) (dataset.cpp:39)
       n0: 1536 0x10A7A3: main (pearson.cpp:17)
 n0: 1240 in 2 places, all below massif's threshold (1.00%)
#-----------
snapshot=15
#-----------
time=5675007
mem_heap_B=120024
mem_heap_extra_B=328
mem_stacks_B=0
heap_tree=empty
#-----------
snapshot=16
#-----------
time=6081273
mem_heap_B=124120
mem_heap_extra_B=360
mem_stacks_B=0
heap_tree=empty
#-----------
snapshot=17
#-----------
time=6487198
mem_heap_B=128216
mem_heap_extra_B=392
mem_stacks_B=0
heap_tree=empty
#-----------
snapshot=18
#-----------
time=6691449
mem_heap_B=130264
mem_heap_extra_B=408
mem_stacks_B=0
heap_tree=empty
#-----------
snapshot=19
#-----------
time=6997414
mem_heap_B=133336
mem_heap_extra_B=432
mem_stacks_B=0
heap_tree=empty
#-----------
snapshot=20
#-----------
time=7302797
mem_heap_B=136408
mem_heap_extra_B=456
mem_stacks_B=0
heap_tree=detailed
n4: 136408 (heap allocation functions) malloc/new/new[], --alloc-fns, etc.
 n1: 73728 0x491838E: ??? (in /usr/lib/x86_64-linux-gnu/libstdc++.so.6.0.33)
  n1: 73728 0x400571E: call_init.part.0 (dl-init.c:74)
   n1: 73728 0x4005823: call_init (dl-init.c:120)
    n1: 73728 0x4005823: _dl_init (dl-init.c:121)
     n1: 73728 0x401F59F: ??? (in /usr/lib/x86_64-linux-gnu/ld-linux-x86-64.so.2)
      n1: 73728 0x2: ???
       n1: 73728 0x1FFF00009E: ???
        n1: 73728 0x1FFF0000A8: ???
         n0: 73728 0x1FFF0000B6: ???
 n3: 52224 0x10B828: Vector::Vector(unsigned int) (vector.cpp:26)
  n1: 32768 0x10B88B: Vector::Vector(Vector const&) (vector.cpp:36)
   n1: 32768 0x10CD7B: void std::_Construct<Vector, Vector const&>(Vector*, Vector const&) (stl_construct.h:119)
    n1: 32768 0x10CCD4: Vector* std::__do_uninit_copy<Vector const*, Vector*>(Vector const*, Vector const*, Vector*) (stl_uninitialized.h:120)
     n1: 32768 0x10CC91: Vector* std::__uninitialized_copy<false>::__uninit_copy<Vector const*, Vector*>(Vector const*, Vector const*, Vector*) (stl_uninitialized.h:137)
      n1: 32768 0x10CC31: Vector* std::uninitialized_copy<Vector const*, Vector*>(Vector const*, Vector const*, Vector*) (stl_uninitialized.h:185)
       n1: 32768 0x10CAFA: Vector* std::__uninitialized_copy_a<Vector const*, Vector*, Vector>(Vector const*, Vector const*, Vector*, std::allocator<Vector>&) (stl_uninitialized.h:373)
        n1: 32768 0x10CA32: Vector* std::__uninitialized_move_if_noexcept_a<Vector*, Vector*, std::allocator<Vector> >(Vector*, Vector*, Vector*, std::allocator<Vector>&) (stl_uninitialized.h:399)
         n1: 32768 0x10C4F7: void std::vector<Vector, std::allocator<Vector> >::_M_realloc_insert<unsigned int&>(__gnu_cxx::__normal_iterator<Vector*, std::vector<Vector, std::allocator<Vector> > >, unsigned int&) (vector.tcc:493)
          n1: 32768 0x10C1EB: Vector& std::vector<Vector, std::allocator<Vector> >::emplace_back<unsigned int&>(unsigned int&) (vector.tcc:123)
           n1: 32768 0x10BCC5: Dataset::read(std::__cxx11::basic_string<char, std::char_traits<char>, std::allocator<char> > const&) (dataset.cpp:39)
            n0: 32768 0x10A7A3: main (pearson.cpp:17)
  n1: 18432 0x10C181: construct<Vector, unsigned int&> (new_allocator.h:191)
   n1: 18432 0x10C181: construct<Vector, unsigned int&> (alloc_traits.h:538)
    n1: 18432 0x10C181: Vector& std::vector<Vector, std::allocator<Vector> >::emplace_back<unsigned int&>(unsigned int&) (vector.tcc:117)
     n1: 18432 0x10BCC5: Dataset::read(std::__cxx11::basic_string<char, std::char_traits<char>, std::allocator<char> > const&) (dataset.cpp:39)
      n0: 18432 0x10A7A3: main (pearson.cpp:17)
  n0: 1024 in 1 place, below massif's threshold (1.00%)
 n1: 8192 0x498BBC3: std::basic_filebuf<char, std::char_traits<char> >::_M_allocate_internal_buffer() (in /usr/lib/x86_64-linux-gnu/libstdc++.so.6.0.33)
  n1: 8192 0x498FF46: std::basic_filebuf<char, std::char_traits<char> >::open(char const*, std::_Ios_Openmode) (in /usr/lib/x86_64-linux-gnu/libstdc++.so.6.0.33)
   n1: 8192 0x49908FA: std::basic_ifstream<char, std::char_traits<char> >::basic_ifstream(std::__cxx11::basic_string<char, std::char_traits<char>, std::allocator<char> > const&, std::_Ios_Openmode) (in /usr/lib/x86_64-linux-gnu/libstdc++.so.6.0.33)
    n1: 8192 0x10BC08: Dataset::read(std::__cxx11::basic_string<char, std::char_traits<char>, std::allocator<char> > const&) (dataset.cpp:23)
     n0: 8192 0x10A7A3: main (pearson.cpp:17)
 n0: 2264 in 3 places, all below massif's threshold (1.00%)
#-----------
snapshot=21
#-----------
time=7505914
mem_heap_B=138456
mem_heap_extra_B=472
mem_stacks_B=0
heap_tree=empty
#-----------
snapshot=22
#-----------
time=7810752
mem_heap_B=141528
mem_heap_extra_B=496
mem_stacks_B=0
heap_tree=empty
#-----------
snapshot=23
#-----------
time=8116333
mem_heap_B=144600
mem_heap_extra_B=520
mem_stacks_B=0
heap_tree=empty
#-----------
snapshot=24
#-----------
time=8320221
mem_heap_B=146648
mem_heap_extra_B=536
mem_stacks_B=0
heap_tree=detailed
n4: 146648 (heap allocation functions) malloc/new/new[], --alloc-fns, etc.
 n1: 73728 0x491838E: ??? (in /usr/lib/x86_64-linux-gnu/libstdc++.so.6.0.33)
  n1: 73728 0x400571E: call_init.part.0 (dl-init.c:74)
   n1: 73728 0x4005823: call_init (dl-init.c:120)
    n1: 73728 0x4005823: _dl_init (dl-init.c:121)
     n1: 73728 0x401F59F: ??? (in /usr/lib/x86_64-linux-gnu/ld-linux-x86-64.so.2)
      n1: 73728 0x2: ???
       n1: 73728 0x1FFF00009E: ???
        n1: 73728 0x1FFF0000A8: ???
         n0: 73728 0x1FFF0000B6: ???
 n3: 62464 0x10B828: Vector::Vector(unsigned int) (vector.cpp:26)
  n1: 32768 0x10B88B: Vector::Vector(Vector const&) (vector.cpp:36)
   n1: 32768 0x10CD7B: void std::_Construct<Vector, Vector const&>(Vector*, Vector const&) (stl_construct.h:119)
    n1: 32768 0x10CCD4: Vector* std::__do_uninit_copy<Vector const*, Vector*>(Vector const*, Vector const*, Vector*) (stl_uninitialized.h:120)
     n1: 32768 0x10CC91: Vector* std::__uninitialized_copy<false>::__uninit_copy<Vector const*, Vector*>(Vector const*, Vector const*, Vector*) (stl_uninitialized.h:137)
      n1: 32768 0x10CC31: Vector* std::uninitialized_copy<Vector const*, Vector*>(Vector const*, Vector const*, Vector*) (stl_uninitialized.h:185)
       n1: 32768 0x10CAFA: Vector* std::__uninitialized_copy_a<Vector const*, Vector*, Vector>(Vector const*, Vector const*, Vector*, std::allocator<Vector>&) (stl_uninitialized.h:373)
        n1: 32768 0x10CA32: Vector* std::__uninitialized_move_if_noexcept_a<Vector*, Vector*, std::allocator<Vector> >(Vector*, Vector*, Vector*, std::allocator<Vector>&) (stl_uninitialized.h:399)
         n1: 32768 0x10C4F7: void std::vector<Vector, std::allocator<Vector> >::_M_realloc_insert<unsigned int&>(__gnu_cxx::__normal_iterator<Vector*, std::vector<Vector, std::allocator<Vector> > >, unsigned int&) (vector.tcc:493)
          n1: 32768 0x10C1EB: Vector& std::vector<Vector, std::allocator<Vector> >::emplace_back<unsigned int&>(unsigned int&) (vector.tcc:123)
           n1: 32768 0x10BCC5: Dataset::read(std::__cxx11::basic_string<char, std::char_traits<char>, std::allocator<char> > const&) (dataset.cpp:39)
            n0: 32768 0x10A7A3: main (pearson.cpp:17)
  n1: 28672 0x10C181: construct<Vector, unsigned int&> (new_allocator.h:191)
   n1: 28672 0x10C181: construct<Vector, unsigned int&> (alloc_traits.h:538)
    n1: 28672 0x10C181: Vector& std::vector<Vector, std::allocator<Vector> >::emplace_back<unsigned int&>(unsigned int&) (vector.tcc:117)
     n1: 28672 0x10BCC5: Dataset::read(std::__cxx11::basic_string<char, std::char_traits<char>, std::allocator<char> > const&) (dataset.cpp:39)
      n0: 28672 0x10A7A3: main (pearson.cpp:17)
  n0: 1024 in 1 place, below massif's threshold (1.00%)
 n1: 8192 0x498BBC3: std::basic_filebuf<char, std::char_traits<char> >::_M_allocate_internal_buffer() (in /usr/lib/x86_64-linux-gnu/libstdc++.so.6.0.33)
  n1: 8192 0x498FF46: std::basic_filebuf<char, std::char_traits<char> >::open(char const*, std::_Ios_Openmode) (in /usr/lib/x86_64-linux-gnu/libstdc++.so.6.0.33)
   n1: 8192 0x49908FA: std::basic_ifstream<char, std::char_traits<char> >::basic_ifstream(std::__cxx11::basic_string<char, std::char_traits<char>, std::allocator<char> > const&, std::_Ios_Openmode) (in /usr/lib/x86_64-linux-gnu/libstdc++.so.6.0.33)
    n1: 8192 0x10BC08: Dataset::read(std::__cxx11::basic_string<char, std::char_traits<char>, std::allocator<char> > const&) (dataset.cpp:23)
     n0: 8192 0x10A7A3: main (pearson.cpp:17)
 n0: 2264 in 3 places, all below massif's threshold (1.00%)
#-----------
snapshot=25
#-----------
time=8625390
mem_heap_B=149720
mem_heap_extra_B=560
mem_stacks_B=0
heap_tree=empty
#-----------
snapshot=26
#-----------
time=8900993
mem_heap_B=218328
mem_heap_extra_B=1088
mem_stacks_B=0
heap_tree=detailed
n5: 218328 (heap allocation functions) malloc/new/new[], --alloc-fns, etc.
 n3: 132096 0x10B828: Vector::Vector(unsigned int) (vector.cpp:26)
  n1: 98304 0x10B88B: Vector::Vector(Vector const&) (vector.cpp:36)
   n1: 98304 0x10CD7B: void std::_Construct<Vector, Vector const&>(Vector*, Vector const&) (stl_construct.h:119)
    n1: 98304 0x10CCD4: Vector* std::__do_uninit_copy<Vector const*, Vector*>(Vector const*, Vector const*, Vector*) (stl_uninitialized.h:120)
     n1: 98304 0x10CC91: Vector* std::__uninitialized_copy<false>::__uninit_copy<Vector const*, Vector*>(Vector const*, Vector const*, Vector*) (stl_uninitialized.h:137)
      n1: 98304 0x10CC31: Vector* std::uninitialized_copy<Vector const*, Vector*>(Vector const*, Vector const*, Vector*) (stl_uninitialized.h:185)
       n1: 98304 0x10CAFA: Vector* std::__uninitialized_copy_a<Vector const*, Vector*, Vector>(Vector const*, Vector const*, Vector*, std::allocator<Vector>&) (stl_uninitialized.h:373)
        n1: 98304 0x10CA32: Vector* std::__uninitialized_move_if_noexcept_a<Vector*, Vector*, std::allocator<Vector> >(Vector*, Vector*, Vector*, std::allocator<Vector>&) (stl_uninitialized.h:399)
         n1: 98304 0x10C4F7: void std::vector<Vector, std::allocator<Vector> >::_M_realloc_insert<unsigned int&>(__gnu_cxx::__normal_iterator<Vector*, std::vector<Vector, std::allocator<Vector> > >, unsigned int&) (vector.tcc:493)
          n1: 98304 0x10C1EB: Vector& std::vector<Vector, std::allocator<Vector> >::emplace_back<unsigned int&>(unsigned int&) (vector.tcc:123)
           n1: 98304 0x10BCC5: Dataset::read(std::__cxx11::basic_string<char, std::char_traits<char>, std::allocator<char> > const&) (dataset.cpp:39)
            n0: 98304 0x10A7A3: main (pearson.cpp:17)
  n1: 31744 0x10C181: construct<Vector, unsigned int&> (new_allocator.h:191)
   n1: 31744 0x10C181: construct<Vector, unsigned int&> (alloc_traits.h:538)
    n1: 31744 0x10C181: Vector& std::vector<Vector, std::allocator<Vector> >::emplace_back<unsigned int&>(unsigned int&) (vector.tcc:117)
     n1: 31744 0x10BCC5: Dataset::read(std::__cxx11::basic_string<char, std::char_traits<char>, std::allocator<char> > const&) (dataset.cpp:39)
      n0: 31744 0x10A7A3: main (pearson.cpp:17)
  n0: 2048 in 1 place, below massif's threshold (1.00%)
 n1: 73728 0x491838E: ??? (in /usr/lib/x86_64-linux-gnu/libstdc++.so.6.0.33)
  n1: 73728 0x400571E: call_init.part.0 (dl-init.c:74)
   n1: 73728 0x4005823: call_init (dl-init.c:120)
    n1: 73728 0x4005823: _dl_init (dl-init.c:121)
     n1: 73728 0x401F59F: ??? (in /usr/lib/x86_64-linux-gnu/ld-linux-x86-64.so.2)
      n1: 73728 0x2: ???
       n1: 73728 0x1FFF00009E: ???
        n1: 73728 0x1FFF0000A8: ???
         n0: 73728 0x1FFF0000B6: ???
 n1: 8192 0x498BBC3: std::basic_filebuf<char, std::char_traits<char> >::_M_allocate_internal_buffer() (in /usr/lib/x86_64-linux-gnu/libstdc++.so.6.0.33)
  n1: 8192 0x498FF46: std::basic_filebuf<char, std::char_traits<char> >::open(char const*, std::_Ios_Openmode) (in /usr/lib/x86_64-linux-gnu/libstdc++.so.6.0.33)
   n1: 8192 0x49908FA: std::basic_ifstream<char, std::char_traits<char> >::basic_ifstream(std::__cxx11::basic_string<char, std::char_traits<char>, std::allocator<char> > const&, std::_Ios_Openmode) (in /usr/lib/x86_64-linux-gnu/libstdc++.so.6.0.33)
    n1: 8192 0x10BC08: Dataset::read(std::__cxx11::basic_string<char, std::char_traits<char>, std::allocator<char> > const&) (dataset.cpp:23)
     n0: 8192 0x10A7A3: main (pearson.cpp:17)
 n1: 3072 0x10CBF7: std::__new_allocator<Vector>::allocate(unsigned long, void const*) (new_allocator.h:151)
  n1: 3072 0x10C9C4: allocate (alloc_traits.h:482)
   n1: 3072 0x10C9C4: std::_Vector_base<Vector, std::allocator<Vector> >::_M_allocate(unsigned long) (stl_vector.h:381)
    n1: 3072 0x10C3F1: void std::vector<Vector, std::allocator<Vector> >::_M_realloc_insert<unsigned int&>(__gnu_cxx::__normal_iterator<Vector*, std::vector<Vector, std::allocator<Vector> > >, unsigned int&) (vector.tcc:459)
     n1: 3072 0x10C1EB: Vector& std::vector<Vector, std::allocator<Vector> >::emplace_back<unsigned int&>(unsigned int&) (vector.tcc:123)
      n1: 3072 0x10BCC5: Dataset::read(std::__cxx11::basic_string<char, std::char_traits<char>, std::allocator<char> > const&) (dataset.cpp:39)
       n0: 3072 0x10A7A3: main (pearson.cpp:17)
 n0: 1240 in 2 places, all below massif's threshold (1.00%)
#-----------
snapshot=27
#-----------
time=9111386
mem_heap_B=153816
mem_heap_extra_B=584
mem_stacks_B=0
heap_tree=empty
#-----------
snapshot=28
#-----------
time=9314458
mem_heap_B=155864
mem_heap_extra_B=600
mem_stacks_B=0
heap_tree=empty
#-----------
snapshot=29
#-----------
time=9619024
mem_heap_B=158936
mem_heap_extra_B=624
mem_stacks_B=0
heap_tree=empty
#-----------
snapshot=30
#-----------
time=9822301
mem_heap_B=160984
mem_heap_extra_B=640
mem_stacks_B=0
heap_tree=empty
#-----------
snapshot=31
#-----------
time=10027184
mem_heap_B=163032
mem_heap_extra_B=656
mem_stacks_B=0
heap_tree=detailed
n5: 163032 (heap allocation functions) malloc/new/new[], --alloc-fns, etc.
 n3: 77824 0x10B828: Vector::Vector(unsigned int) (vector.cpp:26)
  n1: 65536 0x10B88B: Vector::Vector(Vector const&) (vector.cpp:36)
   n1: 65536 0x10CD7B: void std::_Construct<Vector, Vector const&>(Vector*, Vector const&) (stl_construct.h:119)
    n1: 65536 0x10CCD4: Vector* std::__do_uninit_copy<Vector const*, Vector*>(Vector const*, Vector const*, Vector*) (stl_uninitialized.h:120)
     n1: 65536 0x10CC91: Vector* std::__uninitialized_copy<false>::__uninit_copy<Vector const*, Vector*>(Vector const*, Vector const*, Vector*) (stl_uninitialized.h:137)
      n1: 65536 0x10CC31: Vector* std::uninitialized_copy<Vector const*, Vector*>(Vector const*, Vector const*, Vector*) (stl_uninitialized.h:185)
       n1: 65536 0x10CAFA: Vector* std::__uninitialized_copy_a<Vector const*, Vector*, Vector>(Vector const*, Vector const*, Vector*, std::allocator<Vector>&) (stl_uninitialized.h:373)
        n1: 65536 0x10CA32: Vector* std::__uninitialized_move_if_noexcept_a<Vector*, Vector*, std::allocator<Vector> >(Vector*, Vector*, Vector*, std::allocator<Vector>&) (stl_uninitialized.h:399)
         n1: 65536 0x10C4F7: void std::vector<Vector, std::allocator<Vector> >::_M_realloc_insert<unsigned int&>(__gnu_cxx::__normal_iterator<Vector*, std::vector<Vector, std::allocator<Vector> > >, unsigned int&) (vector.tcc:493)
          n1: 65536 0x10C1EB: Vector& std::vector<Vector, std::allocator<Vector> >::emplace_back<unsigned int&>(unsigned int&) (vector.tcc:123)
           n1: 65536 0x10BCC5: Dataset::read(std::__cxx11::basic_string<char, std::char_traits<char>, std::allocator<char> > const&) (dataset.cpp:39)
            n0: 65536 0x10A7A3: main (pearson.cpp:17)
  n1: 11264 0x10C181: construct<Vector, unsigned int&> (new_allocator.h:191)
   n1: 11264 0x10C181: construct<Vector, unsigned int&> (alloc_traits.h:538)
    n1: 11264 0x10C181: Vector& std::vector<Vector, std::allocator<Vector> >::emplace_back<unsigned int&>(unsigned int&) (vector.tcc:117)
     n1: 11264 0x10BCC5: Dataset::read(std::__cxx11::basic_string<char, std::char_traits<char>, std::allocator<char> > const&) (dataset.cpp:39)
      n0: 11264 0x10A7A3: main (pearson.cpp:17)
  n0: 1024 in 1 place, below massif's threshold (1.00%)
 n1: 73728 0x491838E: ??? (in /usr/lib/x86_64-linux-gnu/libstdc++.so.6.0.33)
  n1: 73728 0x400571E: call_init.part.0 (dl-init.c:74)
   n1: 73728 0x4005823: call_init (dl-init.c:120)
    n1: 73728 0x4005823: _dl_init (dl-init.c:121)
     n1: 73728 0x401F59F: ??? (in /usr/lib/x86_64-linux-gnu/ld-linux-x86-64.so.2)
      n1: 73728 0x2: ???
       n1: 73728 0x1FFF00009E: ???
        n1: 73728 0x1FFF0000A8: ???
         n0: 73728 0x1FFF0000B6: ???
 n1: 8192 0x498BBC3: std::basic_filebuf<char, std::char_traits<char> >::_M_allocate_internal_buffer() (in /usr/lib/x86_64-linux-gnu/libstdc++.so.6.0.33)
  n1: 8192 0x498FF46: std::basic_filebuf<char, std::char_traits<char> >::open(char const*, std::_Ios_Openmode) (in /usr/lib/x86_64-linux-gnu/libstdc++.so.6.0.33)
   n1: 8192 0x49908FA: std::basic_ifstream<char, std::char_traits<char> >::basic_ifstream(std::__cxx11::basic_string<char, std::char_traits<char>, std::allocator<char> > const&, std::_Ios_Openmode) (in /usr/lib/x86_64-linux-gnu/libstdc++.so.6.0.33)
    n1: 8192 0x10BC08: Dataset::read(std::__cxx11::basic_string<char, std::char_traits<char>, std::allocator<char> > const&) (dataset.cpp:23)
     n0: 8192 0x10A7A3: main (pearson.cpp:17)
 n1: 2048 0x10CBF7: std::__new_allocator<Vector>::allocate(unsigned long, void const*) (new_allocator.h:151)
  n1: 2048 0x10C9C4: allocate (alloc_traits.h:482)
   n1: 2048 0x10C9C4: std::_Vector_base<Vector, std::allocator<Vector> >::_M_allocate(unsigned long) (stl_vector.h:381)
    n1: 2048 0x10C3F1: void std::vector<Vector, std::allocator<Vector> >::_M_realloc_insert<unsigned int&>(__gnu_cxx::__normal_iterator<Vector*, std::vector<Vector, std::allocator<Vector> > >, unsigned int&) (vector.tcc:459)
     n1: 2048 0x10C1EB: Vector& std::vector<Vector, std::allocator<Vector> >::emplace_back<unsigned int&>(unsigned int&) (vector.tcc:123)
      n1: 2048 0x10BCC5: Dataset::read(std::__cxx11::basic_string<char, std::char_traits<char>, std::allocator<char> > const&) (dataset.cpp:39)
       n0: 2048 0x10A7A3: main (pearson.cpp:17)
 n0: 1240 in 2 places, all below massif's threshold (1.00%)
#-----------
snapshot=32
#-----------
time=10333167
mem_heap_B=166104
mem_heap_extra_B=680
mem_stacks_B=0
heap_tree=empty
#-----------
snapshot=33
#-----------
time=10536707
mem_heap_B=168152
mem_heap_extra_B=696
mem_stacks_B=0
heap_tree=empty
#-----------
snapshot=34
#-----------
time=10942627
mem_heap_B=172248
mem_heap_extra_B=728
mem_stacks_B=0
heap_tree=empty
#-----------
snapshot=35
#-----------
time=11145737
mem_heap_B=174296
mem_heap_extra_B=744
mem_stacks_B=0
heap_tree=empty
#-----------
snapshot=36
#-----------
time=11550948
mem_heap_B=178392
mem_heap_extra_B=776
mem_stacks_B=0
heap_tree=empty
#-----------
snapshot=37
#-----------
time=11855037
mem_heap_B=181464
mem_heap_extra_B=800
mem_stacks_B=0
heap_tree=empty
#-----------
snapshot=38
#-----------
time=12159808
mem_heap_B=184536
mem_heap_extra_B=824
mem_stacks_B=0
heap_tree=empty
#-----------
snapshot=39
#-----------
time=12362835
mem_heap_B=186584
mem_heap_extra_B=840
mem_stacks_B=0
heap_tree=empty
#-----------
snapshot=40
#-----------
time=12667603
mem_heap_B=189656
mem_heap_extra_B=864
mem_stacks_B=0
heap_tree=empty
#-----------
snapshot=41
#-----------
time=13073435
mem_heap_B=193752
mem_heap_extra_B=896
mem_stacks_B=0
heap_tree=empty
#-----------
snapshot=42
#-----------
time=13378637
mem_heap_B=196824
mem_heap_extra_B=920
mem_stacks_B=0
heap_tree=empty
#-----------
snapshot=43
#-----------
time=13785297
mem_heap_B=200920
mem_heap_extra_B=952
mem_stacks_B=0
heap_tree=empty
#-----------
snapshot=44
#-----------
time=14090404
mem_heap_B=203992
mem_heap_extra_B=976
mem_stacks_B=0
heap_tree=empty
#-----------
snapshot=45
#-----------
time=14293789
mem_heap_B=206040
mem_heap_extra_B=992
mem_stacks_B=0
heap_tree=detailed
n4: 206040 (heap allocation functions) malloc/new/new[], --alloc-fns, etc.
 n3: 120832 0x10B828: Vector::Vector(unsigned int) (vector.cpp:26)
  n1: 65536 0x10B88B: Vector::Vector(Vector const&) (vector.cpp:36)
   n1: 65536 0x10CD7B: void std::_Construct<Vector, Vector const&>(Vector*, Vector const&) (stl_construct.h:119)
    n1: 65536 0x10CCD4: Vector* std::__do_uninit_copy<Vector const*, Vector*>(Vector const*, Vector const*, Vector*) (stl_uninitialized.h:120)
     n1: 65536 0x10CC91: Vector* std::__uninitialized_copy<false>::__uninit_copy<Vector const*, Vector*>(Vector const*, Vector const*, Vector*) (stl_uninitialized.h:137)
      n1: 65536 0x10CC31: Vector* std::uninitialized_copy<Vector const*, Vector*>(Vector const*, Vector const*, Vector*) (stl_uninitialized.h:185)
       n1: 65536 0x10CAFA: Vector* std::__uninitialized_copy_a<Vector const*, Vector*, Vector>(Vector const*, Vector const*, Vector*, std::allocator<Vector>&) (stl_uninitialized.h:373)
        n1: 65536 0x10CA32: Vector* std::__uninitialized_move_if_noexcept_a<Vector*, Vector*, std::allocator<Vector> >(Vector*, Vector*, Vector*, std::allocator<Vector>&) (stl_uninitialized.h:399)
         n1: 65536 0x10C4F7: void std::vector<Vector, std::allocator<Vector> >::_M_realloc_insert<unsigned int&>(__gnu_cxx::__normal_iterator<Vector*, std::vector<Vector, std::allocator<Vector> > >, unsigned int&) (vector.tcc:493)
          n1: 65536 0x10C1EB: Vector& std::vector<Vector, std::allocator<Vector> >::emplace_back<unsigned int&>(unsigned int&) (vector.tcc:123)
           n1: 65536 0x10BCC5: Dataset::read(std::__cxx11::basic_string<char, std::char_traits<char>, std::allocator<char> > const&) (dataset.cpp:39)
            n0: 65536 0x10A7A3: main (pearson.cpp:17)
  n1: 54272 0x10C181: construct<Vector, unsigned int&> (new_allocator.h:191)
   n1: 54272 0x10C181: construct<Vector, unsigned int&> (alloc_traits.h:538)
    n1: 54272 0x10C181: Vector& std::vector<Vector, std::allocator<Vector> >::emplace_back<unsigned int&>(unsigned int&) (vector.tcc:117)
     n1: 54272 0x10BCC5: Dataset::read(std::__cxx11::basic_string<char, std::char_traits<char>, std::allocator<char> > const&) (dataset.cpp:39)
      n0: 54272 0x10A7A3: main (pearson.cpp:17)
  n0: 1024 in 1 place, below massif's threshold (1.00%)
 n1: 73728 0x491838E: ??? (in /usr/lib/x86_64-linux-gnu/libstdc++.so.6.0.33)
  n1: 73728 0x400571E: call_init.part.0 (dl-init.c:74)
   n1: 73728 0x4005823: call_init (dl-init.c:120)
    n1: 73728 0x4005823: _dl_init (dl-init.c:121)
     n1: 73728 0x401F59F: ??? (in /usr/lib/x86_64-linux-gnu/ld-linux-x86-64.so.2)
      n1: 73728 0x2: ???
       n1: 73728 0x1FFF00009E: ???
        n1: 73728 0x1FFF0000A8: ???
         n0: 73728 0x1FFF0000B6: ???
 n1: 8192 0x498BBC3: std::basic_filebuf<char, std::char_traits<char> >::_M_allocate_internal_buffer() (in /usr/lib/x86_64-linux-gnu/libstdc++.so.6.0.33)
  n1: 8192 0x498FF46: std::basic_filebuf<char, std::char_traits<char> >::open(char const*, std::_Ios_Openmode) (in /usr/lib/x86_64-linux-gnu/libstdc++.so.6.0.33)
   n1: 8192 0x49908FA: std::basic_ifstream<char, std::char_traits<char> >::basic_ifstream(std::__cxx11::basic_string<char, std::char_traits<char>, std::allocator<char> > const&, std::_Ios_Openmode) (in /usr/lib/x86_64-linux-gnu/libstdc++.so.6.0.33)
    n1: 8192 0x10BC08: Dataset::read(std::__cxx11::basic_string<char, std::char_traits<char>, std::allocator<char> > const&) (dataset.cpp:23)
     n0: 8192 0x10A7A3: main (pearson.cpp:17)
 n0: 3288 in 3 places, all below massif's threshold (1.00%)
#-----------
snapshot=46
#-----------
time=14497760
mem_heap_B=208088
mem_heap_extra_B=1008
mem_stacks_B=0
heap_tree=empty
#-----------
snapshot=47
#-----------
time=14903634
mem_heap_B=212184
mem_heap_extra_B=1040
mem_stacks_B=0
heap_tree=empty
#-----------
snapshot=48
#-----------
time=15209611
mem_heap_B=215256
mem_heap_extra_B=1064
mem_stacks_B=0
heap_tree=empty
#-----------
snapshot=49
#-----------
time=15594650
mem_heap_B=207616
mem_heap_extra_B=1056
mem_stacks_B=0
heap_tree=empty
#-----------
snapshot=50
#-----------
time=16081491
mem_heap_B=209920
mem_heap_extra_B=1056
mem_stacks_B=0
heap_tree=detailed
n4: 209920 (heap allocation functions) malloc/new/new[], --alloc-fns, etc.
 n3: 131072 0x10B828: Vector::Vector(unsigned int) (vector.cpp:26)
  n1: 65536 0x10B88B: Vector::Vector(Vector const&) (vector.cpp:36)
   n1: 65536 0x10CD7B: void std::_Construct<Vector, Vector const&>(Vector*, Vector const&) (stl_construct.h:119)
    n1: 65536 0x10CCD4: Vector* std::__do_uninit_copy<Vector const*, Vector*>(Vector const*, Vector const*, Vector*) (stl_uninitialized.h:120)
     n1: 65536 0x10CC91: Vector* std::__uninitialized_copy<false>::__uninit_copy<Vector const*, Vector*>(Vector const*, Vector const*, Vector*) (stl_uninitialized.h:137)
      n1: 65536 0x10CC31: Vector* std::uninitialized_copy<Vector const*, Vector*>(Vector const*, Vector const*, Vector*) (stl_uninitialized.h:185)
       n1: 65536 0x10CAFA: Vector* std::__uninitialized_copy_a<Vector const*, Vector*, Vector>(Vector const*, Vector const*, Vector*, std::allocator<Vector>&) (stl_uninitialized.h:373)
        n1: 65536 0x10CA32: Vector* std::__uninitialized_move_if_noexcept_a<Vector*, Vector*, std::allocator<Vector> >(Vector*, Vector*, Vector*, std::allocator<Vector>&) (stl_uninitialized.h:399)
         n1: 65536 0x10C4F7: void std::vector<Vector, std::allocator<Vector> >::_M_realloc_insert<unsigned int&>(__gnu_cxx::__normal_iterator<Vector*, std::vector<Vector, std::allocator<Vector> > >, unsigned int&) (vector.tcc:493)
          n1: 65536 0x10C1EB: Vector& std::vector<Vector, std::allocator<Vector> >::emplace_back<unsigned int&>(unsigned int&) (vector.tcc:123)
           n1: 65536 0x10BCC5: Dataset::read(std::__cxx11::basic_string<char, std::char_traits<char>, std::allocator<char> > const&) (dataset.cpp:39)
            n0: 65536 0x10A7A3: main (pearson.cpp:17)
  n1: 64512 0x10C181: construct<Vector, unsigned int&> (new_allocator.h:191)
   n1: 64512 0x10C181: construct<Vector, unsigned int&> (alloc_traits.h:538)
    n1: 64512 0x10C181: Vector& std::vector<Vector, std::allocator<Vector> >::emplace_back<unsigned int&>(unsigned int&) (vector.tcc:117)
     n1: 64512 0x10BCC5: Dataset::read(std::__cxx11::basic_string<char, std::char_traits<char>, std::allocator<char> > const&) (dataset.cpp:39)
      n0: 64512 0x10A7A3: main (pearson.cpp:17)
  n0: 1024 in 1 place, below massif's threshold (1.00%)
 n1: 73728 0x491838E: ??? (in /usr/lib/x86_64-linux-gnu/libstdc++.so.6.0.33)
  n1: 73728 0x400571E: call_init.part.0 (dl-init.c:74)
   n1: 73728 0x4005823: call_init (dl-init.c:120)
    n1: 73728 0x4005823: _dl_init (dl-init.c:121)
     n1: 73728 0x401F59F: ??? (in /usr/lib/x86_64-linux-gnu/ld-linux-x86-64.so.2)
      n1: 73728 0x2: ???
       n1: 73728 0x1FFF00009E: ???
        n1: 73728 0x1FFF0000A8: ???
         n0: 73728 0x1FFF0000B6: ???
 n1: 3072 0x10B58D: std::__new_allocator<double>::allocate(unsigned long, void const*) (new_allocator.h:151)
  n1: 3072 0x10B400: allocate (alloc_traits.h:482)
   n1: 3072 0x10B400: std::_Vector_base<double, std::allocator<double> >::_M_allocate(unsigned long) (stl_vector.h:381)
    n1: 3072 0x10D844: void std::vector<double, std::allocator<double> >::_M_realloc_insert<double const&>(__gnu_cxx::__normal_iterator<double*, std::vector<double, std::allocator<double> > >, double const&) (vector.tcc:459)
     n1: 3072 0x10D6D5: std::vector<double, std::allocator<double> >::push_back(double const&) (stl_vector.h:1292)
      n1: 3072 0x10CE69: Analysis::correlation_coefficients(std::vector<Vector, std::allocator<Vector> > const&) (analysis.cpp:21)
       n0: 3072 0x10A7D2: main (pearson.cpp:18)
 n0: 2048 in 4 places, all below massif's threshold (1.00%)
#-----------
snapshot=51
#-----------
time=16729168
mem_heap_B=212992
mem_heap_extra_B=1056
mem_stacks_B=0
heap_tree=empty
#-----------
snapshot=52
#-----------
time=18023647
mem_heap_B=219136
mem_heap_extra_B=1056
mem_stacks_B=0
heap_tree=empty
#-----------
snapshot=53
#-----------
time=20611730
mem_heap_B=231424
mem_heap_extra_B=1056
mem_stacks_B=0
heap_tree=empty
#-----------
snapshot=54
#-----------
time=20612936
mem_heap_B=231424
mem_heap_extra_B=1056
mem_stacks_B=0
heap_tree=detailed
n4: 231424 (heap allocation functions) malloc/new/new[], --alloc-fns, etc.
 n3: 131072 0x10B828: Vector::Vector(unsigned int) (vector.cpp:26)
  n1: 65536 0x10B88B: Vector::Vector(Vector const&) (vector.cpp:36)
   n1: 65536 0x10CD7B: void std::_Construct<Vector, Vector const&>(Vector*, Vector const&) (stl_construct.h:119)
    n1: 65536 0x10CCD4: Vector* std::__do_uninit_copy<Vector const*, Vector*>(Vector const*, Vector const*, Vector*) (stl_uninitialized.h:120)
     n1: 65536 0x10CC91: Vector* std::__uninitialized_copy<false>::__uninit_copy<Vector const*, Vector*>(Vector const*, Vector const*, Vector*) (stl_uninitialized.h:137)
      n1: 65536 0x10CC31: Vector* std::uninitialized_copy<Vector const*, Vector*>(Vector const*, Vector const*, Vector*) (stl_uninitialized.h:185)
       n1: 65536 0x10CAFA: Vector* std::__uninitialized_copy_a<Vector const*, Vector*, Vector>(Vector const*, Vector const*, Vector*, std::allocator<Vector>&) (stl_uninitialized.h:373)
        n1: 65536 0x10CA32: Vector* std::__uninitialized_move_if_noexcept_a<Vector*, Vector*, std::allocator<Vector> >(Vector*, Vector*, Vector*, std::allocator<Vector>&) (stl_uninitialized.h:399)
         n1: 65536 0x10C4F7: void std::vector<Vector, std::allocator<Vector> >::_M_realloc_insert<unsigned int&>(__gnu_cxx::__normal_iterator<Vector*, std::vector<Vector, std::allocator<Vector> > >, unsigned int&) (vector.tcc:493)
          n1: 65536 0x10C1EB: Vector& std::vector<Vector, std::allocator<Vector> >::emplace_back<unsigned int&>(unsigned int&) (vector.tcc:123)
           n1: 65536 0x10BCC5: Dataset::read(std::__cxx11::basic_string<char, std::char_traits<char>, std::allocator<char> > const&) (dataset.cpp:39)
            n0: 65536 0x10A7A3: main (pearson.cpp:17)
  n1: 64512 0x10C181: construct<Vector, unsigned int&> (new_allocator.h:191)
   n1: 64512 0x10C181: construct<Vector, unsigned int&> (alloc_traits.h:538)
    n1: 64512 0x10C181: Vector& std::vector<Vector, std::allocator<Vector> >::emplace_back<unsigned int&>(unsigned int&) (vector.tcc:117)
     n1: 64512 0x10BCC5: Dataset::read(std::__cxx11::basic_string<char, std::char_traits<char>, std::allocator<char> > const&) (dataset.cpp:39)
      n0: 64512 0x10A7A3: main (pearson.cpp:17)
  n0: 1024 in 1 place, below massif's threshold (1.00%)
 n1: 73728 0x491838E: ??? (in /usr/lib/x86_64-linux-gnu/libstdc++.so.6.0.33)
  n1: 73728 0x400571E: call_init.part.0 (dl-init.c:74)
   n1: 73728 0x4005823: call_init (dl-init.c:120)
    n1: 73728 0x4005823: _dl_init (dl-init.c:121)
     n1: 73728 0x401F59F: ??? (in /usr/lib/x86_64-linux-gnu/ld-linux-x86-64.so.2)
      n1: 73728 0x2: ???
       n1: 73728 0x1FFF00009E: ???
        n1: 73728 0x1FFF0000A8: ???
         n0: 73728 0x1FFF0000B6: ???
 n1: 24576 0x10B58D: std::__new_allocator<double>::allocate(unsigned long, void const*) (new_allocator.h:151)
  n1: 24576 0x10B400: allocate (alloc_traits.h:482)
   n1: 24576 0x10B400: std::_Vector_base<double, std::allocator<double> >::_M_allocate(unsigned long) (stl_vector.h:381)
    n1: 24576 0x10D844: void std::vector<double, std::allocator<double> >::_M_realloc_insert<double const&>(__gnu_cxx::__normal_iterator<double*, std::vector<double, std::allocator<double> > >, double const&) (vector.tcc:459)
     n1: 24576 0x10D6D5: std::vector<double, std::allocator<double> >::push_back(double const&) (stl_vector.h:1292)
      n1: 24576 0x10CE69: Analysis::correlation_coefficients(std::vector<Vector, std::allocator<Vector> > const&) (analysis.cpp:21)
       n0: 24576 0x10A7D2: main (pearson.cpp:18)
 n0: 2048 in 4 places, all below massif's threshold (1.00%)
#-----------
snapshot=55
#-----------
time=25787069
mem_heap_B=256000
mem_heap_extra_B=1056
mem_stacks_B=0
heap_tree=empty
#-----------
snapshot=56
#-----------
time=25803864
mem_heap_B=256000
mem_heap_extra_B=1056
mem_stacks_B=0
heap_tree=detailed
n4: 256000 (heap allocation functions) malloc/new/new[], --alloc-fns, etc.
 n3: 131072 0x10B828: Vector::Vector(unsigned int) (vector.cpp:26)
  n1: 65536 0x10B88B: Vector::Vector(Vector const&) (vector.cpp:36)
   n1: 65536 0x10CD7B: void std::_Construct<Vector, Vector const&>(Vector*, Vector const&) (stl_construct.h:119)
    n1: 65536 0x10CCD4: Vector* std::__do_uninit_copy<Vector const*, Vector*>(Vector const*, Vector const*, Vector*) (stl_uninitialized.h:120)
     n1: 65536 0x10CC91: Vector* std::__uninitialized_copy<false>::__uninit_copy<Vector const*, Vector*>(Vector const*, Vector const*, Vector*) (stl_uninitialized.h:137)
      n1: 65536 0x10CC31: Vector* std::uninitialized_copy<Vector const*, Vector*>(Vector const*, Vector const*, Vector*) (stl_uninitialized.h:185)
       n1: 65536 0x10CAFA: Vector* std::__uninitialized_copy_a<Vector const*, Vector*, Vector>(Vector const*, Vector const*, Vector*, std::allocator<Vector>&) (stl_uninitialized.h:373)
        n1: 65536 0x10CA32: Vector* std::__uninitialized_move_if_noexcept_a<Vector*, Vector*, std::allocator<Vector> >(Vector*, Vector*, Vector*, std::allocator<Vector>&) (stl_uninitialized.h:399)
         n1: 65536 0x10C4F7: void std::vector<Vector, std::allocator<Vector> >::_M_realloc_insert<unsigned int&>(__gnu_cxx::__normal_iterator<Vector*, std::vector<Vector, std::allocator<Vector> > >, unsigned int&) (vector.tcc:493)
          n1: 65536 0x10C1EB: Vector& std::vector<Vector, std::allocator<Vector> >::emplace_back<unsigned int&>(unsigned int&) (vector.tcc:123)
           n1: 65536 0x10BCC5: Dataset::read(std::__cxx11::basic_string<char, std::char_traits<char>, std::allocator<char> > const&) (dataset.cpp:39)
            n0: 65536 0x10A7A3: main (pearson.cpp:17)
  n1: 64512 0x10C181: construct<Vector, unsigned int&> (new_allocator.h:191)
   n1: 64512 0x10C181: construct<Vector, unsigned int&> (alloc_traits.h:538)
    n1: 64512 0x10C181: Vector& std::vector<Vector, std::allocator<Vector> >::emplace_back<unsigned int&>(unsigned int&) (vector.tcc:117)
     n1: 64512 0x10BCC5: Dataset::read(std::__cxx11::basic_string<char, std::char_traits<char>, std::allocator<char> > const&) (dataset.cpp:39)
      n0: 64512 0x10A7A3: main (pearson.cpp:17)
  n0: 1024 in 1 place, below massif's threshold (1.00%)
 n1: 73728 0x491838E: ??? (in /usr/lib/x86_64-linux-gnu/libstdc++.so.6.0.33)
  n1: 73728 0x400571E: call_init.part.0 (dl-init.c:74)
   n1: 73728 0x4005823: call_init (dl-init.c:120)
    n1: 73728 0x4005823: _dl_init (dl-init.c:121)
     n1: 73728 0x401F59F: ??? (in /usr/lib/x86_64-linux-gnu/ld-linux-x86-64.so.2)
      n1: 73728 0x2: ???
       n1: 73728 0x1FFF00009E: ???
        n1: 73728 0x1FFF0000A8: ???
         n0: 73728 0x1FFF0000B6: ???
 n1: 49152 0x10B58D: std::__new_allocator<double>::allocate(unsigned long, void const*) (new_allocator.h:151)
  n1: 49152 0x10B400: allocate (alloc_traits.h:482)
   n1: 49152 0x10B400: std::_Vector_base<double, std::allocator<double> >::_M_allocate(unsigned long) (stl_vector.h:381)
    n1: 49152 0x10D844: void std::vector<double, std::allocator<double> >::_M_realloc_insert<double const&>(__gnu_cxx::__normal_iterator<double*, std::vector<double, std::allocator<double> > >, double const&) (vector.tcc:459)
     n1: 49152 0x10D6D5: std::vector<double, std::allocator<double> >::push_back(double const&) (stl_vector.h:1292)
      n1: 49152 0x10CE69: Analysis::correlation_coefficients(std::vector<Vector, std::allocator<Vector> > const&) (analysis.cpp:21)
       n0: 49152 0x10A7D2: main (pearson.cpp:18)
 n0: 2048 in 4 places, all below massif's threshold (1.00%)
#-----------
snapshot=57
#-----------
time=36151795
mem_heap_B=305152
mem_heap_extra_B=1056
mem_stacks_B=0
heap_tree=empty
#-----------
snapshot=58
#-----------
time=36184942
mem_heap_B=305152
mem_heap_extra_B=1056
mem_stacks_B=0
heap_tree=detailed
n4: 305152 (heap allocation functions) malloc/new/new[], --alloc-fns, etc.
 n3: 131072 0x10B828: Vector::Vector(unsigned int) (vector.cpp:26)
  n1: 65536 0x10B88B: Vector::Vector(Vector const&) (vector.cpp:36)
   n1: 65536 0x10CD7B: void std::_Construct<Vector, Vector const&>(Vector*, Vector const&) (stl_construct.h:119)
    n1: 65536 0x10CCD4: Vector* std::__do_uninit_copy<Vector const*, Vector*>(Vector const*, Vector const*, Vector*) (stl_uninitialized.h:120)
     n1: 65536 0x10CC91: Vector* std::__uninitialized_copy<false>::__uninit_copy<Vector const*, Vector*>(Vector const*, Vector const*, Vector*) (stl_uninitialized.h:137)
      n1: 65536 0x10CC31: Vector* std::uninitialized_copy<Vector const*, Vector*>(Vector const*, Vector const*, Vector*) (stl_uninitialized.h:185)
       n1: 65536 0x10CAFA: Vector* std::__uninitialized_copy_a<Vector const*, Vector*, Vector>(Vector const*, Vector const*, Vector*, std::allocator<Vector>&) (stl_uninitialized.h:373)
        n1: 65536 0x10CA32: Vector* std::__uninitialized_move_if_noexcept_a<Vector*, Vector*, std::allocator<Vector> >(Vector*, Vector*, Vector*, std::allocator<Vector>&) (stl_uninitialized.h:399)
         n1: 65536 0x10C4F7: void std::vector<Vector, std::allocator<Vector> >::_M_realloc_insert<unsigned int&>(__gnu_cxx::__normal_iterator<Vector*, std::vector<Vector, std::allocator<Vector> > >, unsigned int&) (vector.tcc:493)
          n1: 65536 0x10C1EB: Vector& std::vector<Vector, std::allocator<Vector> >::emplace_back<unsigned int&>(unsigned int&) (vector.tcc:123)
           n1: 65536 0x10BCC5: Dataset::read(std::__cxx11::basic_string<char, std::char_traits<char>, std::allocator<char> > const&) (dataset.cpp:39)
            n0: 65536 0x10A7A3: main (pearson.cpp:17)
  n1: 64512 0x10C181: construct<Vector, unsigned int&> (new_allocator.h:191)
   n1: 64512 0x10C181: construct<Vector, unsigned int&> (alloc_traits.h:538)
    n1: 64512 0x10C181: Vector& std::vector<Vector, std::allocator<Vector> >::emplace_back<unsigned int&>(unsigned int&) (vector.tcc:117)
     n1: 64512 0x10BCC5: Dataset::read(std::__cxx11::basic_string<char, std::char_traits<char>, std::allocator<char> > const&) (dataset.cpp:39)
      n0: 64512 0x10A7A3: main (pearson.cpp:17)
  n0: 1024 in 1 place, below massif's threshold (1.00%)
 n1: 98304 0x10B58D: std::__new_allocator<double>::allocate(unsigned long, void const*) (new_allocator.h:151)
  n1: 98304 0x10B400: allocate (alloc_traits.h:482)
   n1: 98304 0x10B400: std::_Vector_base<double, std::allocator<double> >::_M_allocate(unsigned long) (stl_vector.h:381)
    n1: 98304 0x10D844: void std::vector<double, std::allocator<double> >::_M_realloc_insert<double const&>(__gnu_cxx::__normal_iterator<double*, std::vector<double, std::allocator<double> > >, double const&) (vector.tcc:459)
     n1: 98304 0x10D6D5: std::vector<double, std::allocator<double> >::push_back(double const&) (stl_vector.h:1292)
      n1: 98304 0x10CE69: Analysis::correlation_coefficients(std::vector<Vector, std::allocator<Vector> > const&) (analysis.cpp:21)
       n0: 98304 0x10A7D2: main (pearson.cpp:18)
 n1: 73728 0x491838E: ??? (in /usr/lib/x86_64-linux-gnu/libstdc++.so.6.0.33)
  n1: 73728 0x400571E: call_init.part.0 (dl-init.c:74)
   n1: 73728 0x4005823: call_init (dl-init.c:120)
    n1: 73728 0x4005823: _dl_init (dl-init.c:121)
     n1: 73728 0x401F59F: ??? (in /usr/lib/x86_64-linux-gnu/ld-linux-x86-64.so.2)
      n1: 73728 0x2: ???
       n1: 73728 0x1FFF00009E: ???
        n1: 73728 0x1FFF0000A8: ???
         n0: 73728 0x1FFF0000B6: ???
 n0: 2048 in 4 places, all below massif's threshold (1.00%)
#-----------
snapshot=59
#-----------
time=56554252
mem_heap_B=272406
mem_heap_extra_B=1066
mem_stacks_B=0
heap_tree=empty
#-----------
snapshot=60
#-----------
time=82416752
mem_heap_B=346094
mem_heap_extra_B=1098
mem_stacks_B=0
heap_tree=peak
n5: 346094 (heap allocation functions) malloc/new/new[], --alloc-fns, etc.
 n3: 131072 0x10B828: Vector::Vector(unsigned int) (vector.cpp:26)
  n1: 65536 0x10B88B: Vector::Vector(Vector const&) (vector.cpp:36)
   n1: 65536 0x10CD7B: void std::_Construct<Vector, Vector const&>(Vector*, Vector const&) (stl_construct.h:119)
    n1: 65536 0x10CCD4: Vector* std::__do_uninit_copy<Vector const*, Vector*>(Vector const*, Vector const*, Vector*) (stl_uninitialized.h:120)
     n1: 65536 0x10CC91: Vector* std::__uninitialized_copy<false>::__uninit_copy<Vector const*, Vector*>(Vector const*, Vector const*, Vector*) (stl_uninitialized.h:137)
      n1: 65536 0x10CC31: Vector* std::uninitialized_copy<Vector const*, Vector*>(Vector const*, Vector const*, Vector*) (stl_uninitialized.h:185)
       n1: 65536 0x10CAFA: Vector* std::__uninitialized_copy_a<Vector const*, Vector*, Vector>(Vector const*, Vector const*, Vector*, std::allocator<Vector>&) (stl_uninitialized.h:373)
        n1: 65536 0x10CA32: Vector* std::__uninitialized_move_if_noexcept_a<Vector*, Vector*, std::allocator<Vector> >(Vector*, Vector*, Vector*, std::allocator<Vector>&) (stl_uninitialized.h:399)
         n1: 65536 0x10C4F7: void std::vector<Vector, std::allocator<Vector> >::_M_realloc_insert<unsigned int&>(__gnu_cxx::__normal_iterator<Vector*, std::vector<Vector, std::allocator<Vector> > >, unsigned int&) (vector.tcc:493)
          n1: 65536 0x10C1EB: Vector& std::vector<Vector, std::allocator<Vector> >::emplace_back<unsigned int&>(unsigned int&) (vector.tcc:123)
           n1: 65536 0x10BCC5: Dataset::read(std::__cxx11::basic_string<char, std::char_traits<char>, std::allocator<char> > const&) (dataset.cpp:39)
            n0: 65536 0x10A7A3: main (pearson.cpp:17)
  n1: 64512 0x10C181: construct<Vector, unsigned int&> (new_allocator.h:191)
   n1: 64512 0x10C181: construct<Vector, unsigned int&> (alloc_traits.h:538)
    n1: 64512 0x10C181: Vector& std::vector<Vector, std::allocator<Vector> >::emplace_back<unsigned int&>(unsigned int&) (vector.tcc:117)
     n1: 64512 0x10BCC5: Dataset::read(std::__cxx11::basic_string<char, std::char_traits<char>, std::allocator<char> > const&) (dataset.cpp:39)
      n0: 64512 0x10A7A3: main (pearson.cpp:17)
  n0: 1024 in 1 place, below massif's threshold (1.00%)
 n1: 130560 0x10B58D: std::__new_allocator<double>::allocate(unsigned long, void const*) (new_allocator.h:151)
  n1: 130560 0x10B400: allocate (alloc_traits.h:482)
   n2: 130560 0x10B400: std::_Vector_base<double, std::allocator<double> >::_M_allocate(unsigned long) (stl_vector.h:381)
    n1: 65536 0x10D844: void std::vector<double, std::allocator<double> >::_M_realloc_insert<double const&>(__gnu_cxx::__normal_iterator<double*, std::vector<double, std::allocator<double> > >, double const&) (vector.tcc:459)
     n1: 65536 0x10D6D5: std::vector<double, std::allocator<double> >::push_back(double const&) (stl_vector.h:1292)
      n1: 65536 0x10CE69: Analysis::correlation_coefficients(std::vector<Vector, std::allocator<Vector> > const&) (analysis.cpp:21)
       n0: 65536 0x10A7D2: main (pearson.cpp:18)
    n1: 65024 0x10B29E: std::_Vector_base<double, std::allocator<double> >::_M_create_storage(unsigned long) (stl_vector.h:398)
     n1: 65024 0x10B030: std::_Vector_base<double, std::allocator<double> >::_Vector_base(unsigned long, std::allocator<double> const&) (stl_vector.h:335)
      n1: 65024 0x10AC26: std::vector<double, std::allocator<double> >::vector(std::vector<double, std::allocator<double> > const&) (stl_vector.h:603)
       n0: 65024 0x10A819: main (pearson.cpp:19)
 n1: 73728 0x491838E: ??? (in /usr/lib/x86_64-linux-gnu/libstdc++.so.6.0.33)
  n1: 73728 0x400571E: call_init.part.0 (dl-init.c:74)
   n1: 73728 0x4005823: call_init (dl-init.c:120)
    n1: 73728 0x4005823: _dl_init (dl-init.c:121)
     n1: 73728 0x401F59F: ??? (in /usr/lib/x86_64-linux-gnu/ld-linux-x86-64.so.2)
      n1: 73728 0x2: ???
       n1: 73728 0x1FFF00009E: ???
        n1: 73728 0x1FFF0000A8: ???
         n0: 73728 0x1FFF0000B6: ???
 n1: 8192 0x498BBC3: std::basic_filebuf<char, std::char_traits<char> >::_M_allocate_internal_buffer() (in /usr/lib/x86_64-linux-gnu/libstdc++.so.6.0.33)
  n2: 8192 0x498FF46: std::basic_filebuf<char, std::char_traits<char> >::open(char const*, std::_Ios_Openmode) (in /usr/lib/x86_64-linux-gnu/libstdc++.so.6.0.33)
   n1: 8192 0x499005E: std::basic_ofstream<char, std::char_traits<char> >::open(std::__cxx11::basic_string<char, std::char_traits<char>, std::allocator<char> > const&, std::_Ios_Openmode) (in /usr/lib/x86_64-linux-gnu/libstdc++.so.6.0.33)
    n1: 8192 0x10BED4: Dataset::write(std::vector<double, std::allocator<double> >, std::__cxx11::basic_string<char, std::char_traits<char>, std::allocator<char> >) (dataset.cpp:65)
     n0: 8192 0x10A82C: main (pearson.cpp:19)
   n0: 0 in 1 place, below massif's threshold (1.00%)
 n0: 2542 in 4 places, all below massif's threshold (1.00%)
