desc: --massif-out-file=Performance/massif.256.run3.out
cmd: ./pearson data/256.data output/output_256.txt
time_unit: i
#-----------
snapshot=0
#-----------
time=0
mem_heap_B=0
mem_heap_extra_B=0
mem_stacks_B=0
heap_tree=empty
#-----------
snapshot=1
#-----------
time=2005719
mem_heap_B=73728
mem_heap_extra_B=8
mem_stacks_B=0
heap_tree=empty
#-----------
snapshot=2
#-----------
time=3494089
mem_heap_B=100440
mem_heap_extra_B=112
mem_stacks_B=0
heap_tree=empty
#-----------
snapshot=3
#-----------
time=4351463
mem_heap_B=108760
mem_heap_extra_B=144
mem_stacks_B=0
heap_tree=empty
#-----------
snapshot=4
#-----------
time=5160705
mem_heap_B=116952
mem_heap_extra_B=176
mem_stacks_B=0
heap_tree=empty
#-----------
snapshot=5
#-----------
time=6665256
mem_heap_B=131544
mem_heap_extra_B=232
mem_stacks_B=0
heap_tree=empty
#-----------
snapshot=6
#-----------
time=8085318
mem_heap_B=145880
mem_heap_extra_B=288
mem_stacks_B=0
heap_tree=detailed
n5: 145880 (heap allocation functions) malloc/new/new[], --alloc-fns, etc.
 n1: 73728 0x491838E: ??? (in /usr/lib/x86_64-linux-gnu/libstdc++.so.6.0.33)
  n1: 73728 0x400571E: call_init.part.0 (dl-init.c:74)
   n1: 73728 0x4005823: call_init (dl-init.c:120)
    n1: 73728 0x4005823: _dl_init (dl-init.c:121)
     n1: 73728 0x401F59F: ??? (in /usr/lib/x86_64-linux-gnu/ld-linux-x86-64.so.2)
      n1: 73728 0x2: ???
       n1: 73728 0x1FFF00009E: ???
        n1: 73728 0x1FFF0000A8: ???
         n0: 73728 0x1FFF0000B6: ???
 n3: 61440 0x10B828: Vector::Vector(unsigned int) (vector.cpp:26)
  n1: 32768 0x10B88B: Vector::Vector(Vector const&) (vector.cpp:36)
   n1: 32768 0x10CD7B: void std::_Construct<Vector, Vector const&>(Vector*, Vector const&) (stl_construct.h:119)
    n1: 32768 0x10CCD4: Vector* std::__do_uninit_copy<Vector const*, Vector*>(Vector const*, Vector const*, Vector*) (stl_uninitialized.h:120)
     n1: 32768 0x10CC91: Vector* std::__uninitialized_copy<false>::__uninit_copy<Vector const*, Vector*>(Vector const*, Vector const*, Vector*) (stl_uninitialized.h:137)
      n1: 32768 0x10CC31: Vector* std::uninitialized_copy<Vector const*, Vector*>(Vector const*, Vector const*, Vector*) (stl_uninitialized.h:185)
       n1: 32768 0x10CAFA: Vector* std::__uninitialized_copy_a<Vector const*, Vector*, Vector>(Vector const*, Vector const*, Vector*, std::allocator<Vector>&) (stl_uninitialized.h:373)
        n1: 32768 0x10CA32: Vector* std::__uninitialized_move_if_noexcept_a<Vector*, Vector*, std::allocator<Vector> >(Vector*, Vector*, Vector*, std::allocator<Vector>&) (stl_uninitialized.h:399)
         n1: 32768 0x10C4F7: void std::vector<Vector, std::allocator<Vector> >::_M_realloc_insert<unsigned int&>(__gnu_cxx::__normal_iterator<Vector*, std::vector<Vector, std::allocator<Vector> > >, unsigned int&) (vector.tcc:493)
          n1: 32768 0x10C1EB: Vector& std::vector<Vector, std::allocator<Vector> >::emplace_back<unsigned int&>(unsigned int&) (vector.tcc:123)
           n1: 32768 0x10BCC5: Dataset::read(std::__cxx11::basic_string<char, std::char_traits<char>, std::allocator<char> > const&) (dataset.cpp:39)
            n0: 32768 0x10A7A3: main (pearson.cpp:17)
  n1: 26624 0x10C181: construct<Vector, unsigned int&> (new_allocator.h:191)
   n1: 26624 0x10C181: construct<Vector, unsigned int&> (alloc_traits.h:538)
    n1: 26624 0x10C181: Vector& std::vector<Vector, std::allocator<Vector> >::emplace_back<unsigned int&>(unsigned int&) (vector.tcc:117)
     n1: 26624 0x10BCC5: Dataset::read(std::__cxx11::basic_string<char, std::char_traits<char>, std::allocator<char> > const&) (dataset.cpp:39)
      n0: 26624 0x10A7A3: main (pearson.cpp:17)
  n1: 2048 0x10C4AD: construct<Vector, unsigned int&> (new_allocator.h:191)
   n1: 2048 0x10C4AD: construct<Vector, unsigned int&> (alloc_traits.h:538)
    n1: 2048 0x10C4AD: void std::vector<Vector, std::allocator<Vector> >::_M_realloc_insert<unsigned int&>(__gnu_cxx::__normal_iterator<Vector*, std::vector<Vector, std::allocator<Vector> > >, unsigned int&) (vector.tcc:468)
     n1: 2048 0x10C1EB: Vector& std::vector<Vector, std::allocator<Vector> >::emplace_back<unsigned int&>(unsigned int&) (vector.tcc:123)
      n1: 2048 0x10BCC5: Dataset::read(std::__cxx11::basic_string<char, std::char_traits<char>, std::allocator<char> > const&) (dataset.cpp:39)
       n0: 2048 0x10A7A3: main (pearson.cpp:17)
 n1: 8192 0x498BBC3: std::basic_filebuf<char, std::char_traits<char> >::_M_allocate_internal_buffer() (in /usr/lib/x86_64-linux-gnu/libstdc++.so.6.0.33)
  n1: 8192 0x498FF46: std::basic_filebuf<char, std::char_traits<char> >::open(char const*, std::_Ios_Openmode) (in /usr/lib/x86_64-linux-gnu/libstdc++.so.6.0.33)
   n1: 8192 0x49908FA: std::basic_ifstream<char, std::char_traits<char> >::basic_ifstream(std::__cxx11::basic_string<char, std::char_traits<char>, std::allocator<char> > const&, std::_Ios_Openmode) (in /usr/lib/x86_64-linux-gnu/libstdc++.so.6.0.33)
    n1: 8192 0x10BC08: Dataset::read(std::__cxx11::basic_string<char, std::char_traits<char>, std::allocator<char> > const&) (dataset.cpp:23)
     n0: 8192 0x10A7A3: main (pearson.cpp:17)
 n1: 1536 0x49C970E: std::__cxx11::basic_string<char, std::char_traits<char>, std::allocator<char> >::_M_mutate(unsigned long, unsigned long, char const*, unsigned long) (in /usr/lib/x86_64-linux-gnu/libstdc++.so.6.0.33)
  n1: 1536 0x49CB04F: std::__cxx11::basic_string<char, std::char_traits<char>, std::allocator<char> >::_M_append(char const*, unsigned long) (in /usr/lib/x86_64-linux-gnu/libstdc++.so.6.0.33)
   n1: 1536 0x493726B: std::basic_istream<char, std::char_traits<char> >& std::getline<char, std::char_traits<char>, std::allocator<char> >(std::basic_istream<char, std::char_traits<char> >&, std::__cxx11::basic_string<char, std::char_traits<char>, std::allocator<char> >&, char) (in /usr/lib/x86_64-linux-gnu/libstdc++.so.6.0.33)
    n1: 1536 0x10BDB6: Dataset::read(std::__cxx11::basic_string<char, std::char_traits<char>, std::allocator<char> > const&) (dataset.cpp:37)
     n0: 1536 0x10A7A3: main (pearson.cpp:17)
 n0: 984 in 2 places, all below massif's threshold (1.00%)
#-----------
snapshot=7
#-----------
time=9069979
mem_heap_B=154584
mem_heap_extra_B=320
mem_stacks_B=0
heap_tree=empty
#-----------
snapshot=8
#-----------
time=9880624
mem_heap_B=162776
mem_heap_extra_B=352
mem_stacks_B=0
heap_tree=empty
#-----------
snapshot=9
#-----------
time=10895266
mem_heap_B=173016
mem_heap_extra_B=392
mem_stacks_B=0
heap_tree=empty
#-----------
snapshot=10
#-----------
time=12108027
mem_heap_B=185304
mem_heap_extra_B=440
mem_stacks_B=0
heap_tree=empty
#-----------
snapshot=11
#-----------
time=12917480
mem_heap_B=193496
mem_heap_extra_B=472
mem_stacks_B=0
heap_tree=empty
#-----------
snapshot=12
#-----------
time=13930229
mem_heap_B=203736
mem_heap_extra_B=512
mem_stacks_B=0
heap_tree=empty
#-----------
snapshot=13
#-----------
time=14740849
mem_heap_B=211928
mem_heap_extra_B=544
mem_stacks_B=0
heap_tree=empty
#-----------
snapshot=14
#-----------
time=15688113
mem_heap_B=351192
mem_heap_extra_B=1088
mem_stacks_B=0
heap_tree=detailed
n4: 351192 (heap allocation functions) malloc/new/new[], --alloc-fns, etc.
 n3: 264192 0x10B828: Vector::Vector(unsigned int) (vector.cpp:26)
  n1: 196608 0x10B88B: Vector::Vector(Vector const&) (vector.cpp:36)
   n1: 196608 0x10CD7B: void std::_Construct<Vector, Vector const&>(Vector*, Vector const&) (stl_construct.h:119)
    n1: 196608 0x10CCD4: Vector* std::__do_uninit_copy<Vector const*, Vector*>(Vector const*, Vector const*, Vector*) (stl_uninitialized.h:120)
     n1: 196608 0x10CC91: Vector* std::__uninitialized_copy<false>::__uninit_copy<Vector const*, Vector*>(Vector const*, Vector const*, Vector*) (stl_uninitialized.h:137)
      n1: 196608 0x10CC31: Vector* std::uninitialized_copy<Vector const*, Vector*>(Vector const*, Vector const*, Vector*) (stl_uninitialized.h:185)
       n1: 196608 0x10CAFA: Vector* std::__uninitialized_copy_a<Vector const*, Vector*, Vector>(Vector const*, Vector const*, Vector*, std::allocator<Vector>&) (stl_uninitialized.h:373)
        n1: 196608 0x10CA32: Vector* std::__uninitialized_move_if_noexcept_a<Vector*, Vector*, std::allocator<Vector> >(Vector*, Vector*, Vector*, std::allocator<Vector>&) (stl_uninitialized.h:399)
         n1: 196608 0x10C4F7: void std::vector<Vector, std::allocator<Vector> >::_M_realloc_insert<unsigned int&>(__gnu_cxx::__normal_iterator<Vector*, std::vector<Vector, std::allocator<Vector> > >, unsigned int&) (vector.tcc:493)
          n1: 196608 0x10C1EB: Vector& std::vector<Vector, std::allocator<Vector> >::emplace_back<unsigned int&>(unsigned int&) (vector.tcc:123)
           n1: 196608 0x10BCC5: Dataset::read(std::__cxx11::basic_string<char, std::char_traits<char>, std::allocator<char> > const&) (dataset.cpp:39)
            n0: 196608 0x10A7A3: main (pearson.cpp:17)
  n1: 63488 0x10C181: construct<Vector, unsigned int&> (new_allocator.h:191)
   n1: 63488 0x10C181: construct<Vector, unsigned int&> (alloc_traits.h:538)
    n1: 63488 0x10C181: Vector& std::vector<Vector, std::allocator<Vector> >::emplace_back<unsigned int&>(unsigned int&) (vector.tcc:117)
     n1: 63488 0x10BCC5: Dataset::read(std::__cxx11::basic_string<char, std::char_traits<char>, std::allocator<char> > const&) (dataset.cpp:39)
      n0: 63488 0x10A7A3: main (pearson.cpp:17)
  n1: 4096 0x10C4AD: construct<Vector, unsigned int&> (new_allocator.h:191)
   n1: 4096 0x10C4AD: construct<Vector, unsigned int&> (alloc_traits.h:538)
    n1: 4096 0x10C4AD: void std::vector<Vector, std::allocator<Vector> >::_M_realloc_insert<unsigned int&>(__gnu_cxx::__normal_iterator<Vector*, std::vector<Vector, std::allocator<Vector> > >, unsigned int&) (vector.tcc:468)
     n1: 4096 0x10C1EB: Vector& std::vector<Vector, std::allocator<Vector> >::emplace_back<unsigned int&>(unsigned int&) (vector.tcc:123)
      n1: 4096 0x10BCC5: Dataset::read(std::__cxx11::basic_string<char, std::char_traits<char>, std::allocator<char> > const&) (dataset.cpp:39)
       n0: 4096 0x10A7A3: main (pearson.cpp:17)
 n1: 73728 0x491838E: ??? (in /usr/lib/x86_64-linux-gnu/libstdc++.so.6.0.33)
  n1: 73728 0x400571E: call_init.part.0 (dl-init.c:74)
   n1: 73728 0x4005823: call_init (dl-init.c:120)
    n1: 73728 0x4005823: _dl_init (dl-init.c:121)
     n1: 73728 0x401F59F: ??? (in /usr/lib/x86_64-linux-gnu/ld-linux-x86-64.so.2)
      n1: 73728 0x2: ???
       n1: 73728 0x1FFF00009E: ???
        n1: 73728 0x1FFF0000A8: ???
         n0: 73728 0x1FFF0000B6: ???
 n1: 8192 0x498BBC3: std::basic_filebuf<char, std::char_traits<char> >::_M_allocate_internal_buffer() (in /usr/lib/x86_64-linux-gnu/libstdc++.so.6.0.33)
  n1: 8192 0x498FF46: std::basic_filebuf<char, std::char_traits<char> >::open(char const*, std::_Ios_Openmode) (in /usr/lib/x86_64-linux-gnu/libstdc++.so.6.0.33)
   n1: 8192 0x49908FA: std::basic_ifstream<char, std::char_traits<char> >::basic_ifstream(std::__cxx11::basic_string<char, std::char_traits<char>, std::allocator<char> > const&, std::_Ios_Openmode) (in /usr/lib/x86_64-linux-gnu/libstdc++.so.6.0.33)
    n1: 8192 0x10BC08: Dataset::read(std::__cxx11::basic_string<char, std::char_traits<char>, std::allocator<char> > const&) (dataset.cpp:23)
     n0: 8192 0x10A7A3: main (pearson.cpp:17)
 n0: 5080 in 3 places, all below massif's threshold (1.00%)
#-----------
snapshot=15
#-----------
time=16301953
mem_heap_B=225240
mem_heap_extra_B=592
mem_stacks_B=0
heap_tree=empty
#-----------
snapshot=16
#-----------
time=17519806
mem_heap_B=237528
mem_heap_extra_B=640
mem_stacks_B=0
heap_tree=empty
#-----------
snapshot=17
#-----------
time=18332020
mem_heap_B=245720
mem_heap_extra_B=672
mem_stacks_B=0
heap_tree=empty
#-----------
snapshot=18
#-----------
time=19550225
mem_heap_B=258008
mem_heap_extra_B=720
mem_stacks_B=0
heap_tree=empty
#-----------
snapshot=19
#-----------
time=20564049
mem_heap_B=268248
mem_heap_extra_B=760
mem_stacks_B=0
heap_tree=empty
#-----------
snapshot=20
#-----------
time=21374419
mem_heap_B=276440
mem_heap_extra_B=792
mem_stacks_B=0
heap_tree=empty
#-----------
snapshot=21
#-----------
time=22182937
mem_heap_B=284632
mem_heap_extra_B=824
mem_stacks_B=0
heap_tree=empty
#-----------
snapshot=22
#-----------
time=23397858
mem_heap_B=296920
mem_heap_extra_B=872
mem_stacks_B=0
heap_tree=empty
#-----------
snapshot=23
#-----------
time=24207774
mem_heap_B=305112
mem_heap_extra_B=904
mem_stacks_B=0
heap_tree=empty
#-----------
snapshot=24
#-----------
time=25219704
mem_heap_B=315352
mem_heap_extra_B=944
mem_stacks_B=0
heap_tree=empty
#-----------
snapshot=25
#-----------
time=26232417
mem_heap_B=325592
mem_heap_extra_B=984
mem_stacks_B=0
heap_tree=empty
#-----------
snapshot=26
#-----------
time=27450313
mem_heap_B=337880
mem_heap_extra_B=1032
mem_stacks_B=0
heap_tree=empty
#-----------
snapshot=27
#-----------
time=28263034
mem_heap_B=346072
mem_heap_extra_B=1064
mem_stacks_B=0
heap_tree=empty
#-----------
snapshot=28
#-----------
time=29344637
mem_heap_B=616408
mem_heap_extra_B=2112
mem_stacks_B=0
heap_tree=detailed
n4: 616408 (heap allocation functions) malloc/new/new[], --alloc-fns, etc.
 n3: 526336 0x10B828: Vector::Vector(unsigned int) (vector.cpp:26)
  n1: 393216 0x10B88B: Vector::Vector(Vector const&) (vector.cpp:36)
   n1: 393216 0x10CD7B: void std::_Construct<Vector, Vector const&>(Vector*, Vector const&) (stl_construct.h:119)
    n1: 393216 0x10CCD4: Vector* std::__do_uninit_copy<Vector const*, Vector*>(Vector const*, Vector const*, Vector*) (stl_uninitialized.h:120)
     n1: 393216 0x10CC91: Vector* std::__uninitialized_copy<false>::__uninit_copy<Vector const*, Vector*>(Vector const*, Vector const*, Vector*) (stl_uninitialized.h:137)
      n1: 393216 0x10CC31: Vector* std::uninitialized_copy<Vector const*, Vector*>(Vector const*, Vector const*, Vector*) (stl_uninitialized.h:185)
       n1: 393216 0x10CAFA: Vector* std::__uninitialized_copy_a<Vector const*, Vector*, Vector>(Vector const*, Vector const*, Vector*, std::allocator<Vector>&) (stl_uninitialized.h:373)
        n1: 393216 0x10CA32: Vector* std::__uninitialized_move_if_noexcept_a<Vector*, Vector*, std::allocator<Vector> >(Vector*, Vector*, Vector*, std::allocator<Vector>&) (stl_uninitialized.h:399)
         n1: 393216 0x10C4F7: void std::vector<Vector, std::allocator<Vector> >::_M_realloc_insert<unsigned int&>(__gnu_cxx::__normal_iterator<Vector*, std::vector<Vector, std::allocator<Vector> > >, unsigned int&) (vector.tcc:493)
          n1: 393216 0x10C1EB: Vector& std::vector<Vector, std::allocator<Vector> >::emplace_back<unsigned int&>(unsigned int&) (vector.tcc:123)
           n1: 393216 0x10BCC5: Dataset::read(std::__cxx11::basic_string<char, std::char_traits<char>, std::allocator<char> > const&) (dataset.cpp:39)
            n0: 393216 0x10A7A3: main (pearson.cpp:17)
  n1: 129024 0x10C181: construct<Vector, unsigned int&> (new_allocator.h:191)
   n1: 129024 0x10C181: construct<Vector, unsigned int&> (alloc_traits.h:538)
    n1: 129024 0x10C181: Vector& std::vector<Vector, std::allocator<Vector> >::emplace_back<unsigned int&>(unsigned int&) (vector.tcc:117)
     n1: 129024 0x10BCC5: Dataset::read(std::__cxx11::basic_string<char, std::char_traits<char>, std::allocator<char> > const&) (dataset.cpp:39)
      n0: 129024 0x10A7A3: main (pearson.cpp:17)
  n0: 4096 in 1 place, below massif's threshold (1.00%)
 n1: 73728 0x491838E: ??? (in /usr/lib/x86_64-linux-gnu/libstdc++.so.6.0.33)
  n1: 73728 0x400571E: call_init.part.0 (dl-init.c:74)
   n1: 73728 0x4005823: call_init (dl-init.c:120)
    n1: 73728 0x4005823: _dl_init (dl-init.c:121)
     n1: 73728 0x401F59F: ??? (in /usr/lib/x86_64-linux-gnu/ld-linux-x86-64.so.2)
      n1: 73728 0x2: ???
       n1: 73728 0x1FFF00009E: ???
        n1: 73728 0x1FFF0000A8: ???
         n0: 73728 0x1FFF0000B6: ???
 n1: 8192 0x498BBC3: std::basic_filebuf<char, std::char_traits<char> >::_M_allocate_internal_buffer() (in /usr/lib/x86_64-linux-gnu/libstdc++.so.6.0.33)
  n1: 8192 0x498FF46: std::basic_filebuf<char, std::char_traits<char> >::open(char const*, std::_Ios_Openmode) (in /usr/lib/x86_64-linux-gnu/libstdc++.so.6.0.33)
   n1: 8192 0x49908FA: std::basic_ifstream<char, std::char_traits<char> >::basic_ifstream(std::__cxx11::basic_string<char, std::char_traits<char>, std::allocator<char> > const&, std::_Ios_Openmode) (in /usr/lib/x86_64-linux-gnu/libstdc++.so.6.0.33)
    n1: 8192 0x10BC08: Dataset::read(std::__cxx11::basic_string<char, std::char_traits<char>, std::allocator<char> > const&) (dataset.cpp:23)
     n0: 8192 0x10A7A3: main (pearson.cpp:17)
 n0: 8152 in 3 places, all below massif's threshold (1.00%)
#-----------
snapshot=29
#-----------
time=30366669
mem_heap_B=362456
mem_heap_extra_B=1120
mem_stacks_B=0
heap_tree=empty
#-----------
snapshot=30
#-----------
time=31178914
mem_heap_B=370648
mem_heap_extra_B=1152
mem_stacks_B=0
heap_tree=empty
#-----------
snapshot=31
#-----------
time=32193682
mem_heap_B=380888
mem_heap_extra_B=1192
mem_stacks_B=0
heap_tree=empty
#-----------
snapshot=32
#-----------
time=33006307
mem_heap_B=389080
mem_heap_extra_B=1224
mem_stacks_B=0
heap_tree=empty
#-----------
snapshot=33
#-----------
time=33817505
mem_heap_B=397272
mem_heap_extra_B=1256
mem_stacks_B=0
heap_tree=detailed
n5: 397272 (heap allocation functions) malloc/new/new[], --alloc-fns, etc.
 n3: 309248 0x10B828: Vector::Vector(unsigned int) (vector.cpp:26)
  n1: 262144 0x10B88B: Vector::Vector(Vector const&) (vector.cpp:36)
   n1: 262144 0x10CD7B: void std::_Construct<Vector, Vector const&>(Vector*, Vector const&) (stl_construct.h:119)
    n1: 262144 0x10CCD4: Vector* std::__do_uninit_copy<Vector const*, Vector*>(Vector const*, Vector const*, Vector*) (stl_uninitialized.h:120)
     n1: 262144 0x10CC91: Vector* std::__uninitialized_copy<false>::__uninit_copy<Vector const*, Vector*>(Vector const*, Vector const*, Vector*) (stl_uninitialized.h:137)
      n1: 262144 0x10CC31: Vector* std::uninitialized_copy<Vector const*, Vector*>(Vector const*, Vector const*, Vector*) (stl_uninitialized.h:185)
       n1: 262144 0x10CAFA: Vector* std::__uninitialized_copy_a<Vector const*, Vector*, Vector>(Vector const*, Vector const*, Vector*, std::allocator<Vector>&) (stl_uninitialized.h:373)
        n1: 262144 0x10CA32: Vector* std::__uninitialized_move_if_noexcept_a<Vector*, Vector*, std::allocator<Vector> >(Vector*, Vector*, Vector*, std::allocator<Vector>&) (stl_uninitialized.h:399)
         n1: 262144 0x10C4F7: void std::vector<Vector, std::allocator<Vector> >::_M_realloc_insert<unsigned int&>(__gnu_cxx::__normal_iterator<Vector*, std::vector<Vector, std::allocator<Vector> > >, unsigned int&) (vector.tcc:493)
          n1: 262144 0x10C1EB: Vector& std::vector<Vector, std::allocator<Vector> >::emplace_back<unsigned int&>(unsigned int&) (vector.tcc:123)
           n1: 262144 0x10BCC5: Dataset::read(std::__cxx11::basic_string<char, std::char_traits<char>, std::allocator<char> > const&) (dataset.cpp:39)
            n0: 262144 0x10A7A3: main (pearson.cpp:17)
  n1: 45056 0x10C181: construct<Vector, unsigned int&> (new_allocator.h:191)
   n1: 45056 0x10C181: construct<Vector, unsigned int&> (alloc_traits.h:538)
    n1: 45056 0x10C181: Vector& std::vector<Vector, std::allocator<Vector> >::emplace_back<unsigned int&>(unsigned int&) (vector.tcc:117)
     n1: 45056 0x10BCC5: Dataset::read(std::__cxx11::basic_string<char, std::char_traits<char>, std::allocator<char> > const&) (dataset.cpp:39)
      n0: 45056 0x10A7A3: main (pearson.cpp:17)
  n0: 2048 in 1 place, below massif's threshold (1.00%)
 n1: 73728 0x491838E: ??? (in /usr/lib/x86_64-linux-gnu/libstdc++.so.6.0.33)
  n1: 73728 0x400571E: call_init.part.0 (dl-init.c:74)
   n1: 73728 0x4005823: call_init (dl-init.c:120)
    n1: 73728 0x4005823: _dl_init (dl-init.c:121)
     n1: 73728 0x401F59F: ??? (in /usr/lib/x86_64-linux-gnu/ld-linux-x86-64.so.2)
      n1: 73728 0x2: ???
       n1: 73728 0x1FFF00009E: ???
        n1: 73728 0x1FFF0000A8: ???
         n0: 73728 0x1FFF0000B6: ???
 n1: 8192 0x498BBC3: std::basic_filebuf<char, std::char_traits<char> >::_M_allocate_internal_buffer() (in /usr/lib/x86_64-linux-gnu/libstdc++.so.6.0.33)
  n1: 8192 0x498FF46: std::basic_filebuf<char, std::char_traits<char> >::open(char const*, std::_Ios_Openmode) (in /usr/lib/x86_64-linux-gnu/libstdc++.so.6.0.33)
   n1: 8192 0x49908FA: std::basic_ifstream<char, std::char_traits<char> >::basic_ifstream(std::__cxx11::basic_string<char, std::char_traits<char>, std::allocator<char> > const&, std::_Ios_Openmode) (in /usr/lib/x86_64-linux-gnu/libstdc++.so.6.0.33)
    n1: 8192 0x10BC08: Dataset::read(std::__cxx11::basic_string<char, std::char_traits<char>, std::allocator<char> > const&) (dataset.cpp:23)
     n0: 8192 0x10A7A3: main (pearson.cpp:17)
 n1: 4096 0x10CBF7: std::__new_allocator<Vector>::allocate(unsigned long, void const*) (new_allocator.h:151)
  n1: 4096 0x10C9C4: allocate (alloc_traits.h:482)
   n1: 4096 0x10C9C4: std::_Vector_base<Vector, std::allocator<Vector> >::_M_allocate(unsigned long) (stl_vector.h:381)
    n1: 4096 0x10C3F1: void std::vector<Vector, std::allocator<Vector> >::_M_realloc_insert<unsigned int&>(__gnu_cxx::__normal_iterator<Vector*, std::vector<Vector, std::allocator<Vector> > >, unsigned int&) (vector.tcc:459)
     n1: 4096 0x10C1EB: Vector& std::vector<Vector, std::allocator<Vector> >::emplace_back<unsigned int&>(unsigned int&) (vector.tcc:123)
      n1: 4096 0x10BCC5: Dataset::read(std::__cxx11::basic_string<char, std::char_traits<char>, std::allocator<char> > const&) (dataset.cpp:39)
       n0: 4096 0x10A7A3: main (pearson.cpp:17)
 n0: 2008 in 2 places, all below massif's threshold (1.00%)
#-----------
snapshot=34
#-----------
time=35233129
mem_heap_B=411608
mem_heap_extra_B=1312
mem_stacks_B=0
heap_tree=empty
#-----------
snapshot=35
#-----------
time=36045723
mem_heap_B=419800
mem_heap_extra_B=1344
mem_stacks_B=0
heap_tree=empty
#-----------
snapshot=36
#-----------
time=36856254
mem_heap_B=427992
mem_heap_extra_B=1376
mem_stacks_B=0
heap_tree=empty
#-----------
snapshot=37
#-----------
time=37871704
mem_heap_B=438232
mem_heap_extra_B=1416
mem_stacks_B=0
heap_tree=empty
#-----------
snapshot=38
#-----------
time=38884075
mem_heap_B=448472
mem_heap_extra_B=1456
mem_stacks_B=0
heap_tree=empty
#-----------
snapshot=39
#-----------
time=39895397
mem_heap_B=458712
mem_heap_extra_B=1496
mem_stacks_B=0
heap_tree=empty
#-----------
snapshot=40
#-----------
time=40705436
mem_heap_B=466904
mem_heap_extra_B=1528
mem_stacks_B=0
heap_tree=empty
#-----------
snapshot=41
#-----------
time=41718259
mem_heap_B=477144
mem_heap_extra_B=1568
mem_stacks_B=0
heap_tree=empty
#-----------
snapshot=42
#-----------
time=42528736
mem_heap_B=485336
mem_heap_extra_B=1600
mem_stacks_B=0
heap_tree=empty
#-----------
snapshot=43
#-----------
time=43542458
mem_heap_B=495576
mem_heap_extra_B=1640
mem_stacks_B=0
heap_tree=empty
#-----------
snapshot=44
#-----------
time=44352634
mem_heap_B=503768
mem_heap_extra_B=1672
mem_stacks_B=0
heap_tree=empty
#-----------
snapshot=45
#-----------
time=45164403
mem_heap_B=511960
mem_heap_extra_B=1704
mem_stacks_B=0
heap_tree=empty
#-----------
snapshot=46
#-----------
time=46582445
mem_heap_B=526296
mem_heap_extra_B=1760
mem_stacks_B=0
heap_tree=empty
#-----------
snapshot=47
#-----------
time=47799065
mem_heap_B=538584
mem_heap_extra_B=1808
mem_stacks_B=0
heap_tree=empty
#-----------
snapshot=48
#-----------
time=49217656
mem_heap_B=552920
mem_heap_extra_B=1864
mem_stacks_B=0
heap_tree=empty
#-----------
snapshot=49
#-----------
time=50634915
mem_heap_B=567256
mem_heap_extra_B=1920
mem_stacks_B=0
heap_tree=empty
#-----------
snapshot=50
#-----------
time=51446752
mem_heap_B=575448
mem_heap_extra_B=1952
mem_stacks_B=0
heap_tree=empty
#-----------
snapshot=51
#-----------
time=52256894
mem_heap_B=583640
mem_heap_extra_B=1984
mem_stacks_B=0
heap_tree=empty
#-----------
snapshot=52
#-----------
time=53067406
mem_heap_B=591832
mem_heap_extra_B=2016
mem_stacks_B=0
heap_tree=detailed
n4: 591832 (heap allocation functions) malloc/new/new[], --alloc-fns, etc.
 n3: 503808 0x10B828: Vector::Vector(unsigned int) (vector.cpp:26)
  n1: 262144 0x10B88B: Vector::Vector(Vector const&) (vector.cpp:36)
   n1: 262144 0x10CD7B: void std::_Construct<Vector, Vector const&>(Vector*, Vector const&) (stl_construct.h:119)
    n1: 262144 0x10CCD4: Vector* std::__do_uninit_copy<Vector const*, Vector*>(Vector const*, Vector const*, Vector*) (stl_uninitialized.h:120)
     n1: 262144 0x10CC91: Vector* std::__uninitialized_copy<false>::__uninit_copy<Vector const*, Vector*>(Vector const*, Vector const*, Vector*) (stl_uninitialized.h:137)
      n1: 262144 0x10CC31: Vector* std::uninitialized_copy<Vector const*, Vector*>(Vector const*, Vector const*, Vector*) (stl_uninitialized.h:185)
       n1: 262144 0x10CAFA: Vector* std::__uninitialized_copy_a<Vector const*, Vector*, Vector>(Vector const*, Vector const*, Vector*, std::allocator<Vector>&) (stl_uninitialized.h:373)
        n1: 262144 0x10CA32: Vector* std::__uninitialized_move_if_noexcept_a<Vector*, Vector*, std::allocator<Vector> >(Vector*, Vector*, Vector*, std::allocator<Vector>&) (stl_uninitialized.h:399)
         n1: 262144 0x10C4F7: void std::vector<Vector, std::allocator<Vector> >::_M_realloc_insert<unsigned int&>(__gnu_cxx::__normal_iterator<Vector*, std::vector<Vector, std::allocator<Vector> > >, unsigned int&) (vector.tcc:493)
          n1: 262144 0x10C1EB: Vector& std::vector<Vector, std::allocator<Vector> >::emplace_back<unsigned int&>(unsigned int&) (vector.tcc:123)
           n1: 262144 0x10BCC5: Dataset::read(std::__cxx11::basic_string<char, std::char_traits<char>, std::allocator<char> > const&) (dataset.cpp:39)
            n0: 262144 0x10A7A3: main (pearson.cpp:17)
  n1: 239616 0x10C181: construct<Vector, unsigned int&> (new_allocator.h:191)
   n1: 239616 0x10C181: construct<Vector, unsigned int&> (alloc_traits.h:538)
    n1: 239616 0x10C181: Vector& std::vector<Vector, std::allocator<Vector> >::emplace_back<unsigned int&>(unsigned int&) (vector.tcc:117)
     n1: 239616 0x10BCC5: Dataset::read(std::__cxx11::basic_string<char, std::char_traits<char>, std::allocator<char> > const&) (dataset.cpp:39)
      n0: 239616 0x10A7A3: main (pearson.cpp:17)
  n0: 2048 in 1 place, below massif's threshold (1.00%)
 n1: 73728 0x491838E: ??? (in /usr/lib/x86_64-linux-gnu/libstdc++.so.6.0.33)
  n1: 73728 0x400571E: call_init.part.0 (dl-init.c:74)
   n1: 73728 0x4005823: call_init (dl-init.c:120)
    n1: 73728 0x4005823: _dl_init (dl-init.c:121)
     n1: 73728 0x401F59F: ??? (in /usr/lib/x86_64-linux-gnu/ld-linux-x86-64.so.2)
      n1: 73728 0x2: ???
       n1: 73728 0x1FFF00009E: ???
        n1: 73728 0x1FFF0000A8: ???
         n0: 73728 0x1FFF0000B6: ???
 n1: 8192 0x498BBC3: std::basic_filebuf<char, std::char_traits<char> >::_M_allocate_internal_buffer() (in /usr/lib/x86_64-linux-gnu/libstdc++.so.6.0.33)
  n1: 8192 0x498FF46: std::basic_filebuf<char, std::char_traits<char> >::open(char const*, std::_Ios_Openmode) (in /usr/lib/x86_64-linux-gnu/libstdc++.so.6.0.33)
   n1: 8192 0x49908FA: std::basic_ifstream<char, std::char_traits<char> >::basic_ifstream(std::__cxx11::basic_string<char, std::char_traits<char>, std::allocator<char> > const&, std::_Ios_Openmode) (in /usr/lib/x86_64-linux-gnu/libstdc++.so.6.0.33)
    n1: 8192 0x10BC08: Dataset::read(std::__cxx11::basic_string<char, std::char_traits<char>, std::allocator<char> > const&) (dataset.cpp:23)
     n0: 8192 0x10A7A3: main (pearson.cpp:17)
 n0: 6104 in 3 places, all below massif's threshold (1.00%)
#-----------
snapshot=53
#-----------
time=53876552
mem_heap_B=600024
mem_heap_extra_B=2048
mem_stacks_B=0
heap_tree=empty
#-----------
snapshot=54
#-----------
time=54687421
mem_heap_B=608216
mem_heap_extra_B=2080
mem_stacks_B=0
heap_tree=empty
#-----------
snapshot=55
#-----------
time=55315073
mem_heap_B=602120
mem_heap_extra_B=2080
mem_stacks_B=0
heap_tree=empty
#-----------
snapshot=56
#-----------
time=55947442
mem_heap_B=603648
mem_heap_extra_B=2080
mem_stacks_B=0
heap_tree=empty
#-----------
snapshot=57
#-----------
time=56574797
mem_heap_B=605184
mem_heap_extra_B=2080
mem_stacks_B=0
heap_tree=empty
#-----------
snapshot=58
#-----------
time=57828682
mem_heap_B=608256
mem_heap_extra_B=2080
mem_stacks_B=0
heap_tree=empty
#-----------
snapshot=59
#-----------
time=60335527
mem_heap_B=614400
mem_heap_extra_B=2080
mem_stacks_B=0
heap_tree=empty
#-----------
snapshot=60
#-----------
time=65348342
mem_heap_B=626688
mem_heap_extra_B=2080
mem_stacks_B=0
heap_tree=empty
#-----------
snapshot=61
#-----------
time=65349548
mem_heap_B=626688
mem_heap_extra_B=2080
mem_stacks_B=0
heap_tree=detailed
n4: 626688 (heap allocation functions) malloc/new/new[], --alloc-fns, etc.
 n3: 524288 0x10B828: Vector::Vector(unsigned int) (vector.cpp:26)
  n1: 262144 0x10B88B: Vector::Vector(Vector const&) (vector.cpp:36)
   n1: 262144 0x10CD7B: void std::_Construct<Vector, Vector const&>(Vector*, Vector const&) (stl_construct.h:119)
    n1: 262144 0x10CCD4: Vector* std::__do_uninit_copy<Vector const*, Vector*>(Vector const*, Vector const*, Vector*) (stl_uninitialized.h:120)
     n1: 262144 0x10CC91: Vector* std::__uninitialized_copy<false>::__uninit_copy<Vector const*, Vector*>(Vector const*, Vector const*, Vector*) (stl_uninitialized.h:137)
      n1: 262144 0x10CC31: Vector* std::uninitialized_copy<Vector const*, Vector*>(Vector const*, Vector const*, Vector*) (stl_uninitialized.h:185)
       n1: 262144 0x10CAFA: Vector* std::__uninitialized_copy_a<Vector const*, Vector*, Vector>(Vector const*, Vector const*, Vector*, std::allocator<Vector>&) (stl_uninitialized.h:373)
        n1: 262144 0x10CA32: Vector* std::__uninitialized_move_if_noexcept_a<Vector*, Vector*, std::allocator<Vector> >(Vector*, Vector*, Vector*, std::allocator<Vector>&) (stl_uninitialized.h:399)
         n1: 262144 0x10C4F7: void std::vector<Vector, std::allocator<Vector> >::_M_realloc_insert<unsigned int&>(__gnu_cxx::__normal_iterator<Vector*, std::vector<Vector, std::allocator<Vector> > >, unsigned int&) (vector.tcc:493)
          n1: 262144 0x10C1EB: Vector& std::vector<Vector, std::allocator<Vector> >::emplace_back<unsigned int&>(unsigned int&) (vector.tcc:123)
           n1: 262144 0x10BCC5: Dataset::read(std::__cxx11::basic_string<char, std::char_traits<char>, std::allocator<char> > const&) (dataset.cpp:39)
            n0: 262144 0x10A7A3: main (pearson.cpp:17)
  n1: 260096 0x10C181: construct<Vector, unsigned int&> (new_allocator.h:191)
   n1: 260096 0x10C181: construct<Vector, unsigned int&> (alloc_traits.h:538)
    n1: 260096 0x10C181: Vector& std::vector<Vector, std::allocator<Vector> >::emplace_back<unsigned int&>(unsigned int&) (vector.tcc:117)
     n1: 260096 0x10BCC5: Dataset::read(std::__cxx11::basic_string<char, std::char_traits<char>, std::allocator<char> > const&) (dataset.cpp:39)
      n0: 260096 0x10A7A3: main (pearson.cpp:17)
  n0: 2048 in 1 place, below massif's threshold (1.00%)
 n1: 73728 0x491838E: ??? (in /usr/lib/x86_64-linux-gnu/libstdc++.so.6.0.33)
  n1: 73728 0x400571E: call_init.part.0 (dl-init.c:74)
   n1: 73728 0x4005823: call_init (dl-init.c:120)
    n1: 73728 0x4005823: _dl_init (dl-init.c:121)
     n1: 73728 0x401F59F: ??? (in /usr/lib/x86_64-linux-gnu/ld-linux-x86-64.so.2)
      n1: 73728 0x2: ???
       n1: 73728 0x1FFF00009E: ???
        n1: 73728 0x1FFF0000A8: ???
         n0: 73728 0x1FFF0000B6: ???
 n1: 24576 0x10B58D: std::__new_allocator<double>::allocate(unsigned long, void const*) (new_allocator.h:151)
  n1: 24576 0x10B400: allocate (alloc_traits.h:482)
   n1: 24576 0x10B400: std::_Vector_base<double, std::allocator<double> >::_M_allocate(unsigned long) (stl_vector.h:381)
    n1: 24576 0x10D844: void std::vector<double, std::allocator<double> >::_M_realloc_insert<double const&>(__gnu_cxx::__normal_iterator<double*, std::vector<double, std::allocator<double> > >, double const&) (vector.tcc:459)
     n1: 24576 0x10D6D5: std::vector<double, std::allocator<double> >::push_back(double const&) (stl_vector.h:1292)
      n1: 24576 0x10CE69: Analysis::correlation_coefficients(std::vector<Vector, std::allocator<Vector> > const&) (analysis.cpp:21)
       n0: 24576 0x10A7D2: main (pearson.cpp:18)
 n0: 4096 in 4 places, all below massif's threshold (1.00%)
#-----------
snapshot=62
#-----------
time=75373095
mem_heap_B=651264
mem_heap_extra_B=2080
mem_stacks_B=0
heap_tree=empty
#-----------
snapshot=63
#-----------
time=75389922
mem_heap_B=651264
mem_heap_extra_B=2080
mem_stacks_B=0
heap_tree=detailed
n4: 651264 (heap allocation functions) malloc/new/new[], --alloc-fns, etc.
 n3: 524288 0x10B828: Vector::Vector(unsigned int) (vector.cpp:26)
  n1: 262144 0x10B88B: Vector::Vector(Vector const&) (vector.cpp:36)
   n1: 262144 0x10CD7B: void std::_Construct<Vector, Vector const&>(Vector*, Vector const&) (stl_construct.h:119)
    n1: 262144 0x10CCD4: Vector* std::__do_uninit_copy<Vector const*, Vector*>(Vector const*, Vector const*, Vector*) (stl_uninitialized.h:120)
     n1: 262144 0x10CC91: Vector* std::__uninitialized_copy<false>::__uninit_copy<Vector const*, Vector*>(Vector const*, Vector const*, Vector*) (stl_uninitialized.h:137)
      n1: 262144 0x10CC31: Vector* std::uninitialized_copy<Vector const*, Vector*>(Vector const*, Vector const*, Vector*) (stl_uninitialized.h:185)
       n1: 262144 0x10CAFA: Vector* std::__uninitialized_copy_a<Vector const*, Vector*, Vector>(Vector const*, Vector const*, Vector*, std::allocator<Vector>&) (stl_uninitialized.h:373)
        n1: 262144 0x10CA32: Vector* std::__uninitialized_move_if_noexcept_a<Vector*, Vector*, std::allocator<Vector> >(Vector*, Vector*, Vector*, std::allocator<Vector>&) (stl_uninitialized.h:399)
         n1: 262144 0x10C4F7: void std::vector<Vector, std::allocator<Vector> >::_M_realloc_insert<unsigned int&>(__gnu_cxx::__normal_iterator<Vector*, std::vector<Vector, std::allocator<Vector> > >, unsigned int&) (vector.tcc:493)
          n1: 262144 0x10C1EB: Vector& std::vector<Vector, std::allocator<Vector> >::emplace_back<unsigned int&>(unsigned int&) (vector.tcc:123)
           n1: 262144 0x10BCC5: Dataset::read(std::__cxx11::basic_string<char, std::char_traits<char>, std::allocator<char> > const&) (dataset.cpp:39)
            n0: 262144 0x10A7A3: main (pearson.cpp:17)
  n1: 260096 0x10C181: construct<Vector, unsigned int&> (new_allocator.h:191)
   n1: 260096 0x10C181: construct<Vector, unsigned int&> (alloc_traits.h:538)
    n1: 260096 0x10C181: Vector& std::vector<Vector, std::allocator<Vector> >::emplace_back<unsigned int&>(unsigned int&) (vector.tcc:117)
     n1: 260096 0x10BCC5: Dataset::read(std::__cxx11::basic_string<char, std::char_traits<char>, std::allocator<char> > const&) (dataset.cpp:39)
      n0: 260096 0x10A7A3: main (pearson.cpp:17)
  n0: 2048 in 1 place, below massif's threshold (1.00%)
 n1: 73728 0x491838E: ??? (in /usr/lib/x86_64-linux-gnu/libstdc++.so.6.0.33)
  n1: 73728 0x400571E: call_init.part.0 (dl-init.c:74)
   n1: 73728 0x4005823: call_init (dl-init.c:120)
    n1: 73728 0x4005823: _dl_init (dl-init.c:121)
     n1: 73728 0x401F59F: ??? (in /usr/lib/x86_64-linux-gnu/ld-linux-x86-64.so.2)
      n1: 73728 0x2: ???
       n1: 73728 0x1FFF00009E: ???
        n1: 73728 0x1FFF0000A8: ???
         n0: 73728 0x1FFF0000B6: ???
 n1: 49152 0x10B58D: std::__new_allocator<double>::allocate(unsigned long, void const*) (new_allocator.h:151)
  n1: 49152 0x10B400: allocate (alloc_traits.h:482)
   n1: 49152 0x10B400: std::_Vector_base<double, std::allocator<double> >::_M_allocate(unsigned long) (stl_vector.h:381)
    n1: 49152 0x10D844: void std::vector<double, std::allocator<double> >::_M_realloc_insert<double const&>(__gnu_cxx::__normal_iterator<double*, std::vector<double, std::allocator<double> > >, double const&) (vector.tcc:459)
     n1: 49152 0x10D6D5: std::vector<double, std::allocator<double> >::push_back(double const&) (stl_vector.h:1292)
      n1: 49152 0x10CE69: Analysis::correlation_coefficients(std::vector<Vector, std::allocator<Vector> > const&) (analysis.cpp:21)
       n0: 49152 0x10A7D2: main (pearson.cpp:18)
 n0: 4096 in 4 places, all below massif's threshold (1.00%)
#-----------
snapshot=64
#-----------
time=95436581
mem_heap_B=700416
mem_heap_extra_B=2080
mem_stacks_B=0
heap_tree=empty
#-----------
snapshot=65
#-----------
time=95469728
mem_heap_B=700416
mem_heap_extra_B=2080
mem_stacks_B=0
heap_tree=detailed
n4: 700416 (heap allocation functions) malloc/new/new[], --alloc-fns, etc.
 n3: 524288 0x10B828: Vector::Vector(unsigned int) (vector.cpp:26)
  n1: 262144 0x10B88B: Vector::Vector(Vector const&) (vector.cpp:36)
   n1: 262144 0x10CD7B: void std::_Construct<Vector, Vector const&>(Vector*, Vector const&) (stl_construct.h:119)
    n1: 262144 0x10CCD4: Vector* std::__do_uninit_copy<Vector const*, Vector*>(Vector const*, Vector const*, Vector*) (stl_uninitialized.h:120)
     n1: 262144 0x10CC91: Vector* std::__uninitialized_copy<false>::__uninit_copy<Vector const*, Vector*>(Vector const*, Vector const*, Vector*) (stl_uninitialized.h:137)
      n1: 262144 0x10CC31: Vector* std::uninitialized_copy<Vector const*, Vector*>(Vector const*, Vector const*, Vector*) (stl_uninitialized.h:185)
       n1: 262144 0x10CAFA: Vector* std::__uninitialized_copy_a<Vector const*, Vector*, Vector>(Vector const*, Vector const*, Vector*, std::allocator<Vector>&) (stl_uninitialized.h:373)
        n1: 262144 0x10CA32: Vector* std::__uninitialized_move_if_noexcept_a<Vector*, Vector*, std::allocator<Vector> >(Vector*, Vector*, Vector*, std::allocator<Vector>&) (stl_uninitialized.h:399)
         n1: 262144 0x10C4F7: void std::vector<Vector, std::allocator<Vector> >::_M_realloc_insert<unsigned int&>(__gnu_cxx::__normal_iterator<Vector*, std::vector<Vector, std::allocator<Vector> > >, unsigned int&) (vector.tcc:493)
          n1: 262144 0x10C1EB: Vector& std::vector<Vector, std::allocator<Vector> >::emplace_back<unsigned int&>(unsigned int&) (vector.tcc:123)
           n1: 262144 0x10BCC5: Dataset::read(std::__cxx11::basic_string<char, std::char_traits<char>, std::allocator<char> > const&) (dataset.cpp:39)
            n0: 262144 0x10A7A3: main (pearson.cpp:17)
  n1: 260096 0x10C181: construct<Vector, unsigned int&> (new_allocator.h:191)
   n1: 260096 0x10C181: construct<Vector, unsigned int&> (alloc_traits.h:538)
    n1: 260096 0x10C181: Vector& std::vector<Vector, std::allocator<Vector> >::emplace_back<unsigned int&>(unsigned int&) (vector.tcc:117)
     n1: 260096 0x10BCC5: Dataset::read(std::__cxx11::basic_string<char, std::char_traits<char>, std::allocator<char> > const&) (dataset.cpp:39)
      n0: 260096 0x10A7A3: main (pearson.cpp:17)
  n0: 2048 in 1 place, below massif's threshold (1.00%)
 n1: 98304 0x10B58D: std::__new_allocator<double>::allocate(unsigned long, void const*) (new_allocator.h:151)
  n1: 98304 0x10B400: allocate (alloc_traits.h:482)
   n1: 98304 0x10B400: std::_Vector_base<double, std::allocator<double> >::_M_allocate(unsigned long) (stl_vector.h:381)
    n1: 98304 0x10D844: void std::vector<double, std::allocator<double> >::_M_realloc_insert<double const&>(__gnu_cxx::__normal_iterator<double*, std::vector<double, std::allocator<double> > >, double const&) (vector.tcc:459)
     n1: 98304 0x10D6D5: std::vector<double, std::allocator<double> >::push_back(double const&) (stl_vector.h:1292)
      n1: 98304 0x10CE69: Analysis::correlation_coefficients(std::vector<Vector, std::allocator<Vector> > const&) (analysis.cpp:21)
       n0: 98304 0x10A7D2: main (pearson.cpp:18)
 n1: 73728 0x491838E: ??? (in /usr/lib/x86_64-linux-gnu/libstdc++.so.6.0.33)
  n1: 73728 0x400571E: call_init.part.0 (dl-init.c:74)
   n1: 73728 0x4005823: call_init (dl-init.c:120)
    n1: 73728 0x4005823: _dl_init (dl-init.c:121)
     n1: 73728 0x401F59F: ??? (in /usr/lib/x86_64-linux-gnu/ld-linux-x86-64.so.2)
      n1: 73728 0x2: ???
       n1: 73728 0x1FFF00009E: ???
        n1: 73728 0x1FFF0000A8: ???
         n0: 73728 0x1FFF0000B6: ???
 n0: 4096 in 4 places, all below massif's threshold (1.00%)
#-----------
snapshot=66
#-----------
time=135562711
mem_heap_B=798720
mem_heap_extra_B=2080
mem_stacks_B=0
heap_tree=empty
#-----------
snapshot=67
#-----------
time=135628658
mem_heap_B=798720
mem_heap_extra_B=2080
mem_stacks_B=0
heap_tree=detailed
n4: 798720 (heap allocation functions) malloc/new/new[], --alloc-fns, etc.
 n3: 524288 0x10B828: Vector::Vector(unsigned int) (vector.cpp:26)
  n1: 262144 0x10B88B: Vector::Vector(Vector const&) (vector.cpp:36)
   n1: 262144 0x10CD7B: void std::_Construct<Vector, Vector const&>(Vector*, Vector const&) (stl_construct.h:119)
    n1: 262144 0x10CCD4: Vector* std::__do_uninit_copy<Vector const*, Vector*>(Vector const*, Vector const*, Vector*) (stl_uninitialized.h:120)
     n1: 262144 0x10CC91: Vector* std::__uninitialized_copy<false>::__uninit_copy<Vector const*, Vector*>(Vector const*, Vector const*, Vector*) (stl_uninitialized.h:137)
      n1: 262144 0x10CC31: Vector* std::uninitialized_copy<Vector const*, Vector*>(Vector const*, Vector const*, Vector*) (stl_uninitialized.h:185)
       n1: 262144 0x10CAFA: Vector* std::__uninitialized_copy_a<Vector const*, Vector*, Vector>(Vector const*, Vector const*, Vector*, std::allocator<Vector>&) (stl_uninitialized.h:373)
        n1: 262144 0x10CA32: Vector* std::__uninitialized_move_if_noexcept_a<Vector*, Vector*, std::allocator<Vector> >(Vector*, Vector*, Vector*, std::allocator<Vector>&) (stl_uninitialized.h:399)
         n1: 262144 0x10C4F7: void std::vector<Vector, std::allocator<Vector> >::_M_realloc_insert<unsigned int&>(__gnu_cxx::__normal_iterator<Vector*, std::vector<Vector, std::allocator<Vector> > >, unsigned int&) (vector.tcc:493)
          n1: 262144 0x10C1EB: Vector& std::vector<Vector, std::allocator<Vector> >::emplace_back<unsigned int&>(unsigned int&) (vector.tcc:123)
           n1: 262144 0x10BCC5: Dataset::read(std::__cxx11::basic_string<char, std::char_traits<char>, std::allocator<char> > const&) (dataset.cpp:39)
            n0: 262144 0x10A7A3: main (pearson.cpp:17)
  n1: 260096 0x10C181: construct<Vector, unsigned int&> (new_allocator.h:191)
   n1: 260096 0x10C181: construct<Vector, unsigned int&> (alloc_traits.h:538)
    n1: 260096 0x10C181: Vector& std::vector<Vector, std::allocator<Vector> >::emplace_back<unsigned int&>(unsigned int&) (vector.tcc:117)
     n1: 260096 0x10BCC5: Dataset::read(std::__cxx11::basic_string<char, std::char_traits<char>, std::allocator<char> > const&) (dataset.cpp:39)
      n0: 260096 0x10A7A3: main (pearson.cpp:17)
  n0: 2048 in 1 place, below massif's threshold (1.00%)
 n1: 196608 0x10B58D: std::__new_allocator<double>::allocate(unsigned long, void const*) (new_allocator.h:151)
  n1: 196608 0x10B400: allocate (alloc_traits.h:482)
   n1: 196608 0x10B400: std::_Vector_base<double, std::allocator<double> >::_M_allocate(unsigned long) (stl_vector.h:381)
    n1: 196608 0x10D844: void std::vector<double, std::allocator<double> >::_M_realloc_insert<double const&>(__gnu_cxx::__normal_iterator<double*, std::vector<double, std::allocator<double> > >, double const&) (vector.tcc:459)
     n1: 196608 0x10D6D5: std::vector<double, std::allocator<double> >::push_back(double const&) (stl_vector.h:1292)
      n1: 196608 0x10CE69: Analysis::correlation_coefficients(std::vector<Vector, std::allocator<Vector> > const&) (analysis.cpp:21)
       n0: 196608 0x10A7D2: main (pearson.cpp:18)
 n1: 73728 0x491838E: ??? (in /usr/lib/x86_64-linux-gnu/libstdc++.so.6.0.33)
  n1: 73728 0x400571E: call_init.part.0 (dl-init.c:74)
   n1: 73728 0x4005823: call_init (dl-init.c:120)
    n1: 73728 0x4005823: _dl_init (dl-init.c:121)
     n1: 73728 0x401F59F: ??? (in /usr/lib/x86_64-linux-gnu/ld-linux-x86-64.so.2)
      n1: 73728 0x2: ???
       n1: 73728 0x1FFF00009E: ???
        n1: 73728 0x1FFF0000A8: ???
         n0: 73728 0x1FFF0000B6: ???
 n0: 4096 in 4 places, all below massif's threshold (1.00%)
#-----------
snapshot=68
#-----------
time=215814439
mem_heap_B=995328
mem_heap_extra_B=2080
mem_stacks_B=0
heap_tree=empty
#-----------
snapshot=69
#-----------
time=215945890
mem_heap_B=995328
mem_heap_extra_B=2080
mem_stacks_B=0
heap_tree=detailed
n4: 995328 (heap allocation functions) malloc/new/new[], --alloc-fns, etc.
 n3: 524288 0x10B828: Vector::Vector(unsigned int) (vector.cpp:26)
  n1: 262144 0x10B88B: Vector::Vector(Vector const&) (vector.cpp:36)
   n1: 262144 0x10CD7B: void std::_Construct<Vector, Vector const&>(Vector*, Vector const&) (stl_construct.h:119)
    n1: 262144 0x10CCD4: Vector* std::__do_uninit_copy<Vector const*, Vector*>(Vector const*, Vector const*, Vector*) (stl_uninitialized.h:120)
     n1: 262144 0x10CC91: Vector* std::__uninitialized_copy<false>::__uninit_copy<Vector const*, Vector*>(Vector const*, Vector const*, Vector*) (stl_uninitialized.h:137)
      n1: 262144 0x10CC31: Vector* std::uninitialized_copy<Vector const*, Vector*>(Vector const*, Vector const*, Vector*) (stl_uninitialized.h:185)
       n1: 262144 0x10CAFA: Vector* std::__uninitialized_copy_a<Vector const*, Vector*, Vector>(Vector const*, Vector const*, Vector*, std::allocator<Vector>&) (stl_uninitialized.h:373)
        n1: 262144 0x10CA32: Vector* std::__uninitialized_move_if_noexcept_a<Vector*, Vector*, std::allocator<Vector> >(Vector*, Vector*, Vector*, std::allocator<Vector>&) (stl_uninitialized.h:399)
         n1: 262144 0x10C4F7: void std::vector<Vector, std::allocator<Vector> >::_M_realloc_insert<unsigned int&>(__gnu_cxx::__normal_iterator<Vector*, std::vector<Vector, std::allocator<Vector> > >, unsigned int&) (vector.tcc:493)
          n1: 262144 0x10C1EB: Vector& std::vector<Vector, std::allocator<Vector> >::emplace_back<unsigned int&>(unsigned int&) (vector.tcc:123)
           n1: 262144 0x10BCC5: Dataset::read(std::__cxx11::basic_string<char, std::char_traits<char>, std::allocator<char> > const&) (dataset.cpp:39)
            n0: 262144 0x10A7A3: main (pearson.cpp:17)
  n1: 260096 0x10C181: construct<Vector, unsigned int&> (new_allocator.h:191)
   n1: 260096 0x10C181: construct<Vector, unsigned int&> (alloc_traits.h:538)
    n1: 260096 0x10C181: Vector& std::vector<Vector, std::allocator<Vector> >::emplace_back<unsigned int&>(unsigned int&) (vector.tcc:117)
     n1: 260096 0x10BCC5: Dataset::read(std::__cxx11::basic_string<char, std::char_traits<char>, std::allocator<char> > const&) (dataset.cpp:39)
      n0: 260096 0x10A7A3: main (pearson.cpp:17)
  n0: 2048 in 1 place, below massif's threshold (1.00%)
 n1: 393216 0x10B58D: std::__new_allocator<double>::allocate(unsigned long, void const*) (new_allocator.h:151)
  n1: 393216 0x10B400: allocate (alloc_traits.h:482)
   n1: 393216 0x10B400: std::_Vector_base<double, std::allocator<double> >::_M_allocate(unsigned long) (stl_vector.h:381)
    n1: 393216 0x10D844: void std::vector<double, std::allocator<double> >::_M_realloc_insert<double const&>(__gnu_cxx::__normal_iterator<double*, std::vector<double, std::allocator<double> > >, double const&) (vector.tcc:459)
     n1: 393216 0x10D6D5: std::vector<double, std::allocator<double> >::push_back(double const&) (stl_vector.h:1292)
      n1: 393216 0x10CE69: Analysis::correlation_coefficients(std::vector<Vector, std::allocator<Vector> > const&) (analysis.cpp:21)
       n0: 393216 0x10A7D2: main (pearson.cpp:18)
 n1: 73728 0x491838E: ??? (in /usr/lib/x86_64-linux-gnu/libstdc++.so.6.0.33)
  n1: 73728 0x400571E: call_init.part.0 (dl-init.c:74)
   n1: 73728 0x4005823: call_init (dl-init.c:120)
    n1: 73728 0x4005823: _dl_init (dl-init.c:121)
     n1: 73728 0x401F59F: ??? (in /usr/lib/x86_64-linux-gnu/ld-linux-x86-64.so.2)
      n1: 73728 0x2: ???
       n1: 73728 0x1FFF00009E: ???
        n1: 73728 0x1FFF0000A8: ???
         n0: 73728 0x1FFF0000B6: ???
 n0: 4096 in 4 places, all below massif's threshold (1.00%)
#-----------
snapshot=70
#-----------
time=375059028
mem_heap_B=864278
mem_heap_extra_B=2090
mem_stacks_B=0
heap_tree=empty
#-----------
snapshot=71
#-----------
time=479416568
mem_heap_B=1134062
mem_heap_extra_B=2122
mem_stacks_B=0
heap_tree=peak
n4: 1134062 (heap allocation functions) malloc/new/new[], --alloc-fns, etc.
 n3: 524288 0x10B828: Vector::Vector(unsigned int) (vector.cpp:26)
  n1: 262144 0x10B88B: Vector::Vector(Vector const&) (vector.cpp:36)
   n1: 262144 0x10CD7B: void std::_Construct<Vector, Vector const&>(Vector*, Vector const&) (stl_construct.h:119)
    n1: 262144 0x10CCD4: Vector* std::__do_uninit_copy<Vector const*, Vector*>(Vector const*, Vector const*, Vector*) (stl_uninitialized.h:120)
     n1: 262144 0x10CC91: Vector* std::__uninitialized_copy<false>::__uninit_copy<Vector const*, Vector*>(Vector const*, Vector const*, Vector*) (stl_uninitialized.h:137)
      n1: 262144 0x10CC31: Vector* std::uninitialized_copy<Vector const*, Vector*>(Vector const*, Vector const*, Vector*) (stl_uninitialized.h:185)
       n1: 262144 0x10CAFA: Vector* std::__uninitialized_copy_a<Vector const*, Vector*, Vector>(Vector const*, Vector const*, Vector*, std::allocator<Vector>&) (stl_uninitialized.h:373)
        n1: 262144 0x10CA32: Vector* std::__uninitialized_move_if_noexcept_a<Vector*, Vector*, std::allocator<Vector> >(Vector*, Vector*, Vector*, std::allocator<Vector>&) (stl_uninitialized.h:399)
         n1: 262144 0x10C4F7: void std::vector<Vector, std::allocator<Vector> >::_M_realloc_insert<unsigned int&>(__gnu_cxx::__normal_iterator<Vector*, std::vector<Vector, std::allocator<Vector> > >, unsigned int&) (vector.tcc:493)
          n1: 262144 0x10C1EB: Vector& std::vector<Vector, std::allocator<Vector> >::emplace_back<unsigned int&>(unsigned int&) (vector.tcc:123)
           n1: 262144 0x10BCC5: Dataset::read(std::__cxx11::basic_string<char, std::char_traits<char>, std::allocator<char> > const&) (dataset.cpp:39)
            n0: 262144 0x10A7A3: main (pearson.cpp:17)
  n1: 260096 0x10C181: construct<Vector, unsigned int&> (new_allocator.h:191)
   n1: 260096 0x10C181: construct<Vector, unsigned int&> (alloc_traits.h:538)
    n1: 260096 0x10C181: Vector& std::vector<Vector, std::allocator<Vector> >::emplace_back<unsigned int&>(unsigned int&) (vector.tcc:117)
     n1: 260096 0x10BCC5: Dataset::read(std::__cxx11::basic_string<char, std::char_traits<char>, std::allocator<char> > const&) (dataset.cpp:39)
      n0: 260096 0x10A7A3: main (pearson.cpp:17)
  n0: 2048 in 1 place, below massif's threshold (1.00%)
 n1: 523264 0x10B58D: std::__new_allocator<double>::allocate(unsigned long, void const*) (new_allocator.h:151)
  n1: 523264 0x10B400: allocate (alloc_traits.h:482)
   n2: 523264 0x10B400: std::_Vector_base<double, std::allocator<double> >::_M_allocate(unsigned long) (stl_vector.h:381)
    n1: 262144 0x10D844: void std::vector<double, std::allocator<double> >::_M_realloc_insert<double const&>(__gnu_cxx::__normal_iterator<double*, std::vector<double, std::allocator<double> > >, double const&) (vector.tcc:459)
     n1: 262144 0x10D6D5: std::vector<double, std::allocator<double> >::push_back(double const&) (stl_vector.h:1292)
      n1: 262144 0x10CE69: Analysis::correlation_coefficients(std::vector<Vector, std::allocator<Vector> > const&) (analysis.cpp:21)
       n0: 262144 0x10A7D2: main (pearson.cpp:18)
    n1: 261120 0x10B29E: std::_Vector_base<double, std::allocator<double> >::_M_create_storage(unsigned long) (stl_vector.h:398)
     n1: 261120 0x10B030: std::_Vector_base<double, std::allocator<double> >::_Vector_base(unsigned long, std::allocator<double> const&) (stl_vector.h:335)
      n1: 261120 0x10AC26: std::vector<double, std::allocator<double> >::vector(std::vector<double, std::allocator<double> > const&) (stl_vector.h:603)
       n0: 261120 0x10A819: main (pearson.cpp:19)
 n1: 73728 0x491838E: ??? (in /usr/lib/x86_64-linux-gnu/libstdc++.so.6.0.33)
  n1: 73728 0x400571E: call_init.part.0 (dl-init.c:74)
   n1: 73728 0x4005823: call_init (dl-init.c:120)
    n1: 73728 0x4005823: _dl_init (dl-init.c:121)
     n1: 73728 0x401F59F: ??? (in /usr/lib/x86_64-linux-gnu/ld-linux-x86-64.so.2)
      n1: 73728 0x2: ???
       n1: 73728 0x1FFF00009E: ???
        n1: 73728 0x1FFF0000A8: ???
         n0: 73728 0x1FFF0000B6: ???
 n0: 12782 in 5 places, all below massif's threshold (1.00%)
